0.1922,
0.2946,
0.3989,
0.2083,
0.6082,
0.7085,
0.8130,
0.7209,
0.6198,
0.6205,
0.5177,
0.7228,
0.5194,
0.7242,
0.6224,
0.6209,
0.5174,
0.7269,
0.5193,
0.5192,
0.8327,
0.6257,
0.6246,
0.6249,
0.6246,
0.6209,
0.5127,
0.5135,
0.8265,
0.4138,
0.7187,
0.7164,
0.5151,
0.5143,
0.8268,
0.5182,
0.7234,
0.6263,
0.5202,
0.7291,
0.5210,
0.7306,
0.6248,
0.6226,
0.5198,
0.7293,
0.5205,
0.7293,
0.6272,
0.6262,
0.5201,
0.7302,
0.4150,
0.7266,
0.7270,
0.6252,
0.4133,
0.7237,
0.7212,
0.6177,
0.6171,
0.4142,
0.7215,
0.7213,
0.5198,
0.5194,
0.8322,
0.5206,
0.6487,
0.5452,
0.4366,
0.6421,
0.5382,
0.4086,
0.6168,
0.5149,
0.8432,
0.5120,
0.7227,
0.5159,
0.7262,
0.4179,
0.7245,
0.7272,
0.6250,
0.6230,
0.5193,
0.7230,
0.6232,
0.6212,
0.6207,
0.6215,
0.6230,
0.6268,
0.6270,
0.6242,
0.5207,
0.7298,
0.5206,
0.4205,
0.8347,
0.7307,
0.5203,
0.7256,
0.5151,
0.7257,
0.6213,
0.5193,
0.5193,
0.8214,
0.5119,
0.7198,
0.5112,
0.4142,
0.6202,
0.9282,
0.6238,
0.4154,
0.7304,
0.5180,
0.8320,
0.6245,
0.3148,
0.5277,
0.7352,
0.6287,
0.5268,
0.5239,
0.5236,
0.6223,
0.6227,
0.4179,
0.7266,
0.7261,
0.5190,
0.7284,
0.5204,
0.7276,
0.6262,
0.5215,
0.7321,
0.5186,
0.7281,
0.5194,
0.7302,
0.5163,
0.7253,
0.6238,
0.6200,
0.6200,
0.6186,
0.6213,
0.5151,
0.7255,
0.5178,
0.7265,
0.6239,
0.6246,
0.6264,
0.5236,
0.7299,
0.6289,
0.4158,
0.7303,
0.5152,
0.8289,
0.6161,
0.6149,
0.5131,
0.7264,
0.5194,
0.7268,
0.6253,
0.6252,
0.6250,
0.5147,
0.7188,
0.5159,
0.7249,
0.5174,
0.7268,
0.6268,
0.5229,
0.7330,
0.4543,
0.6633,
0.5577,
0.4512,
0.6601,
0.5195,
0.6598,
0.6210,
0.4135,
0.7231,
0.7243,
0.6196,
0.5191,
0.7243,
0.5213,
0.7264,
0.4165,
0.7319,
0.7271,
0.5180,
0.7239,
0.6187,
0.6175,
0.5143,
0.7200,
0.6183,
0.6191,
0.5150,
0.7285,
0.6210,
0.5170,
0.7236,
0.6194,
0.5108,
0.7257,
0.5181,
0.7244,
0.4169,
0.7240,
0.7282,
0.6248,
0.5221,
0.5212,
0.8329,
0.5199,
0.7264,
0.5129,
0.7180,
0.6150,
0.6128,
0.6131,
0.6164,
0.4108,
0.7208,
0.7238,
0.5171,
0.4147,
0.8280,
0.4175,
0.8308,
0.7301,
0.6285,
0.4539,
0.6643,
0.5587,
0.4514,
0.6598,
0.4118,
0.6563,
0.7265,
0.6202,
0.5181,
0.7266,
0.6232,
0.6233,
0.5197,
0.7256,
0.6244,
0.6233,
0.5214,
0.7311,
0.4156,
0.6256,
0.8292,
0.4113,
0.6213,
0.8285,
0.6220,
0.6186,
0.6227,
0.6243,
0.6237,
0.6265,
0.6243,
0.5228,
0.7331,
0.5233,
0.7317,
0.6242,
0.6256,
0.6259,
0.3612,
0.3603,
0.7760,
0.7748,
0.4148,
0.5687,
0.7750,
0.5146,
0.7208,
0.6162,
0.6162,
0.4114,
0.7183,
0.7225,
0.6261,
0.5220,
0.7307,
0.6286,
0.6253,
0.6225,
0.6223,
0.6220,
0.4145,
0.7236,
0.7207,
0.6216,
0.5144,
0.7232,
0.6177,
0.5183,
0.7229,
0.4139,
0.7254,
0.7279,
0.5227,
0.7322,
0.6287,
0.6284,
0.6279,
0.3886,
0.5986,
0.8041,
0.5912,
0.4870,
0.6963,
0.4149,
0.7257,
0.7226,
0.5182,
0.7237,
0.5131,
0.7218,
0.6125,
0.5115,
0.7177,
0.6195,
0.5152,
0.4169,
0.8295,
0.7250,
0.6208,
0.6211,
0.5172,
0.7256,
0.6206,
0.6232,
0.6239,
0.5164,
0.7224,
0.3044,
0.7185,
0.4073,
0.8198,
0.8189,
0.5162,
0.7179,
0.5182,
0.7218,
0.6206,
0.6235,
0.6206,
0.4182,
0.7298,
0.7267,
0.5157,
0.7257,
0.6216,
0.6214,
0.5183,
0.7211,
0.6231,
0.5199,
0.7265,
0.6209,
0.5201,
0.7242,
0.5184,
0.6341,
0.5303,
0.5303,
0.4256,
0.6324,
0.5171,
0.6304,
0.5143,
0.5153,
0.8227,
0.5129,
0.7213,
0.6175,
0.6178,
0.5142,
0.7184,
0.6168,
0.5122,
0.5150,
0.8240,
0.6220,
0.5166,
0.7230,
0.5121,
0.5111,
0.5070,
0.9259,
0.6156,
0.6162,
0.6209,
0.6235,
0.6233,
0.5190,
0.7240,
0.6170,
0.6167,
0.6157,
0.5108,
0.7212,
0.6204,
0.5202,
0.7303,
0.6263,
0.5227,
0.5223,
0.8382,
0.5192,
0.7253,
0.6205,
0.5168,
0.7270,
0.5174,
0.5214,
0.8295,
0.6231,
0.6253,
0.6216,
0.6226,
0.6216,
0.6191,
0.5154,
0.5156,
0.8271,
0.6191,
0.5171,
0.7228,
0.6171,
0.4133,
0.7251,
0.7221,
0.6175,
0.6185,
0.5178,
0.7277,
0.6232,
0.5232,
0.7139,
0.6100,
0.3968,
0.7119,
0.4998,
0.8143,
0.6215,
0.6211,
0.6232,
0.4141,
0.7264,
0.7289,
0.3106,
0.5147,
0.7235,
0.9309,
0.6224,
0.6197,
0.5224,
0.5198,
0.8281,
0.6219,
0.6184,
0.6161,
0.4119,
0.7211,
0.7237,
0.5171,
0.7243,
0.6268,
0.6250,
0.6249,
0.5207,
0.7271,
0.6245,
0.6245,
0.6232,
0.6239,
0.4158,
0.7280,
0.7289,
0.5757,
0.5755,
0.4710,
0.6797,
0.4695,
0.6794,
0.5175,
0.5147,
0.8213,
0.6155,
0.6170,
0.5151,
0.4158,
0.8221,
0.7223,
0.6208,
0.6229,
0.6190,
0.5170,
0.5147,
0.8226,
0.6164,
0.6166,
0.6199,
0.6219,
0.6243,
0.6256,
0.6260,
0.6232,
0.6243,
0.6241,
0.5223,
0.7309,
0.6282,
0.6302,
0.6298,
0.4422,
0.6516,
0.3329,
0.6476,
0.4383,
0.7522,
0.6213,
0.6218,
0.6208,
0.6166,
0.6138,
0.6102,
0.6106,
0.6077,
0.6076,
0.5088,
0.7161,
0.5135,
0.7203,
0.5210,
0.5211,
0.8278,
0.5164,
0.7199,
0.6167,
0.6166,
0.6169,
0.6190,
0.6186,
0.6198,
0.6210,
0.5160,
0.7256,
0.5217,
0.7247,
0.6265,
0.6247,
0.6253,
0.6206,
0.6195,
0.5174,
0.7244,
0.5123,
0.7220,
0.6186,
0.5143,
0.5167,
0.8258,
0.5131,
0.7188,
0.6177,
0.6168,
0.6146,
0.6187,
0.4165,
0.7282,
0.5226,
0.5253,
0.5203,
0.5193,
0.5191,
0.5224,
0.4135,
0.2064,
0.3144,
