0.2886,
0.3203,
0.4382,
0.5379,
0.2097,
0.2098,
0.4863,
0.5200,
0.3370,
0.5428,
0.2085,
0.3465,
0.3145,
0.3148,
0.4566,
0.3776,
0.3501,
0.3108,
0.1974,
0.5186,
0.4130,
0.4800,
0.1620,
0.1942,
0.1630,
0.3130,
0.5557,
0.4172,
0.1444,
0.3731,
0.2104,
0.2027,
0.2061,
0.3729,
0.4607,
0.5554,
0.6160,
0.2771,
0.4177,
0.4451,
0.4770,
0.4144,
0.5205,
0.3140,
0.3024,
0.2066,
0.4422,
0.4142,
0.3170,
0.2177,
0.4034,
0.1714,
0.5114,
0.3060,
0.4142,
0.3119,
0.4071,
0.3120,
0.4440,
0.3887,
0.5166,
0.2055,
0.3114,
0.2413,
0.4270,
0.4588,
0.4581,
0.2500,
0.2253,
0.2374,
0.5204,
0.2822,
0.4291,
0.6108,
0.5342,
0.5829,
0.1747,
0.2231,
0.3470,
0.2078,
0.5158,
0.3930,
0.2725,
0.4400,
0.4587,
0.4326,
0.4692,
0.2100,
0.4327,
0.5492,
0.5250,
0.4136,
0.3105,
0.3114,
0.1739,
0.2373,
0.2063,
0.1617,
0.2746,
0.3075,
0.5191,
0.2415,
0.5110,
0.1757,
0.1796,
0.3126,
0.4133,
0.1804,
0.5121,
0.1307,
0.4137,
0.5063,
0.4625,
0.1806,
0.3782,
0.4325,
0.4406,
0.2174,
0.4900,
0.2010,
0.4844,
0.2084,
0.2104,
0.2229,
0.2076,
0.2064,
0.4256,
0.4043,
0.3020,
0.2189,
0.4268,
0.4150,
0.4800,
0.2066,
0.3732,
0.4497,
0.5515,
0.5141,
0.3748,
0.4343,
0.6030,
0.3102,
0.5028,
0.1179,
0.2333,
0.3007,
0.2065,
0.4196,
0.4942,
0.4143,
0.4364,
0.3125,
0.4186,
0.4142,
0.2064,
0.3091,
0.4879,
0.2302,
0.4166,
0.4123,
0.4002,
0.1959,
0.5137,
0.5019,
0.1857,
0.3069,
0.4350,
0.1808,
0.2317,
0.1967,
0.5105,
0.3930,
0.3405,
0.4456,
0.5239,
0.1968,
0.5232,
0.1803,
0.1418,
0.4802,
0.3099,
0.4131,
0.5341,
0.4550,
0.4165,
0.2115,
0.5359,
0.3102,
0.3920,
0.4593,
0.3761,
0.1351,
0.3667,
0.5810,
0.2029,
0.4879,
0.1333,
0.3749,
0.4882,
0.3740,
