0.3913,
0.4803,
0.2173,
0.1893,
0.5097,
0.2577,
0.3072,
0.2621,
0.3057,
0.4077,
0.4129,
0.3104,
0.4089,
0.3079,
0.6197,
0.3160,
0.5130,
0.2161,
0.5134,
0.3130,
0.2062,
0.5130,
0.5135,
0.4193,
0.6163,
0.4174,
0.2022,
0.5218,
0.3509,
0.5184,
0.2704,
0.3110,
0.2096,
0.2399,
0.4141,
0.3747,
0.4167,
0.4101,
0.5111,
0.4141,
0.2059,
0.5167,
0.4087,
0.4184,
0.3009,
0.5304,
0.4560,
0.5103,
0.2773,
0.4112,
0.3065,
0.2869,
0.4388,
0.1449,
0.5170,
0.3639,
0.2786,
0.4020,
0.2257,
0.5521,
0.4139,
0.4143,
0.3081,
0.3083,
0.3150,
0.2091,
0.5110,
0.5163,
0.5132,
0.5091,
0.3140,
0.3079,
0.3112,
0.3079,
0.3104,
0.1843,
0.5404,
0.3111,
0.5195,
0.4101,
0.3131,
0.4162,
0.3114,
0.1790,
0.4383,
0.3108,
0.2082,
0.2935,
0.3862,
0.1495,
0.2686,
0.4133,
0.3538,
0.5135,
0.5134,
0.3110,
0.3107,
0.3117,
0.2049,
0.2082,
0.4133,
0.1865,
0.5407,
0.1586,
0.3148,
0.4583,
0.5158,
0.5182,
0.5139,
0.3056,
0.3151,
0.3105,
0.3081,
0.2129,
0.5075,
0.2050,
0.3093,
0.5156,
0.4126,
0.4127,
0.4131,
0.3203,
0.5120,
0.2170,
0.4012,
0.2064,
0.3975,
0.5299,
0.1524,
0.2091,
0.2151,
0.1993,
0.5604,
0.2103,
0.2094,
0.4144,
0.2152,
0.5166,
0.4201,
0.3105,
0.4268,
0.6094,
0.3221,
0.5048,
0.3128,
0.3094,
0.4160,
0.4182,
0.2170,
0.1967,
0.5169,
0.4625,
0.5043,
0.2243,
0.4663,
0.4110,
0.3115,
0.2205,
0.4015,
0.3148,
0.4957,
0.3098,
0.5173,
0.4124,
0.4143,
0.3060,
0.3598,
0.5123,
0.2115,
0.5734,
0.3079,
0.3039,
0.2218,
0.5119,
0.2040,
0.4051,
0.5282,
0.4407,
0.5203,
0.3852,
0.5134,
0.4163,
0.3064,
0.3295,
0.4978,
0.5176,
0.5176,
0.3309,
0.4972,
0.2026,
0.3961,
0.5351,
0.2556,
0.3884,
0.4856,
0.5137,
0.5210,
0.2801,
0.2400,
0.4750,
