0.1939,
0.2952,
0.4589,
0.4997,
0.6031,
0.6693,
0.7722,
0.8069,
0.7178,
0.6844,
0.5851,
0.5160,
0.7656,
0.5196,
0.7267,
0.6249,
0.6229,
0.6260,
0.6254,
0.5168,
0.7262,
0.6266,
0.5891,
0.6598,
0.6223,
0.3824,
0.7270,
0.6168,
0.7505,
0.5174,
0.7249,
0.5128,
0.7179,
0.6208,
0.5922,
0.6488,
0.6219,
0.6198,
0.6158,
0.6165,
0.5412,
0.4789,
0.4802,
0.8240,
0.7522,
0.4819,
0.6118,
0.4475,
0.8511,
0.4804,
0.7886,
0.4501,
0.7608,
0.5159,
0.7870,
0.6256,
0.5607,
0.6886,
0.6243,
0.3582,
0.7347,
0.6878,
0.7285,
0.6249,
0.5664,
0.6834,
0.6215,
0.6220,
0.5597,
0.6806,
0.4716,
0.3499,
0.7196,
0.8298,
0.5788,
0.7640,
0.5563,
0.6863,
0.6275,
0.3461,
0.4104,
0.7951,
0.7961,
0.4454,
0.6143,
0.9346,
0.6215,
0.6119,
0.4375,
0.6207,
0.7976,
0.6155,
0.5416,
0.4960,
0.8034,
0.5181,
0.5444,
0.8334,
0.5445,
0.4405,
0.7047,
0.5170,
0.7252,
0.5122,
0.7017,
0.5292,
0.4288,
0.5983,
0.7182,
0.5110,
0.6271,
0.5110,
0.5157,
0.6293,
0.3070,
0.5082,
0.4165,
0.8172,
0.7321,
0.6188,
0.6164,
0.5205,
0.6194,
0.4125,
0.5196,
0.5228,
0.8265,
0.5166,
0.4127,
0.6203,
0.7229,
0.3141,
0.6240,
0.6204,
0.6217,
0.9296,
0.4172,
0.6205,
0.6213,
0.9317,
0.7231,
0.7243,
0.7254,
0.7224,
0.7256,
0.6239,
0.8209,
0.6260,
0.6261,
0.4068,
0.5232,
0.5286,
0.8214,
0.4166,
0.5297,
0.7125,
0.4248,
0.6230,
0.5000,
0.4273,
0.7279,
0.6055,
0.5196,
0.5338,
0.6032,
0.5196,
0.5382,
0.5998,
0.4936,
0.5405,
0.7260,
0.5086,
0.5871,
0.7294,
0.5422,
0.6890,
0.6102,
0.4486,
0.7258,
0.6801,
0.6118,
0.5228,
0.5556,
0.7786,
0.6132,
0.4620,
0.7220,
0.4638,
0.7767,
0.6629,
0.6130,
0.6187,
0.4099,
0.6088,
0.6130,
0.8210,
0.5721,
0.6613,
0.6208,
0.5189,
0.7220,
0.5193,
0.7272,
0.6237,
0.5773,
0.6644,
0.4104,
0.6204,
0.7823,
0.5133,
0.7664,
0.5180,
0.7252,
0.6175,
0.6177,
0.5145,
0.7236,
0.6171,
0.6152,
0.5120,
0.5791,
0.7581,
0.5550,
0.6861,
0.5837,
0.6589,
0.6241,
0.6225,
0.6216,
0.6244,
0.4515,
0.6862,
0.7202,
0.6244,
0.5617,
0.6791,
0.4084,
0.6650,
0.6236,
0.7804,
0.5725,
0.5150,
0.7703,
0.5204,
0.7250,
0.6210,
0.4660,
0.6764,
0.4696,
0.6245,
0.5637,
0.9282,
0.5678,
0.6685,
0.6200,
0.6179,
0.6130,
0.6204,
0.5745,
0.6708,
0.6197,
0.6209,
0.6162,
0.6215,
0.6224,
0.6198,
0.4122,
0.6702,
0.7276,
0.6700,
0.3074,
0.6719,
0.6194,
0.7698,
0.7193,
0.5105,
0.5660,
0.7703,
0.6179,
0.4644,
0.7188,
0.6648,
0.4627,
0.4626,
0.7744,
0.7697,
0.6184,
0.4717,
0.7236,
0.5185,
0.7771,
0.6213,
0.6213,
0.6202,
0.5630,
0.6741,
0.6229,
0.4590,
0.7205,
0.3096,
0.7774,
0.6688,
0.6246,
0.7799,
0.5759,
0.6692,
0.5676,
0.4660,
0.7778,
0.5115,
0.7715,
0.6192,
0.6177,
0.6161,
0.6178,
0.5165,
0.7218,
0.5149,
0.7250,
0.5117,
0.7181,
0.6207,
0.4641,
0.6650,
0.7173,
0.5174,
0.5710,
0.7663,
0.6150,
0.3068,
0.7245,
0.6197,
0.7689,
0.6776,
0.5757,
0.6634,
0.5620,
0.6812,
0.6213,
0.5173,
0.5645,
0.7794,
0.6212,
0.6236,
0.4582,
0.4712,
0.7856,
0.7692,
0.5673,
0.6749,
0.5723,
0.6694,
0.6245,
0.5151,
0.7242,
0.4633,
0.7237,
0.6752,
0.4146,
0.5155,
0.7225,
0.5198,
0.9381,
0.6173,
0.6176,
0.3757,
0.5821,
0.4557,
0.8766,
0.8400,
0.5854,
0.6666,
0.5618,
0.6892,
0.5827,
0.6643,
0.6279,
0.6139,
0.4116,
0.5183,
0.7650,
0.7822,
0.5729,
0.7214,
0.5629,
0.7191,
0.5707,
0.5752,
0.7710,
0.6673,
0.5174,
0.7207,
0.4625,
0.7270,
0.5155,
0.7825,
0.3634,
0.7278,
0.6727,
0.7189,
0.6248,
0.4666,
0.4621,
0.7197,
0.8769,
0.6216,
0.6768,
0.6199,
0.6626,
0.5708,
0.7188,
0.5135,
0.7226,
0.5121,
0.7180,
0.3628,
0.6280,
0.7769,
0.7191,
0.6300,
0.6305,
0.6186,
0.5674,
0.5190,
0.7790,
0.6218,
0.4181,
0.5110,
0.7825,
0.7739,
0.5640,
0.5163,
0.7849,
0.6201,
0.4094,
0.6736,
0.7277,
0.6630,
0.6150,
0.6255,
0.4191,
0.6117,
0.7576,
0.6824,
0.4816,
0.6197,
0.7643,
0.5169,
0.7264,
0.6249,
0.4153,
0.6914,
0.6167,
0.7624,
0.6252,
0.6167,
0.5801,
0.6605,
0.4533,
0.6856,
0.7209,
0.5144,
0.7214,
0.6175,
0.6171,
0.6175,
0.5529,
0.6794,
0.4136,
0.5159,
0.7617,
0.7819,
0.6206,
0.6220,
0.5627,
0.4768,
0.7897,
0.3554,
0.6243,
0.8332,
0.5816,
0.5783,
0.5616,
0.9790,
0.6219,
0.4120,
0.7243,
0.4583,
0.7212,
0.8878,
0.6235,
0.5632,
0.6775,
0.5760,
0.5177,
0.7659,
0.6198,
0.6180,
0.5154,
0.7216,
0.5156,
0.4710,
0.7725,
0.5672,
0.7777,
0.6191,
0.6198,
0.4143,
0.6202,
0.6205,
0.8302,
0.6193,
0.6205,
0.5723,
0.6758,
0.6259,
0.6234,
0.6245,
0.6298,
0.6322,
0.5248,
0.7331,
0.4697,
0.7295,
0.5211,
0.7820,
0.5140,
0.7239,
0.5205,
0.7280,
0.4656,
0.6224,
0.7781,
0.6198,
0.5182,
0.7237,
0.4618,
0.4584,
0.7719,
0.7712,
0.5102,
0.4614,
0.7740,
0.5736,
0.7716,
0.5655,
0.4714,
0.7805,
0.6688,
0.6198,
0.5159,
0.7258,
0.3571,
0.7239,
0.6788,
0.7241,
0.6168,
0.6183,
0.6214,
0.5774,
0.6610,
0.6160,
0.5230,
0.7279,
0.6226,
0.5631,
0.4851,
0.7931,
0.6643,
0.6246,
0.5204,
0.7259,
0.6186,
0.5504,
0.6815,
0.5758,
0.6566,
0.5505,
0.3659,
0.7799,
0.6580,
0.7229,
0.5152,
0.7192,
0.4583,
0.6171,
0.4688,
0.8805,
0.6579,
0.6136,
0.6142,
0.5696,
0.5112,
0.7598,
0.6157,
0.6187,
0.4566,
0.4576,
0.7852,
0.7874,
0.6235,
0.5600,
0.6872,
0.5807,
0.5159,
0.7649,
0.6218,
0.6215,
0.4471,
0.4144,
0.7888,
0.7916,
0.6573,
0.4158,
0.6276,
0.7952,
0.4467,
0.7606,
0.5211,
0.7988,
0.6210,
0.5471,
0.6948,
0.6261,
0.4417,
0.6160,
0.8057,
0.4128,
0.6191,
0.4181,
0.7500,
0.5170,
0.7257,
0.5143,
0.6243,
0.6233,
0.4911,
0.6119,
0.7266,
0.4170,
0.6127,
0.7931,
0.6470,
0.6206,
0.5104,
0.7133,
0.6141,
0.6129,
0.6150,
0.6135,
0.6188,
0.3114,
0.6773,
0.4058,
0.6556,
0.8595,
0.7854,
0.6133,
0.5153,
0.7204,
0.5143,
0.5720,
0.7650,
0.5581,
0.6776,
0.6204,
0.6175,
0.5609,
0.5155,
0.7812,
0.6178,
0.6189,
0.3668,
0.5743,
0.4591,
0.8679,
0.8207,
0.5739,
0.4553,
0.7656,
0.6734,
0.6183,
0.6174,
0.6179,
0.6200,
0.5761,
0.6636,
0.6208,
0.6202,
0.5725,
0.5230,
0.7726,
0.6208,
0.5725,
0.5208,
0.7749,
0.4631,
0.6180,
0.5217,
0.8841,
0.5163,
0.7207,
0.5185,
0.7281,
0.6203,
0.6219,
0.4732,
0.7306,
0.5151,
0.7665,
0.5252,
0.7357,
0.4549,
0.6189,
0.7920,
0.4154,
0.5209,
0.7292,
0.8289,
0.6189,
0.6264,
0.6251,
0.4818,
0.7270,
0.6539,
0.4467,
0.6839,
0.7279,
0.4457,
0.7201,
0.6844,
0.6197,
0.6232,
0.5541,
0.6939,
0.4825,
0.6572,
0.7290,
0.5180,
0.7281,
0.5196,
0.7234,
0.5231,
0.5890,
0.7608,
0.6173,
0.6224,
0.6193,
0.5159,
0.4440,
0.7904,
0.7193,
0.6190,
0.5524,
0.6909,
0.6225,
0.6248,
0.5527,
0.5239,
0.4866,
0.8281,
0.7216,
0.5199,
0.7303,
0.6177,
0.5468,
0.6936,
0.6158,
0.6249,
0.5508,
0.6920,
0.4827,
0.6543,
0.7291,
0.6192,
0.6219,
0.6233,
0.6258,
0.5200,
0.7282,
0.6243,
0.6263,
0.4800,
0.7277,
0.6600,
0.5565,
0.4759,
0.6176,
0.3135,
0.6211,
0.6195,
0.6177,
0.4584,
0.1491,
0.5227,
0.3106,
0.2676,
0.4709,
0.2063,
0.2081,
