0.2367,
0.4631,
0.3086,
0.5673,
0.5956,
0.2076,
0.3103,
0.4380,
0.3081,
0.4873,
0.4422,
0.2086,
0.1758,
0.4715,
0.4120,
0.1323,
0.3120,
0.2213,
0.3980,
0.4277,
0.5805,
0.4132,
0.2315,
0.4134,
0.2167,
0.3362,
0.2657,
0.3307,
0.2655,
0.4202,
0.2206,
0.4140,
0.4398,
0.3147,
0.5144,
0.5186,
0.2886,
0.2960,
0.3078,
0.5166,
0.5533,
0.2696,
0.4064,
0.3480,
0.3874,
0.2318,
0.4143,
0.3954,
0.4327,
0.2098,
0.2094,
0.3147,
0.5002,
0.3321,
0.3959,
0.5030,
0.5164,
0.3350,
0.4265,
0.1830,
0.1983,
0.2864,
0.4380,
0.4174,
0.3308,
0.4949,
0.2246,
0.3202,
0.2904,
0.3343,
0.3953,
0.4047,
0.3263,
0.5164,
0.3115,
0.5544,
0.1665,
0.5992,
0.6171,
0.6154,
0.2460,
0.4942,
0.3958,
0.4589,
0.4959,
0.2020,
0.2709,
0.4308,
0.2984,
0.2197,
0.4569,
0.1953,
0.1780,
0.3107,
0.4147,
0.3034,
0.4284,
0.2252,
0.4154,
0.1894,
0.4106,
0.4119,
0.3417,
0.2946,
0.3108,
0.2757,
0.2185,
0.4505,
0.2032,
0.4114,
0.4023,
0.3867,
0.2516,
0.2042,
0.3061,
0.2384,
0.2631,
0.2234,
0.4121,
0.4198,
0.5130,
0.2059,
0.4173,
0.2663,
0.5201,
0.4131,
0.3084,
0.1330,
0.2846,
0.4341,
0.3610,
0.2583,
0.2097,
0.3120,
0.3111,
0.5399,
0.2045,
0.4937,
0.4166,
0.5156,
0.3863,
0.4625,
0.3914,
0.3064,
0.5733,
0.4696,
0.4277,
0.6037,
0.3763,
0.3506,
0.5142,
0.5270,
0.6050,
0.4293,
0.5160,
0.1910,
0.1644,
0.3081,
0.2180,
0.1461,
0.5039,
0.3077,
0.2092,
0.4146,
0.3208,
0.3048,
0.5194,
0.4123,
0.3968,
0.3130,
0.4122,
0.2218,
0.4097,
0.2087,
0.1691,
0.3426,
0.2573,
0.5218,
0.3459,
0.4136,
0.2248,
0.2920,
0.2770,
0.2328,
0.4162,
0.2244,
0.4312,
0.3747,
0.4299,
0.5007,
0.2227,
0.5897,
0.5341,
0.4284,
0.2289,
0.3230,
0.3189,
0.4114,
0.4750,
0.3782,
0.5991,
0.6084,
0.4316,
0.3300,
0.2918,
0.4341,
0.3089,
0.5145,
0.2060,
0.5030,
0.6352,
0.5156,
0.2153,
0.5040,
0.5028,
0.4118,
0.4141,
0.2983,
0.3192,
0.5228,
0.4055,
0.2028,
0.4192,
0.5129,
0.4195,
0.4203,
0.7208,
0.4222,
0.3153,
0.2987,
0.4176,
0.4294,
0.3971,
0.2065,
0.3240,
0.3898,
0.4066,
0.4940,
0.4940,
0.2338,
0.2345,
0.5448,
0.3148,
0.2843,
0.5192,
0.2829,
0.4154,
0.3379,
0.2064,
0.2849,
0.5208,
0.3101,
0.3362,
0.4123,
0.2825,
0.5152,
0.5221,
0.3406,
0.3120,
0.4159,
0.2383,
0.4128,
0.5894,
0.4152,
0.2375,
0.4165,
0.5932,
0.2799,
0.5164,
0.3378,
0.6220,
0.4166,
0.3895,
0.4467,
0.3401,
0.6249,
0.3891,
0.5244,
0.2359,
0.4178,
0.6020,
0.5212,
0.2280,
0.5138,
0.4937,
0.2260,
0.3053,
0.5129,
0.4087,
0.2897,
0.5335,
0.2067,
0.3073,
0.5936,
0.4164,
0.1341,
0.5235,
0.4440,
0.3117,
0.4854,
0.3765,
0.3085,
0.3456,
0.3099,
0.6172,
0.5187,
0.3789,
0.2771,
0.4111,
0.3413,
0.3058,
0.1750,
0.3830,
0.3148,
0.5474,
0.3414,
0.5172,
0.5405,
0.5909,
0.5913,
0.2299,
0.5371,
0.4942,
0.2915,
0.4322,
0.3071,
0.2023,
0.4160,
0.2062,
0.4249,
0.1902,
0.3959,
0.2891,
0.3227,
0.6096,
0.3246,
0.3256,
0.4085,
0.4165,
0.5182,
0.2082,
0.5163,
0.4060,
0.4109,
0.5164,
0.4091,
0.4118,
0.4142,
0.4281,
0.5109,
0.4054,
0.4028,
0.4133,
0.3232,
0.5306,
0.4130,
0.4011,
0.3120,
0.3118,
0.3112,
0.1182,
0.4293,
0.4125,
0.6056,
0.3132,
0.5220,
0.3292,
0.2935,
0.6080,
0.3090,
0.3110,
0.2082,
0.4145,
0.3952,
0.3132,
0.3253,
0.1885,
0.3894,
0.4303,
0.6345,
0.3064,
0.2261,
0.2300,
0.5235,
0.2074,
0.6238,
0.6050,
0.2077,
0.5159,
0.5175,
0.2893,
0.5135,
0.2317,
0.6215,
0.5161,
0.2850,
0.1301,
0.3128,
0.4922,
0.3301,
