0.2183,
0.2186,
0.2758,
0.3242,
0.4265,
0.4804,
0.5318,
0.5899,
0.6323,
0.3100,
0.6907,
0.7372,
0.8370,
0.4211,
0.7272,
0.5733,
0.7720,
0.6215,
0.9926,
0.7263,
0.7213,
0.7276,
0.7732,
0.8318,
0.7659,
0.8273,
1.0001,
0.8771,
0.8243,
0.8683,
0.8668,
1.1364,
0.8876,
0.7204,
1.0339,
0.7258,
0.9886,
0.7250,
0.5787,
0.7209,
0.5829,
0.9258,
0.5530,
0.6829,
0.5103,
0.7847,
0.7842,
0.7829,
0.6801,
0.7201,
0.9270,
0.7869,
0.6155,
0.8245,
0.8227,
0.8319,
0.7939,
0.8326,
0.7575,
0.4536,
0.8224,
0.8287,
0.7281,
0.8640,
0.5121,
0.8229,
0.7175,
0.8287,
0.7181,
0.5126,
0.4540,
0.7637,
0.8354,
0.7717,
0.6719,
0.7185,
0.5568,
0.7101,
0.8293,
0.6268,
0.7768,
0.6751,
0.6755,
0.9277,
0.6101,
0.7201,
0.9282,
0.6782,
0.9365,
0.7788,
1.0357,
1.1434,
0.9846,
0.9194,
1.1360,
0.7242,
0.9322,
1.0780,
1.0364,
0.8735,
1.0830,
0.8916,
0.8814,
0.7260,
0.8652,
0.6155,
0.9251,
0.9409,
0.9293,
0.7675,
0.9319,
0.5249,
0.5493,
0.7678,
0.9444,
0.8568,
0.5900,
0.7229,
0.9295,
0.4742,
0.5595,
0.6689,
0.8294,
0.7974,
0.7658,
0.5175,
0.7224,
0.4141,
0.7566,
0.6777,
0.7961,
0.5687,
0.6594,
0.7171,
0.5018,
0.7197,
0.5712,
0.4827,
0.7543,
0.8144,
0.7949,
0.6706,
0.6258,
0.5121,
0.7371,
0.9273,
0.7232,
0.6464,
0.7603,
0.7352,
0.7931,
0.7987,
0.6066,
0.7702,
0.8494,
0.7251,
0.7732,
0.5693,
0.7466,
0.7187,
0.9063,
0.8292,
0.7428,
0.5241,
0.7464,
0.7326,
0.6420,
0.8693,
0.7600,
0.8963,
0.8872,
0.7515,
0.7218,
1.0075,
0.7167,
0.8367,
0.9099,
0.8025,
0.5268,
0.8027,
0.8028,
0.6197,
0.8047,
0.6241,
0.5922,
0.5031,
0.9194,
0.7192,
0.9138,
0.6372,
0.9525,
1.1037,
0.9559,
0.7753,
0.6234,
0.7769,
0.8829,
0.8272,
0.6626,
0.7888,
0.7280,
0.7368,
0.5151,
0.7041,
0.8283,
0.7814,
0.6592,
0.8935,
0.6263,
0.7519,
0.7672,
0.9935,
0.7805,
0.8336,
0.5209,
0.7932,
0.6676,
0.6168,
0.8909,
0.9690,
0.8160,
0.6121,
0.8231,
0.6510,
0.8903,
0.6507,
0.7613,
0.8254,
0.6640,
0.7209,
0.6327,
0.9873,
0.6483,
1.0324,
0.7312,
0.5935,
0.7970,
0.7661,
0.6768,
0.8346,
0.5848,
0.7146,
0.4144,
0.4519,
0.7888,
0.7120,
0.8329,
0.8299,
0.5803,
0.5649,
0.8126,
0.6220,
0.8290,
0.7234,
0.8674,
0.7241,
0.7091,
0.7133,
0.7876,
0.7162,
0.7247,
0.9826,
0.7246,
0.7255,
0.6689,
0.6131,
0.8188,
0.7889,
0.6665,
0.5617,
0.6665,
0.9382,
0.6236,
0.6186,
0.6767,
0.8773,
0.8755,
0.7300,
0.6103,
0.6267,
0.8283,
0.7247,
0.6096,
0.7285,
0.6212,
0.7709,
0.6186,
0.7247,
0.6227,
0.6813,
0.9826,
0.7844,
0.7893,
0.7288,
0.8811,
0.9891,
0.6159,
0.9308,
0.8786,
0.7257,
0.8896,
1.0372,
0.7769,
0.6627,
0.6198,
0.8150,
0.6241,
0.6679,
0.7244,
0.4125,
0.7259,
0.6621,
0.5215,
0.5782,
0.5766,
0.9947,
1.0801,
1.0374,
0.7190,
1.0250,
0.8801,
0.8186,
0.6829,
0.7247,
0.7259,
0.9262,
0.6159,
0.7611,
0.5158,
0.5167,
0.7693,
0.5538,
0.7821,
0.5552,
0.6184,
0.9228,
0.6338,
0.9312,
0.8709,
0.8255,
0.8148,
0.7996,
0.5118,
0.7220,
0.9304,
0.8465,
0.7202,
0.7501,
0.8000,
0.5699,
0.9798,
0.7444,
0.8026,
1.0317,
0.8233,
1.0319,
0.7212,
0.8488,
0.6935,
0.7917,
1.1323,
0.7975,
1.0290,
0.8264,
0.6904,
0.8481,
0.8737,
0.6941,
0.8966,
0.7968,
0.5939,
0.5149,
0.6925,
0.9564,
0.9293,
0.9934,
0.7629,
0.7444,
0.7197,
0.9342,
0.6584,
0.9681,
0.7356,
0.7591,
0.7355,
0.7265,
0.9936,
0.8280,
0.7829,
0.6153,
0.6623,
0.9070,
0.6598,
0.9321,
0.8203,
0.7131,
0.6196,
0.8199,
0.7326,
0.6539,
0.7248,
0.4559,
0.7885,
0.9283,
0.7804,
0.9278,
0.6145,
0.9334,
0.8769,
0.9257,
0.8773,
0.6601,
0.9306,
1.0371,
0.9894,
0.8760,
0.8348,
0.8969,
0.7895,
0.9935,
0.9767,
0.7923,
0.9774,
1.0020,
0.8711,
0.6662,
0.8939,
0.9183,
0.7263,
0.9860,
0.6143,
0.8757,
0.7955,
0.7301,
0.7261,
1.0853,
0.9342,
0.8673,
0.9335,
0.8805,
0.8314,
0.7242,
1.0726,
0.6925,
0.9173,
1.0883,
1.0348,
0.8163,
0.9726,
0.8271,
0.8297,
0.9852,
0.8806,
0.8946,
0.5722,
0.9286,
0.8306,
0.9664,
0.8761,
0.6895,
0.6145,
0.8738,
0.6872,
0.8421,
0.7172,
0.5330,
0.6234,
0.4619,
0.8291,
0.7653,
0.6161,
0.5794,
0.6237,
0.3105,
0.2694,
0.3397,
0.5539,
0.7216,
0.6272,
0.4966,
0.6253,
0.6192,
0.6642,
0.8292,
0.7544,
0.5900,
0.7942,
1.0032,
0.9243,
1.0751,
0.9520,
0.9523,
0.9271,
1.0966,
0.7510,
0.8964,
1.1071,
0.8549,
1.1315,
0.8961,
0.9302,
0.8921,
0.7223,
0.9314,
0.7234,
0.6479,
0.9066,
0.6246,
0.7154,
0.9370,
0.6250,
0.8199,
0.5943,
0.7357,
0.8602,
0.5226,
0.5178,
0.5216,
0.8027,
0.5953,
0.9432,
0.7591,
0.7497,
0.7494,
0.8620,
0.5415,
0.8173,
0.9363,
1.0175,
0.8207,
1.0626,
1.1125,
0.8531,
0.9014,
0.6253,
0.9332,
0.7019,
0.9334,
0.9164,
0.6217,
0.5861,
1.0205,
0.9198,
0.8252,
0.7259,
0.8504,
0.6838,
0.5371,
0.8900,
0.8173,
0.6103,
0.9008,
0.5278,
0.7585,
0.5491,
0.5997,
0.8275,
0.8976,
0.5601,
0.8049,
0.9348,
0.6457,
0.8717,
0.7385,
0.8135,
0.8938,
0.7234,
0.9095,
0.8436,
0.7900,
0.6191,
0.9239,
0.7420,
0.7210,
0.9470,
0.6358,
0.5970,
0.8613,
1.0519,
0.9540,
0.8330,
0.8322,
0.7469,
0.6829,
0.8757,
0.9001,
1.1249,
0.8558,
0.8152,
0.8809,
0.8373,
0.7059,
0.7223,
0.9122,
0.6232,
0.7668,
0.5584,
0.5546,
0.8400,
0.8036,
0.5793,
0.5559,
0.4262,
0.7852,
0.7002,
0.6814,
0.5783,
0.7208,
0.6382,
0.8614,
0.6203,
0.6443,
0.9314,
0.6614,
0.7851,
1.0270,
0.7681,
0.7465,
0.7183,
0.8236,
0.7866,
0.9068,
0.8995,
0.7011,
0.8028,
0.9256,
0.7268,
0.6221,
0.6266,
1.0396,
0.9262,
0.6440,
0.7846,
0.6620,
1.0394,
0.6657,
0.8245,
1.0449,
1.0576,
0.8916,
1.0156,
0.8345,
0.6237,
0.9464,
0.9065,
0.9328,
0.8239,
0.7892,
0.7670,
0.5198,
0.6351,
0.8746,
0.6119,
0.8853,
0.8888,
0.8155,
0.7566,
0.5132,
0.7644,
0.8184,
0.6087,
0.8472,
0.7228,
0.6503,
0.7278,
0.8371,
0.7633,
0.7286,
0.7191,
0.6224,
0.8286,
0.6823,
0.6608,
0.5176,
0.6290,
0.8485,
0.8920,
0.6895,
0.5879,
0.7193,
0.7603,
0.6220,
0.8133,
0.7923,
0.8062,
0.7947,
0.9259,
0.7485,
0.9348,
0.9672,
0.9314,
0.8312,
1.0975,
0.7476,
0.9283,
1.2146,
0.8960,
1.2472,
0.9303,
0.9343,
1.2693,
1.0053,
0.9349,
1.1403,
0.9302,
1.0695,
1.0329,
0.9639,
0.8971,
0.7245,
0.9305,
1.1390,
0.8963,
0.8285,
1.0380,
0.8373,
0.6474,
0.8344,
0.8346,
0.5901,
0.8009,
0.7162,
0.8268,
0.5438,
0.5443,
0.8247,
0.5182,
0.3388,
0.6493,
0.4879,
0.7267,
0.8052,
0.5897,
0.7507,
0.9260,
0.6280,
0.8581,
0.7129,
0.7302,
0.8257,
0.5180,
0.6614,
0.7235,
0.9397,
0.7244,
0.7236,
0.9418,
0.8289,
0.7988,
0.7357,
0.7956,
0.7353,
0.5159,
0.8174,
0.9285,
0.8297,
0.6273,
0.8344,
0.7247,
0.7192,
0.7492,
0.8227,
0.8186,
0.8154,
0.8270,
0.8511,
1.1625,
0.6996,
1.0232,
1.0004,
1.0036,
0.8970,
1.1238,
0.8622,
1.0672,
0.8345,
1.1036,
0.8115,
0.9340,
1.2048,
0.9342,
0.9557,
0.6146,
1.0119,
0.9675,
0.9279,
1.0232,
0.6642,
0.7273,
1.0364,
1.0578,
0.9193,
0.7285,
0.7287,
0.8655,
1.1383,
1.1303,
0.8754,
0.8300,
0.9764,
0.8303,
0.8306,
0.8322,
0.8160,
0.9318,
0.8733,
0.6647,
0.8359,
0.9458,
0.9252,
0.7994,
0.6798,
1.0067,
1.0159,
0.7200,
1.0291,
0.9437,
0.7611,
0.8880,
0.7630,
0.9266,
0.8261,
0.6480,
0.7243,
0.8227,
0.5782,
0.5928,
0.7954,
0.6700,
0.7313,
0.5104,
0.7781,
0.6255,
0.7347,
0.9450,
1.1324,
0.9631,
0.9770,
0.9315,
0.9577,
0.8501,
0.8223,
1.0604,
0.7373,
0.9231,
0.9242,
0.7384,
0.8760,
1.0317,
0.8772,
0.8446,
0.7811,
0.7470,
0.9012,
1.2079,
0.8332,
0.8336,
1.0844,
0.8787,
0.8725,
0.9828,
0.8706,
0.8337,
0.7670,
0.8770,
0.8208,
0.7569,
0.5713,
0.6215,
0.7689,
0.5719,
0.5550,
0.4701,
0.6179,
0.5665,
0.6141,
0.5561,
0.4593,
0.7174,
0.6644,
0.7251,
0.8770,
0.9313,
0.8104,
0.8105,
0.7196,
0.9467,
0.7266,
0.9242,
0.7682,
0.8831,
0.9210,
0.6387,
0.6267,
0.8809,
0.6165,
0.8706,
0.7121,
0.6863,
0.8218,
0.6306,
0.5973,
0.7100,
0.5120,
0.6294,
0.7075,
0.6093,
0.7085,
0.4209,
0.7244,
0.6472,
0.4014,
0.6172,
0.7775,
0.5707,
0.7384,
0.4557,
0.4689,
0.8333,
0.8216,
0.8292,
0.8848,
0.7009,
0.7299,
0.8184,
0.7868,
0.6644,
0.7901,
0.8096,
0.7200,
0.6178,
0.8171,
0.6536,
0.6535,
0.5521,
0.5454,
0.9308,
0.8531,
0.7319,
0.9221,
0.7013,
0.7587,
0.7191,
0.9400,
0.6616,
0.6981,
0.7230,
0.7108,
0.6976,
1.0116,
0.6892,
0.6783,
0.7979,
0.6148,
0.6603,
0.6753,
0.5787,
0.9099,
0.6841,
0.9498,
0.8068,
0.6179,
0.6942,
0.6954,
0.9580,
0.9792,
1.0455,
0.8906,
0.7026,
0.9272,
0.8753,
0.7226,
0.6741,
0.8608,
0.8970,
0.6698,
0.8044,
0.8249,
0.5122,
0.7574,
0.8119,
0.8312,
0.6757,
0.8621,
0.9824,
0.9138,
0.7272,
0.9591,
0.7998,
0.9617,
0.8919,
0.8910,
0.7129,
0.6380,
0.9228,
0.4874,
0.7166,
0.5169,
0.8253,
0.8194,
0.5059,
0.6821,
0.7976,
0.6968,
0.9586,
0.8263,
0.7199,
0.8258,
0.7414,
0.6947,
0.9277,
0.6527,
0.8284,
0.9896,
0.8627,
0.7956,
0.7586,
0.7943,
0.7247,
0.7262,
1.1127,
1.0278,
0.9258,
0.7255,
0.9027,
1.0382,
0.7237,
0.8377,
0.8045,
0.8261,
0.9938,
0.8709,
0.7956,
0.8934,
0.8266,
0.8267,
0.7573,
0.8502,
0.9742,
0.9357,
0.7210,
0.7821,
0.7802,
1.0238,
0.6170,
0.8535,
0.7401,
0.9627,
0.7221,
0.7112,
0.9286,
0.7096,
0.7421,
0.6519,
0.7111,
0.9355,
0.8673,
0.6360,
0.5278,
0.8273,
0.5573,
0.5047,
0.4972,
0.8680,
0.9055,
0.6113,
0.7665,
0.5360,
0.7866,
0.8034,
0.8547,
0.6895,
0.7441,
0.8281,
0.9161,
0.7495,
0.6286,
0.8275,
0.5932,
0.5148,
0.8627,
0.9047,
0.7608,
0.9302,
0.7361,
0.9248,
0.9077,
0.7446,
1.0923,
0.9808,
0.8509,
0.7847,
0.9696,
0.8274,
0.5209,
0.7836,
0.7515,
0.8369,
0.7528,
0.8098,
0.6305,
0.6214,
0.7969,
0.8289,
0.5545,
0.7577,
0.6575,
0.6199,
0.9630,
1.0038,
0.6806,
0.6571,
0.8569,
0.8541,
0.7612,
0.8429,
0.7893,
0.7404,
0.6500,
0.7570,
0.5140,
0.3651,
0.7856,
0.8225,
0.5155,
0.9267,
0.8827,
0.8317,
0.8643,
0.6133,
0.7597,
0.8576,
0.9762,
0.7470,
0.8408,
0.6530,
0.7469,
0.4279,
0.4716,
0.5184,
0.7954,
0.8406,
0.5146,
0.5281,
0.7614,
0.8480,
0.6496,
0.5835,
0.8258,
0.8262,
0.9440,
0.6213,
0.5865,
0.8656,
0.8130,
0.9254,
0.7142,
0.7911,
0.7299,
0.5499,
0.9383,
0.6156,
0.9932,
0.9294,
0.6839,
0.7293,
0.9007,
0.9225,
0.6484,
0.7254,
0.8659,
0.6855,
0.5505,
0.6542,
0.4830,
0.4781,
0.4155,
0.6502,
0.4472,
0.4110,
0.5893,
0.4112,
0.7561,
0.6487,
0.5474,
0.7882,
0.7584,
0.5557,
0.6177,
0.4563,
0.2731,
0.6931,
0.4558,
0.3842,
0.3401,
0.3517,
0.6135,
0.5802,
0.2294,
0.4568,
