0.1360,
0.3092,
0.4010,
0.5000,
0.5470,
0.6525,
0.7572,
0.8631,
0.9673,
1.0707,
1.1763,
1.2767,
1.0702,
1.3456,
1.1857,
1.1446,
1.2944,
1.2445,
1.2401,
1.0313,
1.3404,
1.3416,
1.0318,
1.3402,
1.1365,
1.4463,
1.2389,
1.2351,
1.1351,
1.1403,
1.4453,
1.2414,
1.1384,
1.1398,
1.4494,
1.2397,
1.0349,
1.3431,
1.3423,
1.1381,
1.1374,
1.4512,
1.2430,
1.2423,
1.2016,
1.0983,
1.3017,
1.0969,
1.0401,
1.3509,
0.9374,
1.2521,
1.2525,
1.1001,
0.9313,
0.9309,
1.3053,
1.3046,
1.0836,
1.0805,
1.0327,
1.2417,
1.1316,
1.1266,
1.0682,
1.1870,
1.1337,
1.1360,
1.0306,
1.2385,
1.1280,
1.1315,
0.9305,
1.2353,
1.2338,
0.9717,
1.2379,
1.2069,
1.0377,
1.2479,
1.1455,
1.0298,
1.1730,
1.0301,
1.2402,
1.1355,
1.1382,
1.0361,
1.2385,
1.1365,
1.1345,
1.0246,
1.2344,
1.2035,
1.0264,
1.2371,
1.0279,
1.2335,
1.0265,
1.0287,
1.3387,
1.1648,
0.9222,
1.2293,
1.2316,
1.1285,
1.0936,
1.3026,
1.1363,
1.0357,
1.2421,
1.0324,
1.2416,
1.0754,
1.2428,
1.0773,
1.2421,
1.0362,
1.2421,
1.1358,
1.1999,
1.1958,
1.1348,
1.0323,
1.0317,
1.3396,
1.0303,
1.0704,
1.3396,
1.0705,
1.2396,
1.0314,
1.2401,
1.0944,
1.2429,
1.1310,
1.0332,
1.2358,
1.0315,
0.9310,
1.1380,
1.4476,
0.9705,
1.2372,
1.2415,
1.1376,
1.1387,
1.2087,
0.9362,
1.2428,
1.2431,
1.0337,
1.0345,
1.3463,
1.1414,
1.0787,
1.2441,
0.9266,
1.1343,
1.3440,
0.9923,
1.3012,
1.3058,
1.1383,
1.0331,
1.2415,
0.9707,
1.1324,
1.3423,
1.0749,
1.2797,
1.1725,
1.1750,
1.0227,
1.2334,
1.0895,
1.2972,
1.1922,
1.1940,
1.1314,
1.0286,
1.2330,
1.1293,
1.1303,
1.1323,
1.0728,
1.2790,
1.0661,
1.0663,
1.3557,
1.1480,
1.2138,
0.9234,
1.2300,
1.2342,
0.9245,
1.1296,
1.3355,
0.8419,
1.2298,
1.2311,
1.2337,
1.1521,
1.0311,
1.2337,
1.0096,
1.4263,
1.3187,
1.1201,
1.2377,
1.0375,
1.2425,
1.1384,
1.1383,
1.1366,
1.0561,
1.2416,
0.9502,
1.2624,
1.2626,
1.1442,
1.1293,
1.3555,
1.2367,
1.1435,
0.9342,
1.1407,
1.3497,
1.1395,
1.1427,
1.1414,
1.1415,
1.1412,
1.1542,
1.1532,
1.1496,
1.1400,
1.3445,
1.1368,
1.3474,
1.2426,
1.1374,
1.3401,
1.2365,
1.0315,
1.2402,
1.1366,
1.1395,
1.0419,
1.2449,
1.1474,
1.1470,
1.1479,
1.0501,
1.2537,
1.1533,
1.1479,
1.0462,
1.3860,
1.2805,
1.1759,
1.0722,
0.9674,
1.3847,
1.2752,
1.1710,
1.1706,
0.9627,
1.2758,
1.2746,
1.2435,
1.1941,
1.1899,
1.0823,
1.2930,
1.1911,
1.0865,
1.2927,
1.1858,
1.0813,
1.2875,
1.1832,
0.9428,
1.1976,
0.9381,
1.3502,
1.2502,
1.1440,
1.0453,
1.2504,
1.1476,
1.1469,
0.9328,
1.1353,
1.3574,
1.1412,
1.4652,
1.1725,
1.1716,
0.8585,
1.2717,
1.2711,
1.2725,
1.1705,
1.1696,
1.1728,
1.1701,
1.0636,
1.0370,
1.2452,
1.4277,
1.1959,
0.8808,
1.2937,
1.1902,
1.3972,
1.1888,
1.0867,
1.2911,
1.0804,
1.2886,
1.1831,
1.0531,
1.2640,
1.1595,
1.1643,
1.1616,
1.0598,
1.0604,
1.3721,
1.1651,
1.1693,
1.1707,
1.1706,
1.2490,
1.1698,
0.9617,
1.1691,
1.3800,
1.1722,
1.0702,
1.2745,
1.1692,
1.0663,
1.2737,
1.0665,
1.2721,
1.2445,
1.2462,
1.1850,
1.1803,
1.0747,
1.2838,
1.1788,
1.1817,
0.9716,
1.2825,
1.2843,
1.1799,
1.0366,
1.1180,
1.3276,
1.1796,
1.1766,
1.0756,
1.2801,
1.0754,
1.2834,
1.1826,
1.1820,
1.1830,
0.9888,
0.9937,
1.3394,
1.4064,
1.2020,
1.1987,
1.2009,
1.0934,
1.3025,
1.1970,
1.1306,
1.1272,
0.9710,
1.1782,
1.3897,
1.0764,
1.2852,
1.0757,
0.9717,
1.1809,
1.4929,
1.1386,
1.2772,
1.1338,
1.3432,
1.1719,
1.0687,
1.2728,
1.0693,
1.0700,
1.3761,
1.0643,
0.9686,
1.3783,
1.2787,
1.1824,
1.1801,
1.1522,
1.1519,
1.1527,
0.9425,
0.9435,
1.3534,
1.3536,
1.1489,
1.0444,
1.2536,
1.1465,
1.1367,
1.2526,
1.0355,
1.0342,
1.4448,
1.4460,
1.1290,
1.3346,
1.2278,
1.2262,
1.1211,
1.2371,
1.0290,
1.2392,
1.1345,
1.1349,
1.1303,
1.1299,
0.8351,
1.2425,
0.9367,
1.3495,
1.3507,
1.2380,
1.1316,
1.1345,
1.4460,
1.2419,
1.1825,
1.1818,
0.9788,
1.2877,
1.2877,
0.9760,
1.2890,
1.2902,
1.1856,
1.0808,
1.2876,
1.1402,
1.1392,
1.1342,
1.4329,
1.1844,
1.1880,
1.0830,
1.2923,
1.1885,
1.0824,
1.2909,
1.1837,
0.9800,
1.2888,
1.2910,
1.2462,
1.1579,
1.1588,
1.1560,
1.1538,
1.0513,
1.2575,
1.1550,
0.9507,
1.2610,
0.9495,
1.3656,
1.2628,
1.0381,
1.3492,
1.3458,
1.2464,
1.1668,
0.9612,
1.2675,
1.2699,
1.1679,
1.1657,
1.1642,
1.1660,
1.0630,
1.2675,
1.1644,
1.1643,
1.2455,
1.0398,
1.3502,
1.1067,
1.4204,
1.2142,
1.2151,
1.2149,
1.0083,
1.2129,
1.4155,
1.2122,
1.1012,
1.3087,
1.0832,
0.8732,
1.3595,
1.1881,
1.3981,
1.0832,
1.2897,
1.0870,
1.2940,
1.0907,
1.2908,
1.1925,
1.1934,
1.1912,
1.1904,
1.0854,
1.2918,
1.0862,
0.9829,
1.3957,
1.2933,
1.1875,
1.0842,
1.2914,
1.1382,
1.3357,
1.1284,
1.3370,
1.1911,
1.1907,
1.0886,
1.2921,
1.0885,
1.2934,
1.1917,
1.0840,
1.0943,
1.3954,
1.0891,
1.2986,
1.1319,
1.0784,
1.3901,
1.1838,
1.1811,
1.1806,
1.0805,
1.2846,
1.0797,
1.2818,
1.0781,
1.2862,
1.1322,
1.2848,
1.2363,
1.0285,
1.0303,
1.4033,
1.4042,
1.2018,
1.2043,
1.2074,
1.2081,
1.2032,
1.2024,
1.2037,
0.9315,
1.2392,
1.2383,
1.2384,
1.1721,
1.1671,
1.1659,
1.1656,
1.0615,
1.0618,
1.3681,
1.1650,
1.1303,
1.2704,
1.2398,
1.0372,
1.3459,
1.3098,
1.2064,
1.0023,
1.3094,
1.3080,
1.2058,
1.2086,
1.2069,
1.2065,
1.0973,
1.3052,
1.1989,
1.1731,
1.1728,
0.9708,
1.2799,
1.2802,
1.0743,
1.2843,
1.1789,
1.1763,
1.1771,
1.0348,
1.2821,
1.0341,
1.2435,
1.4905,
1.1950,
1.1946,
1.1968,
1.1947,
1.1957,
1.0970,
1.0919,
1.4014,
1.1932,
1.0900,
1.0900,
1.4044,
1.2420,
1.0840,
1.2910,
1.1842,
0.9777,
1.2883,
1.2889,
1.1886,
1.1924,
1.1938,
1.1913,
1.0890,
1.2955,
1.2455,
1.2248,
1.2280,
1.2290,
1.2290,
1.1242,
1.3315,
1.1900,
1.1881,
1.1902,
1.1885,
1.1876,
1.1029,
1.2893,
1.2083,
1.2094,
1.2077,
1.1555,
1.0866,
1.2545,
1.1882,
0.9821,
1.2904,
1.2894,
1.1906,
1.1902,
1.1862,
1.0827,
1.0349,
1.3964,
1.3478,
1.1104,
1.3184,
1.2108,
1.2137,
1.2159,
1.2162,
1.2118,
1.2123,
1.2079,
1.2082,
1.1026,
1.0168,
1.4018,
1.1266,
1.4369,
1.1314,
1.1326,
1.1280,
1.1327,
1.0352,
1.2413,
1.1406,
1.1366,
1.0454,
1.2563,
1.1489,
1.0391,
1.2460,
1.3562,
1.1440,
1.3518,
1.1417,
1.3515,
1.2461,
1.1325,
1.3404,
1.2357,
1.2371,
0.9830,
1.2903,
1.2908,
1.1872,
1.1900,
1.1897,
0.9953,
1.2931,
1.0959,
1.3942,
1.1973,
0.9352,
1.3012,
0.9901,
1.3029,
1.5087,
1.2005,
1.1965,
1.0935,
1.2997,
1.0951,
1.0940,
1.4053,
1.1998,
1.1412,
1.1384,
1.4034,
1.2298,
1.2314,
1.0262,
1.0263,
1.3981,
1.3968,
1.0862,
1.2972,
1.1893,
0.9852,
1.2976,
1.3008,
1.2077,
0.9387,
1.3084,
1.2049,
1.4037,
1.2415,
1.0363,
1.2904,
1.2899,
1.0849,
1.2954,
1.1898,
1.1865,
1.1851,
1.1887,
1.1881,
1.0942,
1.3044,
1.0424,
1.2511,
1.4036,
1.1344,
1.3451,
1.1388,
1.2804,
1.1809,
1.1809,
1.1792,
1.0716,
1.2794,
1.1745,
1.0672,
1.2725,
1.1778,
1.1780,
1.1769,
1.2412,
1.2396,
1.1332,
1.3400,
1.2363,
1.2383,
1.1408,
1.1022,
1.4050,
1.2000,
1.0962,
1.0959,
1.4072,
1.1979,
1.0948,
1.0962,
1.0962,
1.5122,
1.2024,
1.1436,
1.0577,
1.3656,
1.1636,
1.1636,
1.1665,
0.8558,
1.1646,
1.3726,
1.2714,
1.1649,
1.0444,
1.2695,
1.1446,
1.1431,
1.4697,
1.2439,
1.2394,
1.1389,
1.3437,
1.0338,
1.3480,
1.1095,
1.4206,
1.2072,
1.1065,
1.1100,
1.4193,
1.1126,
1.3186,
1.2195,
1.1109,
1.1062,
1.4204,
1.0583,
1.2649,
1.0635,
1.2692,
1.1660,
1.0621,
1.2665,
1.1578,
1.1571,
0.9313,
1.2669,
1.1635,
1.3696,
1.1328,
1.3386,
1.1321,
1.3383,
1.2330,
1.2380,
1.2429,
1.2444,
1.1171,
1.3266,
1.2211,
1.1178,
1.3225,
1.2215,
1.2209,
1.2206,
1.1160,
1.3244,
1.2175,
1.2128,
1.2337,
1.1746,
1.0732,
1.2797,
1.1807,
1.1811,
1.0802,
0.9747,
1.3873,
1.2830,
1.1789,
1.1818,
1.1374,
1.1411,
1.1410,
1.4979,
1.2475,
1.2379,
1.2383,
1.2368,
1.2401,
1.2356,
1.2379,
1.2386,
1.0831,
1.2895,
0.9704,
1.2826,
1.2811,
1.1855,
1.1854,
1.1884,
1.1861,
1.1934,
1.0352,
1.2962,
1.2945,
1.2395,
1.2422,
1.0375,
1.3460,
1.3445,
1.2416,
1.0845,
1.2937,
1.1869,
1.0843,
1.2890,
1.0860,
1.2904,
1.1866,
1.0816,
1.2885,
1.0846,
1.1386,
1.3985,
1.0319,
1.3400,
1.3430,
1.2407,
1.0849,
1.2933,
1.1895,
1.1924,
1.1918,
1.0867,
1.2967,
1.1930,
1.0938,
1.2963,
1.1932,
1.1900,
1.1364,
1.3448,
1.2405,
1.1381,
1.1363,
1.4510,
1.1859,
1.1863,
1.0816,
1.2855,
1.0823,
1.2885,
1.0845,
1.2939,
1.1933,
1.0892,
1.2976,
1.0366,
1.0403,
1.4011,
1.4534,
1.2502,
1.2393,
1.2381,
1.1297,
1.3365,
1.2320,
1.0242,
1.3318,
1.1223,
1.4329,
1.1729,
1.0692,
1.2799,
1.1849,
1.1871,
1.1913,
1.1906,
1.1908,
0.9874,
1.2958,
1.2992,
1.1989,
1.2490,
1.2506,
1.2480,
1.2366,
1.2366,
1.2347,
1.2357,
1.0238,
1.0250,
1.2521,
1.4611,
1.1441,
1.0411,
1.2494,
1.1463,
1.1587,
1.1573,
1.0565,
1.2637,
1.0389,
1.2657,
1.1392,
1.3645,
1.2446,
1.2443,
1.1416,
1.3507,
1.2471,
1.2473,
1.2457,
1.2442,
1.1546,
1.1517,
0.8408,
1.2575,
1.2583,
1.2581,
0.9405,
1.1489,
1.3580,
0.9298,
1.2533,
1.1473,
1.3553,
1.2423,
1.2453,
1.2450,
1.0418,
1.2434,
1.4525,
1.1416,
1.1414,
1.1431,
1.5591,
1.1426,
1.3482,
1.0165,
1.2229,
1.4312,
1.2179,
1.1169,
1.3223,
1.2158,
1.2152,
1.2109,
1.2132,
1.2146,
1.1289,
1.3198,
1.1471,
1.0417,
1.0426,
1.3510,
1.1473,
1.1516,
1.1496,
1.1515,
1.1484,
1.1506,
1.1527,
1.0344,
1.2391,
1.3584,
1.0345,
1.3404,
1.3425,
1.2369,
1.1347,
1.1335,
1.4384,
1.1266,
1.3369,
1.2314,
1.1258,
1.3337,
1.2296,
1.2335,
1.2318,
1.1288,
1.2965,
1.0971,
1.3021,
1.2031,
1.2016,
1.1020,
1.3109,
1.1063,
1.3122,
1.2092,
1.2089,
1.1462,
1.3123,
1.2452,
1.2453,
1.1678,
1.0622,
1.2727,
1.1640,
1.0589,
1.2667,
1.1629,
1.0574,
1.2624,
1.1614,
1.0321,
1.2689,
1.2681,
1.1342,
1.3448,
1.1393,
1.3428,
1.1377,
1.1363,
1.4469,
1.1401,
1.3502,
1.1658,
1.1621,
1.1619,
1.1651,
1.1646,
1.1647,
1.1696,
1.1669,
1.1691,
1.0651,
1.2701,
1.1641,
1.2438,
1.2437,
1.2443,
1.0313,
1.3447,
1.3412,
1.1339,
1.3396,
1.2352,
1.2354,
1.1352,
1.3402,
1.2369,
1.2188,
1.2199,
1.1162,
1.3220,
0.9100,
1.2170,
1.4262,
1.1159,
1.4255,
1.2183,
1.2211,
1.0473,
1.2337,
1.0445,
1.2501,
0.9459,
1.2532,
1.2551,
1.0477,
1.2568,
0.9437,
1.2538,
1.0329,
1.3578,
1.0336,
1.2410,
1.1378,
0.9302,
1.1359,
1.3418,
0.9279,
1.2362,
1.2351,
1.0327,
1.0341,
1.3424,
1.1374,
1.1319,
1.1356,
0.9958,
0.7897,
0.7882,
0.6871,
