0.3546,
0.5043,
0.6091,
0.6609,
0.3590,
0.2613,
0.1569,
0.2003,
0.3131,
0.5157,
0.2049,
0.4106,
0.2619,
0.5177,
0.3101,
0.4239,
0.2508,
0.2001,
0.3081,
0.2648,
0.5140,
0.1489,
0.2550,
0.4130,
0.3077,
0.4686,
0.2102,
0.4717,
0.5174,
0.4154,
0.5125,
0.5146,
0.5204,
0.2055,
0.5139,
0.2135,
0.1468,
0.5168,
0.1951,
0.2046,
0.3515,
0.3691,
0.2085,
0.2841,
0.5149,
0.4090,
0.2343,
0.5123,
0.3567,
0.5150,
0.5678,
0.5378,
0.4882,
0.5164,
0.4331,
0.2897,
0.2556,
0.5976,
0.3055,
0.2053,
0.3077,
0.3049,
0.2736,
0.3604,
0.5185,
0.4337,
0.5474,
0.5111,
0.5057,
0.3730,
0.5191,
0.3659,
0.4073,
0.3292,
0.4278,
0.5164,
0.3725,
0.6196,
0.2293,
0.4973,
0.3277,
0.5177,
0.4541,
0.4123,
0.1414,
0.1991,
0.4145,
0.3652,
0.2164,
0.5721,
0.2950,
0.3425,
0.4436,
0.4259,
0.4846,
0.3952,
0.2378,
0.2515,
0.5148,
0.2777,
0.4028,
0.3124,
0.3920,
0.1708,
0.3097,
0.5361,
0.3575,
0.5062,
0.2071,
0.5150,
0.4383,
0.2268,
0.4126,
0.4141,
0.4145,
0.2631,
0.3896,
0.2822,
0.4929,
0.3666,
0.4018,
0.3395,
0.3072,
0.3224,
0.2797,
0.5678,
0.3883,
0.2878,
0.4082,
0.1254,
0.4158,
0.5668,
0.4169,
0.4969,
0.4147,
0.4134,
0.2333,
0.4162,
0.1788,
0.4659,
0.2598,
0.4358,
0.5693,
0.3841,
0.2801,
0.4636,
0.4845,
0.5415,
0.3170,
0.5110,
0.6482,
0.3140,
0.4327,
0.3651,
0.5206,
0.4168,
0.3922,
0.3309,
0.5127,
0.3755,
0.1809,
0.2026,
0.5139,
0.2086,
0.4161,
0.5798,
0.3080,
0.4769,
0.4506,
0.2330,
0.4539,
0.2723,
0.4531,
0.3890,
0.3040,
0.3876,
0.2070,
0.4387,
0.4084,
0.4062,
0.4419,
0.5150,
0.3433,
0.2536,
0.6504,
0.5204,
0.4596,
0.4149,
0.5504,
0.4463,
0.5583,
0.4120,
0.5156,
0.1719,
0.2021,
0.3125,
0.4084,
0.2078,
0.5962,
0.3216,
0.2656,
0.5592,
0.3714,
0.3092,
0.4105,
0.5612,
0.3734,
0.4540,
0.2792,
0.4430,
0.3795,
0.3379,
0.3052,
0.4786,
0.6424,
0.5854,
0.2390,
0.4106,
0.2402,
0.5504,
0.4907,
0.5652,
0.3438,
0.1951,
0.3356,
0.5498,
0.2750,
0.5206,
0.4531,
0.2781,
0.2089,
0.3113,
0.3842,
0.4803,
0.4853,
0.3112,
0.3054,
0.4750,
0.2099,
0.4802,
0.1391,
0.2433,
0.4316,
0.6185,
0.5350,
0.2923,
0.5211,
0.2626,
0.3976,
0.3139,
0.2184,
0.5592,
0.5611,
0.6173,
0.3503,
0.1529,
0.4183,
0.6273,
0.2097,
0.4645,
0.2082,
0.4165,
0.5201,
0.5796,
0.6165,
0.4083,
0.3121,
0.1453,
0.2438,
0.4581,
0.6246,
0.3828,
0.2061,
0.4119,
0.2068,
0.2811,
0.5459,
0.5193,
0.4164,
0.6256,
0.4192,
0.2028,
0.3378,
0.4863,
0.1346,
0.5853,
0.4831,
0.2762,
0.5553,
0.2800,
0.4174,
0.3671,
0.5139,
0.2070,
0.4693,
0.2094,
0.4127,
0.5218,
0.4729,
0.2100,
0.4540,
0.6307,
0.6303,
0.3425,
0.2657,
0.2016,
0.2768,
0.4389,
0.2373,
0.2094,
0.2075,
0.5632,
0.2706,
0.5490,
0.2483,
0.5532,
0.5798,
0.3768,
0.2677,
0.4774,
0.6240,
0.3544,
0.4477,
0.2064,
0.4924,
0.4772,
0.2524,
0.4788,
0.3748,
0.3691,
0.5761,
0.3372,
0.3144,
0.3857,
0.3589,
0.4872,
0.4598,
0.4696,
0.4352,
0.2881,
0.2627,
0.3833,
0.4174,
0.4169,
0.4108,
0.1859,
0.4968,
0.3662,
0.4154,
0.2603,
0.5694,
0.3825,
0.3152,
0.5695,
0.5226,
0.3815,
0.5989,
0.3355,
0.2910,
0.5179,
0.3669,
0.4992,
0.3089,
0.4676,
0.4125,
0.2065,
0.3135,
0.5285,
0.3118,
0.2472,
0.4730,
0.4122,
0.1434,
0.4751,
0.3745,
0.2081,
0.2451,
0.2058,
0.5781,
0.2711,
0.4777,
0.1390,
0.4142,
0.1731,
0.5177,
0.4518,
0.4086,
0.5600,
0.4718,
0.2692,
0.3112,
0.2056,
0.4521,
0.3543,
0.4139,
0.2660,
0.4497,
0.3767,
0.3067,
0.3413,
