0.2327,
0.2331,
0.2330,
0.3380,
0.3380,
0.3384,
0.4415,
0.4421,
0.2056,
0.2062,
0.4148,
0.4149,
0.3096,
0.3098,
0.4151,
0.3112,
0.1050,
0.2070,
0.2069,
0.3114,
0.3091,
0.3092,
0.2061,
0.3083,
0.5182,
0.5165,
0.2083,
0.3124,
0.5196,
0.5196,
0.5211,
0.5206,
0.4158,
0.4177,
0.3124,
0.5182,
0.3097,
0.5183,
0.5176,
0.2052,
0.4149,
0.4118,
0.5172,
0.4118,
0.4119,
0.4119,
0.3074,
0.4129,
0.2073,
0.4101,
0.2073,
0.2067,
0.4132,
0.4180,
0.5185,
0.2105,
0.3159,
0.5233,
0.4212,
0.5253,
0.2095,
0.4193,
0.5249,
0.4194,
0.4168,
0.4169,
0.2062,
0.2061,
0.4152,
0.4161,
0.2086,
0.5198,
0.4147,
0.3139,
0.3140,
0.5183,
0.4149,
0.4149,
0.4150,
0.2107,
0.3115,
0.2091,
0.4155,
0.2094,
0.5208,
0.5209,
0.2049,
0.2050,
0.5183,
0.2035,
0.3081,
0.3132,
0.4146,
0.4144,
0.5148,
0.4138,
0.2070,
0.4163,
0.2055,
0.3101,
0.5207,
0.3111,
0.3112,
0.2061,
0.3113,
0.5169,
0.2068,
0.2068,
0.2101,
0.2098,
0.3154,
0.3158,
0.5225,
0.2111,
0.3115,
0.4167,
0.2057,
0.2060,
0.5218,
0.4168,
0.4163,
0.4161,
0.3149,
0.3146,
0.2098,
0.4154,
0.2054,
0.2055,
0.5204,
0.3066,
0.5165,
0.2060,
0.5155,
0.2053,
0.2053,
0.5157,
0.4109,
0.2057,
0.3081,
0.4123,
0.4111,
0.2056,
0.4111,
0.5155,
0.5155,
0.2066,
0.5162,
0.3102,
0.5187,
0.5187,
0.4160,
0.3143,
0.5210,
0.2106,
0.5209,
0.2105,
0.1050,
0.3156,
0.5224,
0.2066,
0.5192,
0.4136,
0.4139,
0.5163,
0.4111,
0.2044,
0.2032,
0.5069,
0.5065,
0.5065,
0.5066,
0.4042,
0.4042,
0.2032,
0.5092,
0.5130,
0.2096,
0.2097,
0.3149,
0.2099,
0.3153,
0.4168,
0.4177,
0.2071,
0.4167,
0.2089,
0.4169,
0.4168,
0.4150,
0.4150,
0.4151,
0.2083,
0.2084,
0.2087,
0.3121,
0.5218,
0.2088,
0.4189,
0.4192,
0.5228,
0.4189,
0.3154,
0.3154,
0.2088,
0.3140,
0.4179,
0.2079,
0.3131,
0.2080,
0.2081,
0.5206,
0.2076,
0.4168,
0.5222,
0.4178,
0.4179,
0.4178,
0.5230,
0.2087,
0.2087,
0.3142,
0.5213,
0.5213,
0.3116,
0.5205,
0.5205,
0.3119,
0.5175,
0.4166,
0.5191,
0.5195,
0.2078,
0.3128,
0.3131,
0.3158,
0.2114,
0.2104,
0.3122,
0.4176,
0.2042,
0.4105,
0.5159,
0.3056,
0.2038,
0.5125,
0.4071,
0.2037,
0.5130,
0.4142,
0.4145,
0.3127,
0.5156,
0.4147,
0.4148,
0.2068,
0.2056,
0.5188,
0.3081,
0.4135,
0.4120,
0.4121,
0.4122,
0.2054,
0.2083,
0.3084,
0.4124,
0.4138,
0.3096,
0.5179,
0.5183,
0.2102,
0.5190,
0.5191,
0.2103,
0.2076,
0.3118,
0.4122,
0.5126,
0.3049,
0.4078,
0.4077,
0.5129,
0.5131,
0.3096,
0.2098,
0.3123,
0.3122,
0.5137,
0.2036,
0.4134,
0.4086,
0.4086,
0.2014,
0.3041,
0.3043,
0.2034,
0.2036,
0.3040,
0.5080,
0.2056,
0.3087,
0.3091,
0.4143,
0.5170,
0.3096,
0.2060,
0.4148,
0.5209,
0.4160,
0.5210,
0.3079,
0.2064,
0.3078,
0.2071,
0.4143,
0.3083,
0.2077,
0.5173,
0.4139,
0.5143,
0.5142,
0.3069,
0.3075,
0.4124,
0.2064,
0.5181,
0.4142,
0.4143,
0.5178,
0.3137,
0.3131,
0.2081,
0.3133,
0.4187,
0.2066,
0.2065,
0.2068,
0.4154,
0.2089,
0.3130,
0.5193,
0.4145,
0.5195,
0.5196,
0.2089,
0.4174,
0.3146,
0.2104,
0.3126,
0.3127,
0.3089,
0.3088,
0.2015,
0.5123,
0.2037,
0.4072,
0.4070,
0.4069,
0.4090,
0.4131,
0.3148,
0.3148,
0.5229,
0.4199,
0.5251,
0.5253,
0.5241,
0.4195,
0.3140,
0.2088,
0.2071,
0.5210,
0.5184,
0.5186,
0.5177,
0.4138,
0.5175,
0.3106,
0.2073,
0.3127,
0.5171,
0.3128,
0.2086,
0.4155,
0.2056,
0.4154,
0.3111,
0.3113,
0.3124,
0.4126,
0.5174,
0.2072,
0.5180,
0.3088,
0.4139,
0.2075,
0.5201,
0.2075,
0.5155,
0.2064,
0.5150,
0.5152,
0.3074,
0.3077,
0.2065,
0.5092,
0.2017,
0.5092,
0.4082,
0.5106,
0.4094,
0.2027,
0.2043,
0.4061,
0.2056,
0.3097,
0.2079,
0.4123,
0.4125,
0.5153,
0.4130,
0.2034,
0.5161,
0.2051,
0.4126,
0.4133,
0.4135,
0.4134,
0.2101,
0.5187,
0.2084,
0.3109,
0.4162,
0.5215,
0.5216,
0.4165,
0.5168,
0.3070,
0.4121,
0.3070,
0.3069,
0.2067,
0.5153,
0.5153,
0.5173,
0.4207,
0.3154,
0.4171,
0.4178,
0.4173,
0.4177,
0.2025,
0.5183,
0.2032,
0.4105,
0.2078,
0.3085,
0.4106,
0.3110,
0.4117,
0.2085,
0.5136,
0.2056,
0.3058,
0.4111,
0.2025,
0.3061,
0.3045,
0.3050,
0.3067,
0.3066,
0.2063,
0.2091,
0.2091,
0.4139,
0.2077,
0.2066,
0.5182,
0.5182,
0.3121,
0.3100,
0.5202,
0.3126,
0.3105,
0.4137,
0.4138,
0.3107,
0.5182,
0.2073,
0.3096,
0.5178,
0.2072,
0.4127,
0.2072,
0.3080,
0.2042,
0.2043,
0.4121,
0.2048,
0.2048,
0.4128,
0.4149,
0.3139,
0.3137,
0.2101,
0.2103,
0.3150,
0.3151,
0.5216,
0.3090,
0.3092,
0.3053,
0.3052,
0.4102,
0.5150,
0.2057,
0.5123,
0.2073,
0.2074,
0.3084,
0.5135,
0.2057,
0.5141,
0.3066,
0.3071,
0.4097,
0.5138,
0.4132,
0.2100,
0.2102,
0.3112,
0.5169,
0.3151,
0.4202,
0.2108,
0.4212,
0.4174,
0.4178,
0.2076,
0.5191,
0.5189,
0.5152,
0.3070,
0.5147,
0.4111,
0.5141,
0.3106,
0.2093,
0.3106,
0.4121,
0.2100,
0.3115,
0.3123,
0.3125,
0.3124,
0.3126,
0.4131,
0.4137,
0.5101,
0.5130,
0.4075,
0.4078,
0.4129,
0.5134,
0.5138,
0.5175,
0.3159,
0.3160,
0.3161,
0.4204,
0.3151,
0.3151,
0.2073,
0.4173,
0.2049,
0.3104,
0.4155,
0.4123,
0.5136,
0.4081,
0.4109,
0.3079,
0.2101,
0.2101,
0.4137,
0.5164,
0.2106,
0.2106,
0.4166,
0.5185,
0.2054,
0.2053,
0.2007,
0.2007,
0.2045,
0.5151,
0.2093,
0.5154,
0.4107,
0.3127,
0.5138,
0.2062,
0.5166,
0.2067,
0.3121,
0.3104,
0.2056,
0.4121,
0.3090,
0.2041,
0.3082,
0.5164,
0.4134,
0.5172,
0.2090,
0.3114,
0.2091,
0.4170,
0.5215,
0.2099,
0.4191,
0.3152,
0.5205,
0.5172,
0.2021,
0.4117,
0.4120,
0.3073,
0.4119,
0.2097,
0.5172,
0.3149,
0.3150,
0.3150,
0.4158,
0.5225,
0.4181,
0.2075,
0.2077,
0.3129,
0.4149,
0.5165,
0.3090,
0.5167,
0.3112,
0.4135,
0.4135,
0.5140,
0.2050,
0.5143,
0.3092,
0.2055,
0.3063,
0.4108,
0.2059,
0.4066,
0.5092,
0.4086,
0.4096,
0.3083,
0.3082,
0.2070,
0.4103,
0.4102,
0.3092,
0.4119,
0.2042,
0.3092,
0.2076,
0.3100,
0.4120,
0.4139,
0.4150,
0.3096,
0.5175,
0.5177,
0.4122,
0.4117,
0.4119,
0.2048,
0.4123,
0.2061,
0.2070,
0.3121,
0.5173,
0.4166,
0.5189,
0.5191,
0.4134,
0.4109,
0.3058,
0.5139,
0.3020,
0.4067,
0.2016,
0.3022,
0.2059,
0.5118,
0.4160,
0.4162,
0.3150,
0.3152,
0.4165,
0.5176,
0.4129,
0.4085,
0.4037,
0.4035,
0.4036,
0.5069,
0.3044,
0.3065,
0.5084,
0.2066,
0.5111,
0.4132,
0.3100,
0.5152,
0.5155,
0.2053,
0.5131,
0.4091,
0.5131,
0.3050,
0.4072,
0.5094,
0.2034,
0.5094,
0.2060,
0.5110,
0.3072,
0.2051,
0.5110,
0.3078,
0.3079,
0.2040,
0.3081,
0.3066,
0.4089,
0.2051,
0.4124,
0.3097,
0.3100,
0.3099,
0.3099,
0.2100,
0.3112,
0.2019,
0.5145,
0.4076,
0.4078,
0.5104,
0.5108,
0.5105,
0.3070,
0.4078,
0.4125,
0.3096,
0.4126,
0.3115,
0.5183,
0.4154,
0.2075,
0.5174,
0.4141,
0.2050,
0.2050,
0.4158,
0.2083,
0.5169,
0.4116,
0.3097,
0.3120,
0.4151,
0.3113,
0.5181,
0.3114,
0.4125,
0.2062,
0.5204,
0.3141,
0.3141,
0.5205,
0.4156,
0.4162,
0.4162,
0.2073,
0.2032,
0.4103,
0.4107,
0.3087,
0.4137,
0.5161,
0.2107,
0.5162,
0.2030,
0.3076,
0.4135,
0.2088,
0.4131,
