0.2284,
0.2285,
0.2282,
0.2285,
0.3330,
0.3338,
0.3337,
0.4388,
0.4390,
0.4387,
0.5443,
0.5440,
0.3157,
0.3148,
0.4200,
0.4201,
0.5251,
0.5252,
0.4196,
0.3145,
0.5254,
0.3155,
0.5252,
0.4199,
0.4203,
0.5253,
0.4177,
0.2072,
0.2032,
0.3090,
0.2037,
0.4142,
0.4106,
0.5162,
0.5160,
0.2061,
0.4097,
0.3080,
0.4101,
0.2067,
0.5123,
0.4103,
0.4139,
0.2074,
0.3124,
0.5193,
0.3137,
0.3138,
0.2119,
0.4187,
0.5208,
0.4150,
0.2078,
0.3129,
0.2037,
0.3102,
0.2075,
0.3087,
0.5207,
0.2092,
0.5195,
0.5179,
0.5183,
0.5189,
0.2100,
0.5194,
0.4173,
0.5185,
0.2069,
0.4153,
0.5205,
0.4156,
0.3080,
0.5147,
0.3085,
0.5139,
0.5152,
0.5149,
0.4133,
0.5143,
0.5147,
0.5173,
0.4130,
0.3103,
0.1039,
0.2083,
0.2085,
0.2090,
0.5178,
0.2054,
0.4152,
0.2059,
0.2058,
0.4144,
0.4139,
0.2053,
0.2050,
0.4133,
0.5174,
0.2077,
0.4098,
0.3088,
0.5119,
0.4111,
0.4112,
0.3072,
0.2037,
0.4112,
0.4112,
0.4112,
0.3080,
0.2084,
0.3109,
0.3110,
0.3107,
0.2068,
0.5148,
0.3110,
0.4135,
0.2051,
0.4138,
0.2051,
0.3078,
0.3076,
0.4124,
0.4123,
0.3106,
0.2079,
0.2080,
0.5176,
0.2062,
0.4118,
0.5170,
0.3114,
0.3117,
0.5193,
0.4164,
0.2081,
0.5197,
0.2085,
0.2081,
0.4144,
0.3133,
0.5176,
0.5177,
0.4169,
0.3091,
0.3062,
0.3064,
0.3062,
0.2039,
0.2063,
0.4126,
0.5159,
0.5157,
0.5157,
0.5189,
0.5190,
0.2096,
0.4190,
0.2094,
0.5244,
0.5244,
0.5244,
0.5241,
0.4201,
0.5246,
0.3148,
0.3119,
0.5180,
0.3088,
0.5183,
0.4107,
0.3056,
0.5162,
0.3056,
0.4062,
0.3051,
0.2030,
0.5118,
0.4066,
0.2059,
0.2061,
0.3113,
0.4136,
0.5180,
0.4160,
0.3153,
0.3154,
0.3154,
0.4206,
0.3150,
0.3153,
0.4210,
0.2073,
0.3124,
0.2071,
0.2062,
0.4135,
0.5185,
0.5184,
0.4138,
0.3083,
0.3085,
0.5191,
0.3090,
0.5164,
0.4114,
0.3109,
0.2052,
0.3111,
0.3108,
0.3110,
0.4118,
0.2037,
0.5170,
0.5171,
0.2060,
0.2065,
0.3088,
0.4116,
0.3086,
0.3117,
0.4126,
0.3118,
0.5147,
0.2055,
0.4115,
0.4117,
0.2050,
0.4117,
0.1036,
0.5163,
0.4138,
0.4139,
0.2075,
0.4128,
0.4127,
0.2083,
0.3132,
0.4168,
0.3102,
0.3103,
0.2072,
0.5197,
0.5196,
0.5201,
0.2069,
0.3113,
0.3114,
0.4169,
0.2099,
0.2100,
0.5222,
0.3130,
0.2084,
0.2084,
0.4182,
0.4181,
0.2069,
0.5219,
0.3123,
0.5250,
0.2117,
0.2117,
0.2118,
0.5240,
0.4187,
0.2077,
0.3158,
0.2090,
0.2081,
0.2080,
0.4199,
0.5245,
0.3116,
0.2072,
0.5236,
0.5203,
0.4165,
0.3120,
0.4176,
0.4175,
0.3129,
0.5208,
0.2088,
0.5208,
0.4189,
0.2091,
0.2092,
0.4177,
0.2090,
0.5224,
0.4179,
0.3127,
0.5226,
0.4139,
0.2048,
0.3097,
0.5191,
0.4134,
0.3099,
0.4129,
0.4129,
0.5163,
0.4129,
0.5165,
0.2084,
0.3092,
0.3081,
0.4134,
0.5166,
0.5165,
0.4135,
0.5166,
0.5159,
0.5151,
0.5152,
0.5154,
0.5178,
0.2053,
0.3106,
0.3058,
0.3055,
0.2042,
0.3072,
0.2037,
0.4091,
0.3075,
0.5134,
0.3083,
0.5133,
0.2078,
0.2098,
0.2095,
0.5171,
0.2089,
0.3134,
0.4167,
0.5207,
0.2076,
0.4174,
0.2047,
0.4132,
0.4142,
0.2049,
0.5169,
0.4126,
0.3088,
0.4123,
0.2072,
0.3084,
0.3105,
0.4117,
0.5171,
0.3122,
0.4162,
0.4177,
0.5217,
0.3143,
0.3144,
0.3123,
0.4157,
0.5191,
0.2061,
0.2058,
0.2093,
0.4163,
0.4166,
0.4166,
0.5220,
0.3110,
0.2095,
0.4197,
0.5213,
0.3153,
0.4203,
0.2087,
0.2056,
0.2055,
0.4162,
0.4165,
0.2057,
0.4163,
0.4161,
0.5202,
0.5201,
0.2083,
0.3112,
0.4142,
0.2088,
0.3112,
0.4162,
0.4166,
0.3121,
0.5188,
0.5187,
0.3101,
0.4145,
0.2065,
0.3118,
0.2067,
0.4146,
0.5187,
0.3108,
0.2086,
0.5189,
0.3106,
0.3105,
0.2065,
0.3112,
0.3113,
0.3121,
0.2102,
0.3124,
0.5210,
0.2099,
0.4167,
0.3142,
0.2079,
0.2079,
0.5206,
0.2079,
0.3131,
0.5207,
0.2082,
0.5192,
0.2057,
0.2059,
0.3091,
0.5178,
0.3101,
0.3095,
0.5183,
0.2087,
0.4141,
0.5185,
0.2087,
0.4151,
0.2097,
0.3119,
0.3119,
0.4175,
0.3126,
0.5212,
0.3122,
0.4159,
0.4160,
0.4161,
0.2082,
0.5195,
0.2081,
0.4139,
0.5193,
0.5194,
0.5170,
0.5172,
0.5172,
0.5162,
0.3079,
0.2066,
0.2065,
0.4090,
0.4090,
0.4120,
0.3086,
0.4122,
0.4122,
0.2080,
0.4106,
0.5143,
0.5116,
0.5116,
0.4107,
0.4109,
0.4090,
0.4093,
0.3075,
0.5133,
0.5134,
0.3105,
0.4116,
0.2051,
0.4114,
0.2053,
0.4117,
0.2052,
0.4072,
0.3066,
0.2054,
0.3084,
0.3086,
0.4097,
0.1031,
0.3091,
0.5148,
0.4139,
0.2083,
0.5150,
0.2077,
0.2076,
0.2026,
0.5163,
0.3075,
0.4132,
0.5183,
0.5189,
0.2108,
0.4134,
0.4159,
0.5184,
0.4160,
0.3160,
0.2100,
0.2100,
0.4208,
0.2103,
0.2104,
0.2103,
0.3157,
0.3127,
0.5234,
0.2075,
0.5230,
0.3131,
0.3131,
0.3127,
0.3127,
0.3126,
0.3144,
0.4168,
0.4195,
0.3142,
0.3141,
0.4192,
0.5198,
0.3112,
0.4154,
0.2064,
0.4120,
0.5161,
0.5162,
0.4102,
0.2037,
0.4064,
0.5118,
0.3055,
0.2050,
0.4094,
0.2088,
0.4136,
0.5143,
0.4137,
0.3139,
0.5190,
0.2088,
0.2088,
0.5191,
0.3138,
0.2048,
0.5188,
0.3101,
0.4156,
0.3082,
0.5188,
0.3100,
0.3109,
0.4125,
0.5149,
0.4135,
0.4134,
0.5152,
0.3101,
0.2078,
0.3102,
0.5187,
0.5185,
0.2084,
0.3097,
0.3098,
0.4124,
0.2048,
0.3054,
0.4108,
0.4087,
0.4090,
0.3060,
0.3094,
0.2087,
0.3098,
0.5159,
0.4141,
0.4142,
0.2101,
0.4169,
0.3134,
0.4188,
0.4189,
0.3138,
0.2100,
0.4197,
0.4196,
0.4197,
0.2108,
0.4197,
0.5243,
0.3141,
0.3144,
0.4198,
0.2083,
0.3137,
0.3135,
0.3137,
0.3138,
0.3115,
0.4153,
0.5186,
0.4148,
0.4147,
0.2044,
0.5199,
0.4144,
0.2103,
0.2102,
0.4145,
0.2102,
0.5199,
0.4186,
0.2101,
0.2101,
0.4204,
0.5236,
0.3151,
0.3152,
0.5241,
0.4188,
0.5241,
0.4188,
0.3139,
0.4189,
0.2099,
0.4191,
0.2103,
0.5240,
0.5242,
0.5208,
0.2066,
0.2066,
0.4169,
0.2067,
0.4172,
0.5221,
0.2103,
0.3120,
0.5222,
0.2102,
0.2104,
0.2101,
0.4172,
0.3151,
0.3153,
0.2100,
0.2102,
0.3155,
0.2087,
0.4188,
0.4188,
0.4188,
0.5241,
0.2086,
0.3088,
0.3089,
0.5196,
0.4146,
0.3105,
0.2052,
0.5161,
0.2055,
0.4107,
0.3103,
0.3103,
0.2103,
0.5161,
0.5162,
0.5162,
0.2103,
0.2104,
0.2105,
0.5209,
0.2069,
0.2071,
0.2069,
0.2051,
0.2049,
0.4158,
0.5203,
0.4150,
0.3100,
0.2080,
0.3114,
0.4164,
0.3132,
0.2083,
0.3132,
0.5182,
0.5206,
0.4166,
0.3133,
0.4142,
0.5177,
0.2059,
0.4142,
0.4144,
0.4143,
0.4143,
0.2072,
0.5164,
0.4123,
0.2072,
0.3084,
0.2037,
0.2041,
0.2082,
0.4125,
0.3103,
0.4146,
0.4148,
0.4148,
0.3131,
0.5170,
0.5173,
0.5200,
0.2099,
0.2074,
0.2074,
0.2079,
0.4170,
0.4177,
0.5226,
0.2055,
0.5180,
0.5183,
0.4131,
0.3106,
0.3106,
0.2017,
0.5147,
0.2018,
0.5147,
0.2042,
0.2041,
0.2041,
0.2067,
0.2054,
0.3065,
0.3065,
0.5111,
0.3067,
0.4092,
0.5114,
0.5115,
0.5138,
0.3071,
0.2050,
0.3093,
0.3096,
0.2051,
0.4145,
0.5163,
0.4152,
0.4155,
0.4148,
0.4129,
0.2043,
0.3049,
0.5151,
0.4113,
0.4115,
0.3060,
0.3048,
0.2030,
0.5086,
0.2038,
0.5086,
0.4072,
0.3057,
0.2074,
0.3104,
0.4123,
0.3106,
0.5141,
0.5139,
0.5166,
0.2059,
0.4139,
0.5188,
0.4144,
0.4163,
0.4167,
0.4165,
0.5183,
0.4148,
0.4149,
0.3098,
0.3100,
0.2053,
0.5177,
0.4125,
0.5176,
0.3135,
0.2105,
0.5178,
0.2107,
0.5231,
0.5232,
0.5234,
0.2098,
0.3154,
0.3150,
0.4194,
0.4192,
0.2093,
0.3126,
0.5227,
0.4146,
0.4145,
0.3099,
0.5198,
0.2070,
0.5196,
0.2103,
0.4155,
0.2101,
0.5204,
0.2090,
0.2090,
0.3146,
0.4197,
0.5216,
0.2068,
0.4172,
0.2055,
0.2055,
0.4149,
0.3062,
0.4063,
0.3037,
0.2011,
0.2010,
0.5111,
0.5119,
0.4090,
0.2067,
0.3071,
0.2058,
0.3113,
0.3107,
0.2058,
0.3109,
0.5121,
0.2071,
0.4139,
0.2072,
0.2080,
0.2087,
0.3119,
0.2089,
0.3121,
0.3110,
0.2057,
0.4139,
0.4139,
0.5141,
0.2022,
0.3072,
0.3075,
0.2051,
0.4085,
0.3066,
0.3067,
0.2064,
0.3117,
0.5167,
0.2101,
0.3116,
0.2102,
0.3152,
0.5218,
0.2101,
0.2102,
0.5217,
0.4202,
0.4202,
0.2102,
0.4205,
0.4161,
0.3110,
0.5212,
0.5213,
0.3115,
0.3114,
0.4166,
0.2097,
0.3153,
0.3154,
0.2097,
0.4162,
0.3129,
0.5193,
0.5198,
0.3071,
0.5169,
0.4109,
0.3077,
0.3077,
0.2089,
0.5164,
0.2092,
0.5167,
0.5164,
0.3120,
0.3116,
0.4134,
0.3078,
0.3080,
0.4133,
0.4136,
0.4138,
0.4137,
0.5190,
0.3117,
0.2100,
0.2096,
0.2095,
0.3113,
0.4171,
0.5220,
0.4163,
0.4166,
0.3122,
0.2069,
0.3124,
0.2092,
0.2073,
0.4144,
0.2043,
0.3083,
0.3081,
0.4120,
0.5174,
0.4123,
0.4121,
0.3096,
0.2088,
0.2070,
0.5173,
0.3130,
0.3088,
0.5178,
0.5178,
0.5190,
0.2060,
0.5190,
0.5193,
0.2105,
0.2058,
0.2057,
0.2057,
0.5173,
0.4160,
0.5180,
0.5211,
0.3152,
0.5209,
0.5212,
0.3156,
0.4205,
0.4162,
0.5214,
0.3114,
0.5193,
0.3093,
0.2035,
0.2082,
0.2099,
0.3131,
0.4135,
0.5196,
0.5187,
0.3155,
0.4177,
0.3124,
0.5210,
0.3123,
0.3124,
0.4154,
0.2081,
0.3104,
0.4157,
0.4148,
0.4151,
0.4148,
0.3098,
0.5162,
0.5163,
0.3089,
0.4132,
0.4133,
0.2068,
0.4109,
0.2024,
0.5132,
0.5149,
0.4166,
0.5202,
0.5190,
0.4157,
0.2074,
