0.1791,
0.2825,
0.3861,
0.3876,
0.4879,
0.4911,
0.5924,
0.6884,
0.5181,
0.7997,
0.6146,
0.9033,
0.6226,
0.6158,
0.5217,
0.8324,
0.6129,
0.8341,
0.5318,
0.8263,
0.4286,
0.6286,
0.9247,
0.8382,
0.7327,
0.6053,
0.7307,
0.7425,
0.7113,
0.6397,
0.7276,
0.6196,
0.7239,
0.7245,
0.7046,
0.6399,
0.7234,
0.5022,
0.7252,
0.7419,
0.6286,
0.8334,
0.7313,
0.7133,
0.6461,
0.6293,
0.8174,
0.5231,
0.7331,
0.8341,
0.6428,
0.6253,
0.6089,
0.8342,
0.5216,
0.8336,
0.6451,
0.8318,
0.7075,
0.5179,
0.5329,
0.6044,
0.8296,
0.9498,
0.7071,
0.4128,
0.7181,
0.8289,
0.5120,
0.8194,
0.8329,
0.4094,
0.5257,
0.7118,
0.8356,
0.9181,
0.6259,
0.8172,
0.6183,
0.8260,
0.7187,
0.6219,
0.8357,
0.7245,
0.7264,
0.7264,
0.6177,
0.6170,
0.8260,
0.7165,
0.5097,
0.7253,
0.6089,
0.8232,
0.7282,
0.7168,
0.6299,
0.7313,
0.6193,
0.4207,
0.8329,
0.7268,
0.9337,
0.7375,
0.6325,
0.8261,
0.7275,
0.7272,
0.7264,
0.7256,
0.5290,
0.7213,
0.8317,
0.5200,
0.8215,
0.5150,
0.8281,
0.6229,
0.8327,
0.7228,
0.6140,
0.7208,
0.7312,
0.6152,
0.7234,
0.7355,
0.7155,
0.6246,
0.6226,
0.8241,
0.6289,
0.5202,
0.8203,
0.7262,
0.7307,
0.7149,
0.5150,
0.7234,
0.6226,
0.8355,
0.7221,
0.7115,
0.6195,
0.5223,
0.8271,
0.6178,
0.8259,
0.7176,
0.6213,
0.7297,
0.6155,
0.8255,
0.7232,
0.8356,
0.7335,
0.8302,
0.7254,
0.9304,
0.7271,
0.9366,
0.7222,
0.8323,
0.5162,
0.8239,
0.8283,
0.8248,
0.6147,
0.7213,
0.6172,
0.6217,
0.9286,
0.7221,
0.7257,
0.5149,
0.7223,
0.7238,
0.7178,
0.9337,
0.6211,
0.8239,
0.6223,
0.6176,
0.8236,
0.6180,
0.6156,
0.8265,
0.9342,
0.6166,
0.8335,
0.8267,
0.6179,
0.8303,
0.6234,
0.9280,
0.6243,
0.5187,
0.8261,
0.6280,
0.8307,
0.7223,
0.6240,
0.4144,
0.8286,
0.7232,
0.7280,
0.6204,
0.8296,
0.6202,
0.6208,
0.8272,
0.6202,
0.6176,
0.8263,
0.5229,
0.8245,
0.5194,
0.5189,
0.9251,
0.8309,
0.6243,
0.8226,
0.6310,
0.5223,
0.7175,
0.8381,
0.7415,
0.7137,
0.6379,
0.6270,
0.8173,
0.5213,
0.7410,
0.5038,
0.8319,
0.7383,
0.6210,
0.8278,
0.5128,
0.6230,
0.8263,
0.8266,
0.7059,
0.5154,
0.7230,
0.8233,
0.6371,
0.6209,
0.8113,
0.6331,
0.6179,
0.8188,
0.6337,
0.6155,
0.8225,
0.6169,
0.7400,
0.5130,
0.7253,
0.7253,
0.8303,
0.6270,
0.5267,
0.8197,
0.7309,
0.6250,
0.8145,
0.6263,
0.6168,
0.8083,
0.5090,
0.7188,
0.8168,
0.6149,
0.7386,
0.6980,
0.6365,
0.7255,
0.6063,
0.7296,
0.7433,
0.6047,
0.6413,
0.8263,
0.5997,
0.5116,
0.8248,
0.8297,
0.6354,
0.7130,
0.5023,
0.7159,
0.7377,
0.8134,
0.6365,
0.6213,
0.8149,
0.6176,
0.7363,
0.7166,
0.6335,
0.7260,
0.5034,
0.6317,
0.8295,
0.8170,
0.5207,
0.7296,
0.6198,
0.8390,
0.7243,
0.7136,
0.4125,
0.7246,
0.8282,
0.6310,
0.6141,
0.9206,
0.6164,
0.7324,
0.6175,
0.6167,
0.8221,
0.7076,
0.6131,
0.5134,
0.8252,
0.7196,
0.7274,
0.6079,
0.5159,
0.7317,
0.9178,
0.6299,
0.6201,
0.8168,
0.6172,
0.6168,
0.8244,
0.6209,
0.7342,
0.6112,
0.7231,
0.7337,
0.6171,
0.6346,
0.5206,
0.9233,
0.6315,
0.8321,
0.6219,
0.5186,
0.8314,
0.6156,
0.8329,
0.6219,
0.8111,
0.6354,
0.7255,
0.6048,
0.7262,
0.6209,
0.8212,
0.6368,
0.7230,
0.7038,
0.6185,
0.7427,
0.6159,
0.8084,
0.6218,
0.6215,
0.9132,
0.6216,
0.8489,
0.6048,
0.5436,
0.8340,
0.9323,
0.7251,
0.6259,
0.8335,
0.7195,
0.8063,
0.7279,
0.7291,
0.8215,
0.7229,
0.8312,
0.7300,
0.8258,
0.7981,
0.6257,
0.8624,
0.6911,
0.9267,
0.7608,
0.7301,
0.6847,
0.9247,
0.7602,
0.7260,
0.8250,
0.7221,
0.8273,
0.7193,
0.6236,
0.9278,
0.8259,
0.6226,
0.8239,
0.8882,
0.6596,
0.8627,
0.7856,
0.7851,
0.7605,
0.7225,
0.8235,
0.7771,
0.6612,
0.8696,
0.7786,
0.7795,
0.7153,
0.8735,
0.5695,
0.8760,
0.8769,
0.7289,
0.9800,
0.7214,
0.7208,
0.9395,
0.7251,
0.8237,
0.7229,
0.8298,
0.7855,
0.6609,
0.7178,
0.9353,
0.7880,
0.6219,
0.8682,
0.8269,
0.7874,
0.7659,
0.7677,
0.6812,
0.8886,
0.6265,
0.5653,
0.9232,
0.9233,
0.8311,
0.6214,
0.7821,
0.9269,
0.6201,
0.6234,
0.9285,
0.9309,
0.7788,
0.7767,
0.6734,
0.8770,
0.6763,
0.8831,
0.6189,
0.8788,
0.8332,
0.7810,
0.7739,
0.7231,
0.8327,
0.5788,
0.7651,
0.9298,
0.8301,
0.5782,
0.8242,
0.8670,
0.8305,
0.7856,
0.6566,
0.8653,
0.7907,
0.7886,
0.7640,
0.7637,
0.7907,
0.7278,
0.8341,
0.7342,
0.8322,
0.7975,
0.6688,
0.7328,
0.6894,
1.0431,
0.6647,
0.7287,
0.9382,
0.7929,
0.7716,
0.7290,
0.8311,
0.7904,
0.6591,
0.8666,
0.7854,
0.6175,
0.8242,
0.7195,
0.6819,
1.0331,
0.6515,
0.8610,
0.7856,
0.7869,
0.7641,
0.7224,
0.6807,
0.9301,
0.6565,
0.7252,
0.6899,
1.0343,
0.6163,
0.8655,
0.8353,
0.7322,
0.6557,
0.9243,
0.6937,
0.5927,
0.9262,
0.6189,
0.9326,
0.6193,
0.9605,
0.7223,
0.6991,
0.7268,
1.0612,
0.7252,
0.8280,
0.8020,
0.7538,
0.7555,
0.6264,
0.9128,
0.8365,
0.7292,
0.6280,
0.9340,
0.8328,
0.5451,
0.8261,
0.9025,
0.8303,
0.7497,
0.7939,
0.7999,
0.6489,
0.6226,
0.9280,
0.9053,
0.7581,
0.5476,
0.8371,
0.9055,
0.5121,
0.9265,
0.8002,
0.7266,
0.9578,
0.7214,
0.7022,
0.9364,
0.7481,
0.6228,
0.8084,
0.8507,
0.7497,
0.7061,
0.6200,
0.8535,
0.7263,
0.6207,
0.7419,
0.6225,
0.7232,
0.6188,
0.8090,
0.6375,
0.7202,
0.6191,
0.7199,
0.6175,
0.8070,
0.6143,
0.5286,
0.8275,
0.7138,
0.7164,
0.5071,
0.7158,
0.7326,
0.6104,
0.8196,
0.7338,
0.6182,
0.6226,
0.8289,
0.6171,
0.7286,
0.5299,
0.8187,
0.7334,
0.5260,
0.8113,
0.7174,
0.8353,
0.7279,
0.7164,
0.8087,
0.6317,
0.8230,
0.6986,
0.8229,
0.7433,
0.5937,
0.7983,
0.8473,
0.6233,
0.5997,
0.9296,
0.6199,
0.9498,
0.8290,
0.7242,
0.7492,
0.7102,
0.4342,
0.8530,
0.8126,
0.5182,
0.8539,
0.6205,
0.8336,
0.7314,
0.7036,
0.7183,
0.7337,
0.6431,
0.7036,
0.6219,
0.9406,
0.7314,
0.9123,
0.8073,
0.6209,
0.8533,
0.8314,
0.8038,
0.4378,
0.8553,
0.8229,
0.8965,
0.8251,
0.7219,
0.6924,
0.9198,
0.6458,
0.8550,
0.7973,
0.7971,
0.6242,
0.5559,
0.8327,
1.0385,
0.8343,
0.7301,
0.8388,
0.8037,
0.4485,
0.7610,
0.9395,
0.9026,
0.6533,
0.9308,
0.6188,
0.7984,
0.9279,
0.7203,
0.8280,
0.5913,
0.6506,
0.9315,
0.9296,
0.7254,
0.8275,
0.7288,
0.8286,
0.6173,
0.8278,
0.8546,
0.7937,
0.7928,
0.5174,
0.8546,
0.7980,
0.9281,
0.7504,
0.7506,
0.8005,
0.7301,
0.8244,
0.7181,
0.6236,
0.6261,
0.9573,
0.7210,
1.0075,
0.5957,
0.5152,
0.9284,
0.9343,
0.8467,
0.7431,
0.7057,
0.5397,
0.8471,
0.8088,
0.6453,
0.6224,
0.8121,
0.5177,
0.7441,
0.6072,
0.6408,
0.9366,
0.4196,
0.6377,
0.8274,
0.8122,
0.7208,
0.5276,
0.8173,
0.6176,
0.6148,
0.6206,
0.9285,
0.7204,
0.6151,
0.5165,
0.7331,
0.9232,
0.6288,
0.6211,
0.8175,
0.6211,
0.7298,
0.5081,
0.7250,
0.7260,
0.8206,
0.6218,
0.7307,
0.7127,
0.4273,
0.6248,
0.8273,
0.8287,
0.5293,
0.7145,
0.6209,
0.9336,
0.7119,
0.6358,
0.6245,
0.6074,
0.8307,
0.6282,
0.8248,
0.6249,
0.6200,
0.8207,
0.6176,
0.7329,
0.7037,
0.6309,
0.7190,
0.5046,
0.6143,
0.7333,
0.9141,
0.6340,
0.7213,
0.7152,
0.5161,
0.7265,
0.6106,
0.8415,
0.7365,
0.6208,
0.5208,
0.8340,
0.8246,
0.6260,
0.7407,
0.7145,
0.6397,
0.7293,
0.5067,
0.6349,
0.8328,
0.8195,
0.4103,
0.6172,
0.8188,
0.8377,
0.6206,
0.6244,
0.8419,
0.7270,
0.7158,
0.6343,
0.6270,
0.6239,
0.8327,
0.7295,
0.7164,
0.5182,
0.7287,
0.5023,
0.8419,
0.7283,
0.6121,
0.5206,
0.9447,
0.6151,
0.5154,
0.9327,
0.6160,
0.8296,
0.5388,
0.8078,
0.6221,
0.5412,
0.9125,
0.8102,
0.6225,
0.6191,
0.9154,
0.7420,
0.6155,
0.8097,
0.6132,
0.8459,
0.7258,
0.6183,
0.7383,
0.7110,
0.6375,
0.7283,
0.5038,
0.6390,
0.8332,
0.8175,
0.4309,
0.7290,
0.8321,
0.6223,
0.8319,
0.6235,
0.7236,
0.5122,
0.8142,
0.6286,
0.8204,
0.7096,
0.6165,
0.7294,
0.7104,
0.5148,
0.5212,
0.8287,
0.8221,
0.7250,
0.6170,
0.5193,
0.8268,
0.8170,
0.5198,
0.7221,
0.8189,
0.6197,
0.7269,
0.7100,
0.4219,
0.7340,
0.8123,
0.5200,
0.8287,
0.8148,
0.6387,
0.7305,
0.6097,
0.6365,
0.8344,
0.7134,
0.5180,
0.5195,
0.8196,
0.8488,
0.7455,
0.7096,
0.6433,
0.7334,
0.7118,
0.6420,
0.5381,
0.8154,
0.8101,
0.7312,
0.7307,
0.7201,
0.7002,
0.8312,
0.7287,
0.6933,
0.7132,
0.9539,
0.7239,
0.8183,
0.7164,
0.8252,
0.7511,
0.6177,
0.8969,
0.8267,
0.5554,
0.7913,
0.7907,
0.9674,
0.7626,
0.6884,
0.8985,
0.7633,
0.7642,
0.7944,
0.7944,
0.6231,
0.7662,
0.9366,
0.7961,
0.7632,
0.7254,
0.6269,
0.6258,
0.9718,
0.7284,
1.0019,
0.7296,
0.8278,
0.6214,
0.7960,
0.9340,
0.7561,
0.7570,
0.6895,
0.7240,
0.9326,
0.7597,
0.6254,
0.7977,
0.9394,
0.7331,
0.8305,
0.7980,
0.6570,
0.6196,
0.9335,
0.8983,
0.6199,
0.5540,
0.5185,
0.5884,
0.5252,
0.5601,
0.5184,
0.4818,
0.3527,
0.4144,
0.3699,
0.4168,
0.5124,
0.3439,
