0.2756,
0.3808,
0.4831,
0.5872,
0.4118,
0.3042,
0.3030,
0.6135,
0.3104,
0.2056,
0.6133,
0.3063,
0.6193,
0.4145,
0.4186,
0.2096,
0.4190,
0.6247,
0.4138,
0.4098,
0.4095,
0.5175,
0.5182,
0.5212,
0.5214,
0.4149,
0.4138,
0.3069,
0.3094,
0.3100,
0.7234,
0.4163,
0.4166,
0.4155,
0.5185,
0.4119,
0.6178,
0.5108,
0.4049,
0.4043,
0.4070,
0.4113,
0.6170,
0.5161,
0.5165,
0.4162,
0.4117,
0.4129,
0.4124,
0.4111,
0.4145,
0.4162,
0.3121,
0.5172,
0.3099,
0.5181,
0.3112,
0.5146,
0.3083,
0.5127,
0.4120,
0.3080,
0.3110,
0.6204,
0.2100,
0.2062,
0.6223,
0.6228,
0.3133,
0.5166,
0.4117,
0.4131,
0.3109,
0.5179,
0.5216,
0.3122,
0.6243,
0.6217,
0.4148,
0.4126,
0.4115,
0.3047,
0.3037,
0.6129,
0.4056,
0.3070,
0.5139,
0.4162,
0.4175,
0.5187,
0.4134,
0.6236,
0.5162,
0.4135,
0.3044,
0.5139,
0.3098,
0.3094,
0.6171,
0.4099,
0.4086,
0.3071,
0.5144,
0.4137,
0.3121,
0.5166,
0.4134,
0.4144,
0.4139,
0.4154,
0.4164,
0.4119,
0.3095,
0.5124,
0.3076,
0.5090,
0.4077,
0.4128,
0.2104,
0.5216,
0.5215,
0.4152,
0.4135,
0.4125,
0.4161,
0.4147,
0.4167,
0.3072,
0.5124,
0.3012,
0.5091,
0.4084,
0.4137,
0.4177,
0.4160,
0.4157,
0.2073,
0.5138,
0.7186,
0.6182,
0.3104,
0.2102,
0.6217,
0.5243,
0.2099,
0.5237,
0.7322,
0.6269,
0.4144,
0.3121,
0.5187,
0.4156,
0.3102,
0.5163,
0.3081,
0.5186,
0.3150,
0.5209,
0.4200,
0.4201,
0.3139,
0.5228,
0.4168,
0.3133,
0.3129,
0.6236,
0.3109,
0.5186,
0.5170,
0.5174,
0.5186,
0.2079,
0.6245,
0.5217,
0.4175,
0.3137,
0.5222,
0.3083,
0.3074,
0.6227,
0.4111,
0.3116,
0.5204,
0.4118,
0.4153,
0.5143,
0.4139,
0.6164,
0.5138,
0.4142,
0.4112,
0.3078,
0.5128,
0.3045,
0.5123,
0.4122,
0.4141,
0.4139,
0.4137,
0.5175,
0.5171,
0.5203,
0.5208,
0.4151,
0.5213,
0.3132,
0.5204,
0.7311,
0.4141,
0.4118,
0.4090,
0.4046,
0.4072,
0.4111,
0.3100,
0.5134,
0.4150,
0.4133,
0.4168,
0.6196,
0.4122,
0.6175,
0.3066,
0.5087,
0.4097,
0.4132,
0.3129,
0.5195,
0.3077,
0.5181,
0.2101,
0.5222,
0.5214,
0.4201,
0.3104,
0.5178,
0.4078,
0.3060,
0.5113,
0.5154,
0.3122,
0.6202,
0.6154,
0.4061,
0.3051,
0.3086,
0.6115,
0.3116,
0.5188,
0.4138,
0.4147,
0.4123,
0.4114,
0.6198,
0.4156,
0.6200,
0.3096,
0.5171,
0.3072,
0.5095,
0.4064,
0.4065,
0.4068,
0.4068,
0.4105,
0.4131,
0.4125,
0.3095,
0.5191,
0.3131,
0.3141,
0.6238,
0.3126,
0.3139,
0.6240,
0.3076,
0.5109,
0.4063,
0.6103,
0.5090,
0.3048,
0.6146,
0.2101,
0.5178,
0.7235,
0.6276,
0.2073,
0.5199,
0.5224,
0.3103,
0.5156,
0.3047,
0.5150,
0.3097,
0.5178,
0.4171,
0.4134,
0.4150,
0.4105,
0.2043,
0.5107,
0.3056,
0.6113,
0.3070,
0.5096,
0.3074,
0.5127,
0.4125,
0.4122,
0.4173,
0.4142,
0.3066,
0.6159,
0.6153,
0.5102,
0.4078,
0.3072,
0.5111,
0.5169,
0.5172,
0.5189,
0.5216,
0.4167,
0.4176,
0.4166,
0.4139,
0.3119,
0.7279,
0.6249,
0.4173,
0.4171,
0.4178,
0.2055,
0.4136,
0.6172,
0.2017,
0.5082,
0.3086,
0.6159,
0.4163,
0.3120,
0.5221,
0.4183,
0.4165,
0.4161,
0.3099,
0.2044,
0.6191,
0.5162,
0.4135,
0.4165,
0.3125,
0.5206,
0.3090,
0.5182,
0.4138,
0.4148,
0.2044,
0.6212,
0.6194,
0.6187,
0.4124,
0.4148,
0.4149,
0.4161,
0.4139,
0.3098,
0.5191,
0.4115,
0.4161,
0.4160,
0.3126,
0.3133,
0.6209,
0.3127,
0.5205,
0.4133,
0.4163,
0.3080,
0.5179,
0.4159,
0.4137,
0.4169,
0.4124,
0.4093,
0.5126,
0.3072,
0.6094,
0.3051,
0.5089,
0.4099,
0.3100,
0.3119,
0.3134,
0.3140,
0.3128,
0.4181,
0.3145,
0.5201,
0.5127,
