0.3219,
0.4234,
0.4238,
0.4236,
0.5279,
0.5281,
0.2063,
0.2093,
0.2097,
0.2066,
0.2070,
0.4164,
0.3120,
0.4125,
0.4126,
0.2057,
0.3070,
0.4098,
0.5144,
0.3088,
0.5155,
0.2068,
0.5158,
0.2070,
0.5157,
0.2058,
0.2059,
0.2062,
0.3090,
0.4101,
0.5153,
0.4102,
0.4140,
0.2060,
0.2063,
0.5156,
0.3113,
0.2068,
0.2079,
0.4147,
0.3121,
0.3133,
0.2106,
0.4188,
0.3137,
0.2076,
0.2041,
0.5161,
0.3061,
0.3058,
0.4076,
0.5087,
0.3073,
0.3075,
0.4111,
0.5130,
0.2087,
0.2081,
0.2081,
0.3140,
0.5227,
0.4187,
0.3147,
0.5242,
0.5247,
0.3149,
0.3150,
0.3147,
0.2093,
0.5226,
0.3125,
0.3127,
0.2069,
0.5178,
0.3076,
0.4122,
0.4126,
0.5159,
0.5140,
0.2054,
0.5179,
0.3104,
0.3089,
0.2063,
0.3076,
0.2043,
0.4118,
0.5135,
0.4129,
0.2095,
0.2094,
0.3119,
0.4133,
0.2066,
0.4171,
0.2071,
0.2066,
0.2066,
0.3115,
0.4142,
0.2049,
0.3095,
0.5187,
0.2095,
0.5164,
0.5165,
0.5174,
0.3080,
0.3111,
0.5163,
0.2081,
0.5193,
0.4185,
0.3142,
0.4174,
0.2079,
0.3132,
0.5233,
0.2091,
0.2091,
0.2050,
0.5174,
0.5173,
0.2078,
0.5182,
0.5182,
0.5202,
0.5202,
0.4152,
0.2057,
0.2057,
0.5127,
0.5130,
0.3068,
0.2016,
0.3066,
0.4077,
0.4075,
0.2106,
0.5173,
0.2099,
0.4204,
0.4204,
0.2100,
0.5220,
0.3106,
0.2056,
0.3105,
0.4131,
0.3113,
0.2079,
0.3131,
0.4150,
0.2046,
0.3100,
0.3074,
0.5155,
0.3084,
0.4112,
0.2084,
0.4137,
0.2070,
0.2035,
0.5150,
0.5150,
0.2059,
0.5149,
0.4163,
0.2104,
0.5185,
0.2092,
0.5218,
0.3115,
0.2074,
0.4166,
0.4168,
0.2066,
0.3092,
0.2039,
0.5121,
0.4067,
0.3059,
0.5114,
0.2060,
0.5137,
0.2094,
0.3126,
0.4156,
0.2096,
0.2079,
0.2081,
0.3124,
0.5189,
0.4143,
0.2062,
0.2027,
0.3030,
0.5091,
0.2055,
0.4083,
0.5102,
0.4153,
0.3101,
0.4153,
0.4149,
0.4151,
0.3132,
0.3133,
0.2082,
0.4184,
0.4179,
0.3137,
0.2086,
0.3137,
0.5151,
0.3063,
0.4090,
0.5133,
0.4091,
0.4085,
0.5136,
0.4109,
0.4108,
0.5141,
0.4120,
0.4121,
0.4121,
0.3088,
0.5174,
0.3140,
0.4193,
0.3142,
0.3113,
0.5220,
0.4166,
0.4169,
0.3142,
0.4173,
0.5201,
0.2040,
0.2042,
0.3073,
0.2067,
0.3076,
0.4110,
0.2106,
0.2104,
0.3122,
0.5192,
0.1032,
0.5190,
0.3086,
0.2043,
0.4095,
0.4119,
0.2051,
0.3060,
0.3104,
0.3096,
0.3097,
0.5164,
0.4135,
0.4106,
0.4108,
0.5145,
0.3084,
0.2025,
0.4084,
0.3076,
0.3076,
0.2102,
0.4129,
0.2065,
0.4168,
0.3113,
0.4166,
0.4167,
0.2054,
0.3062,
0.2014,
0.3064,
0.3068,
0.4146,
0.3122,
0.4176,
0.4178,
0.2058,
0.5183,
0.3086,
0.3084,
0.4121,
0.2059,
0.2060,
0.4135,
0.4138,
0.4138,
0.4110,
0.5127,
0.3064,
0.4114,
0.3108,
0.5148,
0.2086,
0.4178,
0.4188,
0.3130,
0.4169,
0.3131,
0.3131,
0.3106,
0.3133,
0.4186,
0.3134,
0.2106,
0.4155,
0.2025,
0.2024,
0.4110,
0.3058,
0.3093,
0.3140,
0.2108,
0.5216,
0.3117,
0.5173,
0.4122,
0.2059,
0.2070,
0.4121,
0.2074,
0.3101,
0.4128,
0.4129,
0.4127,
0.3096,
0.4143,
0.4141,
0.5194,
0.4144,
0.2094,
0.3147,
0.5198,
0.5199,
0.4154,
0.5191,
0.4188,
0.2057,
0.5197,
0.5150,
0.2057,
0.4088,
0.3058,
0.2058,
0.4133,
0.5177,
0.2083,
0.4170,
0.5204,
0.3110,
0.4152,
0.3117,
0.4120,
0.4108,
0.4110,
0.3095,
0.4100,
0.2085,
0.3138,
0.3134,
0.4158,
0.4159,
0.4132,
0.3101,
0.2040,
0.4143,
0.3086,
0.4094,
0.4095,
0.5147,
0.3075,
0.4120,
0.3105,
0.4106,
0.5158,
0.4108,
0.4094,
0.4134,
0.2080,
0.5172,
0.3132,
0.4171,
0.5173,
0.4135,
0.2053,
0.5185,
0.3142,
0.3094,
0.4129,
0.3080,
0.2041,
0.3090,
0.5160,
0.5150,
0.5150,
0.4152,
0.2093,
0.4160,
0.5204,
0.5204,
0.4166,
0.5204,
0.2009,
0.2010,
0.4103,
0.3013,
0.3055,
0.3089,
0.5145,
0.5146,
0.3099,
0.5162,
0.4115,
0.3074,
0.5121,
0.2054,
0.5153,
0.3105,
0.5116,
0.2021,
0.3068,
0.2067,
0.4105,
0.3092,
0.2026,
0.4112,
0.2098,
0.5159,
0.2100,
0.5198,
0.3130,
0.2103,
0.4184,
0.4184,
0.2078,
0.3063,
0.3065,
0.4102,
0.4128,
0.3139,
0.5213,
0.5209,
0.3109,
0.4159,
0.2046,
0.2049,
0.4086,
0.4086,
0.5137,
0.5157,
0.4133,
0.4107,
0.5159,
0.4121,
0.3111,
0.4139,
0.5183,
0.3098,
0.4143,
0.5146,
0.4106,
0.5118,
0.5166,
0.5187,
0.3121,
0.5226,
0.3122,
0.4157,
