0.4080,
0.2818,
0.4412,
0.5140,
0.3123,
0.2841,
0.2256,
0.4153,
0.2090,
0.4132,
0.4928,
0.2280,
0.5199,
0.5099,
0.2135,
0.3063,
0.5898,
0.2492,
0.2676,
0.4442,
0.2815,
0.5210,
0.2361,
0.2037,
0.4146,
0.1956,
0.3098,
0.3284,
0.5006,
0.4135,
0.3809,
0.3323,
0.4291,
0.2703,
0.2423,
0.3091,
0.5168,
0.5071,
0.2696,
0.5716,
0.2995,
0.5366,
0.3082,
0.3121,
0.5137,
0.5201,
0.1892,
0.4351,
0.2096,
0.2299,
0.2598,
0.5496,
0.2055,
0.2668,
0.2768,
0.3901,
0.4594,
0.2066,
0.3979,
0.1219,
0.3659,
0.2574,
0.2095,
0.5029,
0.2216,
0.4187,
0.5061,
0.1566,
0.3520,
0.4715,
0.3569,
0.3053,
0.4343,
0.2024,
0.4922,
0.5197,
0.5223,
0.3119,
0.3079,
0.3044,
0.5236,
0.1962,
0.5043,
0.4081,
0.2051,
0.2394,
0.5164,
0.3087,
0.1876,
0.2098,
0.4041,
0.2059,
0.2081,
0.2387,
0.4768,
0.3456,
0.3657,
0.3256,
0.5098,
0.5656,
