0.2566,
0.4658,
0.2092,
0.4662,
0.5708,
0.2062,
0.2063,
0.2022,
0.3066,
0.4089,
0.4101,
0.5108,
0.5126,
0.3090,
0.4109,
0.3117,
0.2065,
0.5156,
0.3107,
0.2055,
0.3068,
0.3074,
0.3075,
0.5158,
0.2090,
0.2093,
0.3133,
0.4177,
0.3112,
0.5199,
0.3113,
0.3115,
0.2084,
0.2062,
0.3102,
0.4142,
0.5191,
0.2094,
0.5220,
0.5229,
0.4189,
0.3106,
0.3057,
0.3050,
0.3089,
0.5123,
0.3110,
0.2074,
0.2045,
0.2026,
0.2021,
0.4094,
0.4094,
0.4139,
0.4133,
0.4133,
0.4133,
0.2101,
0.2103,
0.4164,
0.3131,
0.5145,
0.4118,
0.5146,
0.5147,
0.2103,
0.2093,
0.2072,
0.2039,
0.4136,
0.5155,
0.3075,
0.2065,
0.2074,
0.2078,
0.5190,
0.3126,
0.2093,
0.5227,
0.3133,
0.4181,
0.2083,
0.3102,
0.4143,
0.2070,
0.5194,
0.3103,
0.2051,
0.4123,
0.2075,
0.4106,
0.3095,
0.4137,
0.2089,
0.2089,
0.3135,
0.2087,
0.3139,
0.5208,
0.4160,
0.2054,
0.4127,
0.4082,
0.3078,
0.4130,
0.5140,
0.2104,
0.5229,
0.3149,
0.2063,
0.5222,
0.5137,
0.3072,
0.3072,
0.5140,
0.2073,
0.2076,
0.4129,
0.2056,
0.5181,
0.3155,
0.5193,
0.5232,
0.5198,
0.3101,
0.5180,
0.2086,
0.3104,
0.4194,
0.3146,
0.3145,
0.4197,
0.3118,
0.4171,
0.4172,
0.5218,
0.2053,
0.2035,
0.4098,
0.4101,
0.3090,
0.4107,
0.5140,
0.4113,
0.2047,
0.2052,
0.4129,
0.4128,
0.5179,
0.5197,
0.4144,
0.5158,
0.2042,
0.2043,
0.4129,
0.4100,
0.3071,
0.3071,
0.2050,
0.4081,
0.2053,
0.3092,
0.2090,
0.2090,
0.3134,
0.4178,
0.3089,
0.5183,
0.4151,
0.5194,
0.2067,
0.4176,
0.4165,
0.5220,
0.4154,
0.4155,
0.4145,
0.2090,
0.5171,
0.5171,
0.2057,
0.3085,
0.4108,
0.2065,
0.4121,
0.4120,
0.4149,
0.4148,
0.3138,
0.2087,
0.5194,
0.4136,
0.5181,
0.5175,
0.2087,
0.5220,
0.2073,
0.4176,
0.5214,
0.4151,
0.2060,
0.2059,
0.4132,
0.2072,
0.4175,
0.5214,
0.3156,
0.2104,
0.3154,
0.5258,
0.3104,
0.2053,
0.3107,
0.5212,
0.2083,
0.4158,
0.3106,
0.3109,
0.2043,
0.5150,
0.3118,
0.3137,
0.3179,
0.3154,
0.3151,
0.2099,
0.5283,
0.2059,
0.3112,
0.3105,
0.5181,
0.3119,
0.4172,
0.3128,
0.2104,
0.2067,
0.5205,
0.2086,
0.4153,
0.4119,
0.3075,
0.2057,
0.5157,
0.5159,
0.3102,
0.5130,
0.3047,
0.4074,
0.5138,
0.4149,
0.4151,
0.4135,
0.3060,
0.2051,
0.3064,
0.3064,
0.2076,
0.3092,
0.3092,
0.4100,
0.5139,
0.3071,
0.5158,
0.3112,
0.4124,
0.4130,
0.2042,
0.2072,
0.4109,
0.2034,
0.5149,
0.4106,
0.5151,
0.3040,
0.3040,
0.5129,
0.5095,
0.2054,
0.2054,
0.2057,
0.3106,
0.3107,
0.5152,
0.2082,
0.3118,
0.4172,
0.5205,
0.4173,
0.2089,
0.2034,
0.3073,
0.4090,
0.5142,
0.2068,
0.5175,
0.3115,
0.3088,
0.4135,
0.2071,
0.2072,
0.3119,
0.5212,
0.4158,
0.3139,
0.2070,
0.2103,
0.5217,
0.2078,
0.3096,
0.5174,
0.3095,
0.5131,
0.2059,
0.3137,
0.2083,
0.5195,
0.5195,
0.3153,
0.3153,
0.3148,
0.4201,
0.2099,
0.5153,
0.5141,
0.4089,
0.5097,
0.4115,
0.5151,
0.5169,
0.5186,
0.4143,
0.3091,
0.2065,
0.5195,
0.2075,
0.2074,
0.3110,
0.3110,
0.4146,
0.5197,
0.5215,
0.5189,
0.2079,
0.3130,
0.3083,
0.3090,
0.4127,
0.5180,
0.2090,
0.5170,
0.3079,
0.5174,
0.5165,
0.2085,
0.4162,
0.2073,
0.5184,
0.4149,
0.5191,
0.2057,
0.5149,
0.3071,
0.4102,
0.2040,
0.5150,
0.2053,
0.5151,
0.3081,
0.4091,
0.5143,
0.4120,
0.3115,
0.5171,
0.3066,
0.3068,
0.3019,
0.3058,
0.5092,
0.5140,
0.3126,
0.2066,
0.5153,
0.4123,
0.2034,
0.4100,
0.2050,
0.3103,
0.2082,
0.3122,
0.5199,
0.5198,
0.2069,
0.5195,
0.2043,
0.5146,
0.3052,
0.2010,
0.2050,
0.3129,
0.3133,
