0.2286,
0.3309,
0.3075,
0.3089,
0.2057,
0.4145,
0.2099,
0.2098,
0.2102,
0.4144,
0.6249,
0.4143,
0.4143,
0.3076,
0.3065,
0.2101,
0.3079,
0.3027,
0.2041,
0.2045,
0.3075,
0.4146,
0.3125,
0.3085,
0.5164,
0.3118,
0.3087,
0.2020,
0.3100,
0.5161,
0.2060,
0.3056,
0.5097,
0.2075,
0.5165,
0.5138,
0.4112,
0.6158,
0.3077,
0.3077,
0.2029,
0.3088,
0.3102,
0.3081,
0.5133,
0.3071,
0.5153,
0.4162,
0.6224,
0.2050,
0.4112,
0.2080,
0.3086,
0.2094,
0.5204,
0.4113,
0.5140,
0.3099,
0.2041,
0.4100,
0.6165,
0.3145,
0.2068,
0.5224,
0.2106,
0.3111,
0.3101,
0.3111,
0.5181,
0.4162,
0.2065,
0.2045,
0.3116,
0.5199,
0.3149,
0.3113,
0.6258,
0.2096,
0.4164,
0.4132,
0.2084,
0.4115,
0.3068,
0.3061,
0.2046,
0.2070,
0.3089,
0.4097,
0.5116,
0.2061,
0.6176,
0.3175,
0.5135,
0.4008,
0.3039,
0.4112,
0.3110,
0.2092,
0.4130,
0.2020,
0.3076,
0.4122,
0.4145,
0.5170,
0.5108,
0.3053,
0.2072,
0.2071,
0.4172,
0.3103,
0.2098,
0.5203,
0.2081,
0.4149,
0.2055,
0.5156,
0.2089,
0.5196,
0.3142,
0.5203,
0.4172,
0.4184,
0.5168,
0.5133,
0.2052,
0.4107,
0.3081,
0.2066,
0.5135,
0.3184,
0.5247,
0.5145,
0.5160,
0.4192,
0.5225,
0.3101,
0.5163,
0.5188,
0.2048,
0.2013,
0.3021,
0.3069,
0.3066,
0.5151,
0.2050,
0.3072,
0.5148,
0.4134,
0.5177,
0.5145,
0.2067,
0.4127,
0.3107,
0.3106,
0.2035,
0.4142,
0.3109,
0.3093,
0.4181,
0.4184,
0.5142,
0.5118,
0.3093,
0.5153,
0.3139,
0.4106,
0.2101,
0.5148,
0.2062,
0.5186,
0.3123,
0.2099,
0.4139,
0.4107,
0.5156,
0.4119,
0.3125,
0.6259,
0.3153,
0.3149,
0.4149,
0.4153,
0.2092,
0.5247,
0.4175,
0.2067,
0.5157,
0.2066,
0.4199,
0.5244,
0.4144,
0.5184,
0.4172,
0.3094,
0.3068,
0.4071,
0.4159,
0.4099,
0.2034,
0.3148,
