0.1450,
0.2533,
0.3521,
0.4562,
0.5608,
0.6613,
0.4121,
0.6250,
0.3101,
0.5626,
0.5181,
0.3093,
0.2525,
0.5676,
0.6228,
0.4139,
0.4111,
0.3726,
0.6236,
0.3725,
0.1522,
0.5641,
0.5165,
0.4160,
0.4177,
0.3820,
0.1840,
0.2648,
0.5790,
0.3802,
0.3394,
0.4120,
0.4135,
0.3002,
0.1577,
0.4851,
0.3114,
0.6394,
0.5155,
0.7125,
0.5378,
0.7059,
0.3197,
0.4927,
0.2937,
0.4176,
0.2070,
0.4829,
0.3266,
0.2075,
0.3124,
0.5331,
0.4131,
0.5801,
0.5749,
0.2535,
0.4129,
0.2668,
0.7186,
0.3686,
0.5113,
0.6667,
0.5136,
0.3080,
0.2495,
0.5128,
0.2638,
0.3095,
0.4134,
0.5604,
0.5143,
0.5195,
0.5164,
0.4519,
0.4109,
0.2047,
0.4130,
0.2507,
0.6231,
0.5109,
0.5102,
0.3124,
0.7285,
0.6489,
0.4155,
0.3619,
0.5665,
0.4640,
0.3877,
0.3308,
0.5185,
0.3593,
0.3105,
0.3136,
0.4629,
0.3328,
0.4412,
0.2832,
0.2609,
0.3351,
0.6926,
0.5187,
0.6635,
0.2571,
0.5056,
0.3759,
0.4419,
0.3078,
0.4082,
0.4201,
0.6260,
0.3093,
0.5005,
0.3098,
0.4143,
0.2770,
0.5784,
0.4126,
0.6603,
0.5118,
0.5461,
0.3542,
0.6461,
0.6244,
0.4614,
0.5182,
0.5184,
0.5196,
0.4122,
0.3232,
0.5835,
0.5334,
0.2720,
0.3131,
0.5178,
0.3079,
0.3105,
0.4648,
0.3477,
0.7047,
0.2558,
0.3602,
0.4944,
0.3818,
0.2250,
0.2582,
0.2267,
0.4139,
0.2783,
0.4537,
0.2662,
0.4103,
0.5985,
0.4882,
0.3305,
0.4202,
0.4140,
0.5683,
0.5056,
0.3774,
0.6566,
0.7558,
0.3662,
0.7572,
0.3836,
0.4697,
0.3230,
0.4077,
0.3524,
0.5182,
0.4347,
0.4687,
0.4644,
0.5792,
0.2558,
0.2617,
0.6523,
0.2630,
0.6599,
0.6999,
0.3059,
0.2765,
0.4958,
0.4682,
0.6752,
0.3924,
0.3407,
0.1715,
0.4155,
0.2410,
0.6177,
0.6464,
0.6393,
0.4591,
0.7000,
0.4127,
0.4112,
0.4117,
0.3198,
0.3970,
0.2091,
0.4870,
0.4960,
0.1745,
0.5393,
0.4308,
0.3323,
0.7212,
0.5186,
0.4097,
0.5433,
0.3893,
0.3111,
0.5988,
0.3510,
0.3251,
0.5041,
0.4155,
0.5151,
0.4179,
0.3756,
0.3214,
0.5824,
0.3069,
0.2279,
0.4221,
0.6189,
0.4545,
0.4784,
0.2092,
0.3963,
0.1856,
0.2856,
0.5008,
0.2455,
0.3794,
0.3309,
0.5242,
0.2791,
0.2174,
0.4525,
0.2990,
0.5239,
0.4333,
0.4112,
0.5193,
0.3248,
0.5365,
0.5020,
0.2053,
0.3966,
0.3111,
0.2352,
0.3152,
0.5322,
0.4154,
0.3381,
0.7020,
0.4121,
0.3850,
0.2081,
0.3950,
0.4186,
0.4135,
0.4126,
0.4082,
0.2853,
0.4274,
0.6443,
0.5389,
0.5036,
0.4182,
0.5200,
0.5080,
0.4029,
0.4036,
0.6179,
0.4132,
0.3141,
0.3326,
0.2093,
0.1840,
0.4203,
0.3053,
0.2047,
0.5392,
0.4193,
0.3119,
0.3910,
0.3079,
0.5370,
0.5976,
0.5102,
0.5347,
0.2078,
0.6277,
0.4129,
0.5172,
0.7252,
0.5227,
0.3048,
0.5092,
0.7049,
0.5341,
0.4936,
0.4928,
0.4253,
0.4234,
0.4054,
0.3372,
0.3355,
0.3027,
0.7228,
0.5117,
0.4078,
0.4084,
0.6131,
0.4158,
0.5324,
0.2054,
0.1902,
0.6026,
0.5339,
0.4297,
0.3215,
0.3877,
0.6150,
0.6216,
0.7204,
0.4022,
0.4052,
0.4086,
0.4386,
0.4167,
0.3250,
0.6307,
0.6270,
0.2066,
0.4838,
0.5194,
0.1809,
0.5306,
0.1828,
0.2976,
0.5157,
0.2941,
0.2274,
0.4121,
0.5397,
0.4091,
0.3096,
0.4258,
0.3091,
0.6915,
0.5164,
0.4139,
0.7275,
0.3083,
0.5032,
0.4283,
0.3115,
0.3324,
0.4182,
0.7101,
0.4221,
0.4175,
0.4046,
0.4067,
0.6205,
0.2041,
0.4264,
0.2015,
0.4081,
0.4069,
0.7202,
0.5162,
0.5036,
0.2932,
0.5328,
0.4231,
0.6291,
0.5020,
0.5192,
0.4105,
0.4108,
0.5357,
0.4199,
0.1929,
0.4039,
0.5127,
0.7217,
0.5033,
0.4155,
0.4029,
0.6064,
0.5189,
0.4145,
0.3142,
0.4303,
0.6270,
0.4271,
0.3149,
0.4139,
0.5354,
0.6234,
0.4258,
0.1961,
0.3197,
0.7076,
0.3933,
0.6011,
0.5057,
0.4121,
0.4028,
0.3149,
0.3326,
0.3036,
0.2226,
0.5356,
0.4142,
0.5408,
0.2026,
0.4907,
0.4213,
0.4874,
0.4326,
0.3937,
0.5963,
0.5039,
0.2218,
0.6396,
0.6369,
0.5999,
0.4162,
0.5292,
0.5114,
0.4179,
0.4100,
0.1805,
0.5131,
0.4257,
0.5122,
0.3127,
0.5031,
0.4123,
0.7142,
0.4959,
0.5192,
0.4155,
0.3089,
0.5190,
0.3096,
0.5150,
0.5187,
0.8318,
0.3151,
0.5242,
0.7156,
0.3140,
0.3143,
0.5331,
0.4299,
0.3125,
0.4263,
0.4242,
0.4049,
0.5195,
0.5096,
0.4099,
0.5314,
0.2985,
0.5001,
0.4171,
0.2964,
0.4163,
0.3149,
0.3075,
0.5145,
0.5178,
0.3020,
0.6227,
0.5152,
0.5241,
0.5104,
0.4236,
0.2965,
0.4171,
0.3174,
0.3048,
0.2037,
0.4147,
0.4299,
0.5210,
0.3154,
0.7335,
0.5204,
0.4120,
0.3077,
0.4942,
0.4077,
0.3082,
0.4071,
0.3093,
0.4973,
0.4299,
0.2941,
0.6030,
0.6231,
0.6292,
0.5215,
0.1934,
0.4203,
0.3140,
0.2045,
0.2266,
0.6247,
0.2134,
0.3932,
0.5086,
0.3236,
0.4013,
0.1967,
0.4165,
0.5249,
0.6349,
0.6356,
0.5205,
0.4133,
0.6260,
0.5213,
0.5108,
0.5123,
0.2090,
0.5146,
0.5048,
0.3204,
0.3042,
0.2969,
0.6279,
0.5135,
0.4102,
0.3123,
0.6160,
0.5244,
0.5279,
0.5114,
0.2966,
0.5090,
0.4979,
0.4240,
0.3109,
0.2040,
0.6075,
0.4296,
0.4200,
0.3212,
0.6282,
0.2906,
0.5054,
0.3260,
0.2912,
0.2185,
0.4116,
0.5257,
0.3152,
0.5972,
0.5316,
0.7366,
0.2090,
0.3997,
0.5951,
0.2073,
0.1970,
0.5406,
0.3097,
0.5203,
0.2025,
0.3136,
0.4084,
0.3886,
0.4892,
0.4899,
0.4411,
0.3374,
0.6260,
0.5446,
0.4058,
0.2253,
0.4138,
0.2174,
0.5220,
0.3127,
0.5288,
0.5052,
0.4885,
0.3956,
0.3970,
0.1395,
0.2793,
0.5114,
