0.2882,
0.3925,
0.4122,
0.4124,
0.4162,
0.5213,
0.2078,
0.5203,
0.4164,
0.4189,
0.4123,
0.5159,
0.5191,
0.3108,
0.3038,
0.4063,
0.2054,
0.3069,
0.3088,
0.2089,
0.3084,
0.4103,
0.2059,
0.2095,
0.4110,
0.3020,
0.3089,
0.5117,
0.2052,
0.2063,
0.5138,
0.2075,
0.3110,
0.3079,
0.5127,
0.2074,
0.3090,
0.4119,
0.4123,
0.3062,
0.5151,
0.2020,
0.4111,
0.4169,
0.4170,
0.2050,
0.3082,
0.5113,
0.4081,
0.3074,
0.4102,
0.2071,
0.4117,
0.5129,
0.3064,
0.2044,
0.4094,
0.2026,
0.5137,
0.3111,
0.4179,
0.3133,
0.2065,
0.2090,
0.4157,
0.4180,
0.5231,
0.3130,
0.2044,
0.5166,
0.2056,
0.2085,
0.4151,
0.2052,
0.5175,
0.5166,
0.4117,
0.3099,
0.5171,
0.3146,
0.4140,
0.4139,
0.4177,
0.5174,
0.5191,
0.3133,
0.2055,
0.4131,
0.5170,
0.4146,
0.5165,
0.2055,
0.5137,
0.5206,
0.5207,
0.2099,
0.5227,
0.4178,
0.5195,
0.4147,
0.2103,
0.5206,
0.5151,
0.3095,
0.3072,
0.5156,
0.5224,
0.5211,
0.2045,
0.3068,
0.3129,
0.4133,
0.5134,
0.5182,
0.4114,
0.3065,
0.2101,
0.5165,
0.4110,
0.4177,
0.4145,
0.2058,
0.3073,
0.2073,
0.4126,
0.2053,
0.2049,
0.3098,
0.2054,
0.2059,
0.2044,
0.4129,
0.2082,
0.5144,
0.5116,
0.4072,
0.4080,
0.2039,
0.3088,
0.2077,
0.3109,
0.5211,
0.3148,
0.2079,
0.2079,
0.3148,
0.3125,
0.3113,
0.2092,
0.4184,
0.3095,
0.2076,
0.5173,
0.2080,
0.2082,
0.3122,
0.5169,
0.3097,
0.2069,
0.4146,
0.3126,
0.4152,
0.2098,
0.2099,
0.4155,
0.4155,
0.2096,
0.4187,
0.5243,
0.5205,
0.4111,
0.5128,
0.4121,
0.3096,
0.5197,
0.3107,
0.4140,
0.3113,
0.2067,
0.2086,
0.3154,
0.3136,
0.4161,
0.5216,
0.2086,
0.4148,
0.5184,
0.3117,
0.5183,
0.2079,
0.2059,
0.2049,
0.4133,
0.5145,
0.5173,
0.5187,
0.2077,
0.3138,
0.4111,
0.2042,
