0.2510,
0.3562,
0.4610,
0.5620,
0.6640,
0.7655,
0.8686,
0.9704,
1.0753,
1.1785,
0.9238,
1.1309,
1.0262,
1.0286,
0.9298,
1.1361,
1.0342,
1.0353,
1.0355,
0.9357,
1.1425,
0.9312,
1.1415,
0.9296,
1.1390,
0.9944,
0.8942,
1.0990,
0.8910,
1.1013,
0.8983,
1.1006,
0.9996,
1.0042,
0.9344,
1.1041,
0.9363,
1.1386,
0.9281,
1.1385,
1.0351,
0.8701,
1.0732,
0.8689,
1.0737,
0.8659,
0.8686,
1.1783,
0.9756,
0.9732,
0.9683,
0.9279,
1.1302,
0.9234,
1.1327,
1.0294,
1.0278,
1.0268,
0.9259,
1.1314,
1.0312,
0.8248,
0.8248,
1.1339,
1.3373,
1.0278,
0.9240,
1.1305,
1.0214,
0.7106,
1.1218,
1.1203,
0.9189,
1.2309,
0.9215,
1.1284,
0.9311,
0.6304,
1.0384,
0.9388,
0.8362,
1.2461,
0.8306,
1.0390,
0.9384,
0.9277,
1.0360,
1.0297,
1.0264,
0.9214,
1.1296,
1.0274,
1.0285,
0.9209,
1.1303,
0.9233,
1.1303,
0.9274,
1.1308,
0.9291,
1.1374,
0.9322,
1.1344,
1.0322,
0.9318,
0.9315,
1.2388,
1.0274,
0.9263,
1.1351,
0.9449,
0.9447,
0.9453,
0.8409,
1.0522,
0.7455,
1.0471,
1.0478,
0.8381,
0.9214,
0.9222,
0.9262,
1.3580,
1.0301,
1.0281,
0.9291,
1.1343,
1.0377,
0.9396,
0.9356,
1.2478,
1.0392,
1.0417,
1.0443,
1.0444,
1.0018,
0.8957,
1.1038,
0.8934,
1.0980,
0.8890,
1.0931,
0.8845,
1.0902,
0.9799,
0.9188,
1.1279,
1.0229,
0.9243,
1.1317,
1.0326,
1.0372,
1.0367,
0.8290,
1.1386,
1.1420,
1.0330,
1.0334,
1.0332,
0.9354,
0.9355,
0.9353,
0.8373,
1.0391,
0.9374,
0.8366,
0.7284,
1.1479,
1.0475,
1.0442,
1.0381,
0.9297,
1.1396,
0.9314,
1.1365,
1.0326,
1.0301,
0.9249,
1.1282,
0.9229,
1.1308,
1.0274,
1.0234,
1.0273,
0.9228,
1.1242,
1.0231,
0.7175,
1.0298,
1.2331,
1.1310,
1.0304,
1.0337,
0.9682,
0.9728,
0.9743,
0.8730,
0.8692,
1.1808,
0.8676,
0.8658,
1.1780,
0.7196,
1.0312,
1.0266,
1.2762,
0.9268,
1.1298,
1.0320,
1.0339,
0.7259,
1.1408,
1.1416,
1.1457,
0.7889,
1.0989,
1.0995,
0.9968,
0.9924,
0.9902,
0.9892,
0.8818,
1.0911,
0.9848,
1.0286,
0.9229,
1.1335,
1.0279,
0.8236,
0.8257,
1.1351,
1.3406,
1.0315,
1.0303,
0.9308,
1.1360,
0.9286,
1.1351,
0.9295,
0.8278,
1.1388,
0.8290,
1.0335,
0.8295,
1.0346,
0.8314,
1.0346,
0.9342,
0.9328,
1.0386,
0.9341,
1.1411,
0.9357,
0.9379,
1.2510,
1.0417,
1.0426,
0.9396,
1.1460,
1.0377,
0.9336,
1.1356,
0.9285,
1.1345,
0.9253,
1.1340,
0.9273,
1.1379,
0.9853,
0.8861,
0.8902,
1.1985,
0.7895,
0.7879,
1.0988,
1.3002,
0.9887,
0.9884,
1.0389,
1.0357,
1.0354,
1.0345,
1.0323,
1.0324,
1.0369,
0.8316,
1.1466,
1.1083,
1.0037,
1.0022,
0.7947,
1.1076,
1.1076,
1.0066,
1.0053,
0.8335,
1.0049,
1.2137,
1.0414,
0.7300,
1.1460,
0.8320,
1.2112,
1.2120,
0.8984,
1.1079,
1.0008,
1.0016,
0.8984,
1.1056,
1.0006,
0.9348,
1.1044,
1.0395,
0.8302,
1.1380,
1.1353,
1.0336,
1.0340,
1.0347,
0.7582,
0.9676,
1.1722,
0.8555,
1.0610,
0.8600,
1.0667,
0.9648,
0.9626,
0.9255,
1.0587,
0.9234,
0.9269,
1.2282,
1.0259,
1.0232,
1.0235,
0.9202,
1.1271,
1.0284,
0.9286,
1.1327,
1.0312,
1.0319,
1.0361,
0.8288,
1.1421,
1.1383,
1.0343,
0.9299,
1.1372,
0.9730,
0.8688,
1.0751,
0.9735,
0.7677,
1.0731,
1.0749,
0.9739,
0.9755,
0.9351,
1.0790,
1.0415,
1.0398,
0.8356,
1.1407,
0.8294,
1.0377,
1.3473,
1.0357,
0.9325,
0.9318,
1.2400,
1.0301,
1.0281,
0.8252,
0.8227,
1.2376,
1.2364,
0.9211,
0.9197,
1.2335,
0.9856,
0.9850,
0.8827,
1.0912,
0.8854,
1.0959,
0.9943,
0.9987,
0.8939,
1.1034,
0.9419,
1.1438,
0.9380,
1.1440,
1.0381,
0.9313,
1.1384,
1.0313,
1.0315,
0.8257,
1.1211,
1.1182,
1.0187,
1.0225,
0.9197,
0.9220,
1.2317,
0.9253,
0.9127,
1.2262,
1.0312,
1.0331,
1.0317,
1.0259,
0.8188,
1.0251,
1.2347,
0.8252,
1.0309,
1.2290,
0.9779,
0.9805,
0.8779,
1.0835,
0.7723,
1.0850,
1.0836,
0.9806,
0.9828,
0.9333,
1.0869,
1.0346,
1.0350,
0.9316,
1.1380,
1.0359,
1.0410,
1.0413,
1.0422,
1.0421,
0.8380,
0.8368,
1.2502,
0.8658,
1.2793,
0.8611,
1.0723,
0.8594,
1.0666,
0.9612,
0.9591,
0.9601,
0.7225,
1.0328,
1.0332,
1.2683,
0.9268,
1.1325,
1.0325,
1.0346,
1.0327,
1.0297,
1.0325,
1.0296,
1.0321,
0.9340,
1.1401,
0.8289,
1.1416,
0.8328,
1.2454,
1.1411,
0.9363,
1.0910,
0.8831,
1.0893,
0.9841,
0.8807,
1.0896,
0.8828,
1.0933,
0.8877,
1.0967,
1.0452,
0.9449,
0.9413,
0.9417,
1.3577,
1.0441,
1.0413,
1.0417,
0.9360,
1.1343,
0.9248,
1.1309,
1.0287,
1.0284,
1.0268,
0.9249,
1.1304,
1.0282,
0.9351,
1.0714,
0.7684,
1.0798,
1.0801,
0.9731,
0.9745,
0.9735,
0.8694,
1.0774,
0.8277,
1.0774,
1.1362,
1.0343,
1.0342,
1.0383,
0.9319,
1.1386,
1.0369,
0.9349,
0.9322,
1.2458,
1.0340,
0.9312,
0.9288,
1.2412,
1.0380,
1.0379,
1.0389,
0.9932,
0.7871,
1.0937,
1.0939,
0.8910,
1.0987,
0.9935,
0.9927,
0.7275,
1.0943,
1.0344,
1.1941,
1.0367,
1.0383,
1.0367,
0.9304,
1.1370,
0.9301,
1.1391,
0.8300,
1.1376,
1.1375,
1.0356,
0.8707,
1.0742,
0.9738,
0.9739,
0.9714,
0.8690,
1.0758,
0.9733,
0.8661,
0.9287,
1.1792,
1.0365,
1.0333,
1.0345,
1.0353,
1.0325,
0.8299,
1.1379,
1.1419,
1.0383,
0.9343,
0.9358,
1.2418,
1.0317,
1.0338,
1.0353,
0.8208,
1.1362,
1.1326,
0.8224,
1.0297,
1.1895,
0.8868,
1.0928,
0.9927,
0.9914,
0.8901,
1.0995,
0.9986,
0.9965,
0.9924,
1.0395,
1.0353,
0.9303,
1.1404,
1.0382,
0.8267,
1.0325,
1.2404,
0.9291,
1.1356,
1.0339,
1.0383,
1.0346,
0.8257,
1.1368,
1.1333,
1.0334,
0.9325,
1.1390,
0.9488,
0.8429,
1.0526,
0.8434,
1.0516,
0.8450,
1.0520,
0.9489,
0.9499,
0.9474,
0.9301,
1.1345,
1.0324,
1.0347,
0.8263,
1.1373,
1.1400,
0.8275,
1.1355,
1.1337,
1.0303,
1.0334,
1.0307,
1.0283,
1.0274,
1.0291,
1.0291,
0.7229,
1.0303,
1.2369,
0.8294,
1.2412,
0.9352,
1.2440,
0.9022,
1.1118,
0.9081,
1.1104,
1.0082,
1.0081,
1.0073,
1.0036,
0.8989,
1.1090,
1.0387,
1.0367,
0.9323,
1.1376,
1.0379,
1.0376,
1.0369,
1.0375,
1.0375,
1.0347,
1.0335,
0.9296,
1.1363,
1.0289,
1.0240,
1.0253,
1.0271,
0.9266,
1.0537,
0.9514,
0.9534,
0.9551,
0.9560,
0.8600,
1.0621,
0.9612,
0.9615,
0.9618,
1.0402,
1.0410,
1.0414,
1.0382,
1.0403,
0.8337,
1.1442,
0.9365,
1.2510,
1.0371,
1.0378,
1.0347,
1.0350,
1.0386,
0.9303,
0.9310,
1.2447,
1.0342,
0.9321,
1.1389,
1.0317,
0.9277,
1.1343,
1.0287,
1.0314,
1.0292,
1.0289,
1.0313,
1.0225,
0.8208,
1.1258,
1.1300,
0.9238,
1.1330,
1.0261,
0.9235,
0.9224,
1.2374,
0.9107,
1.1142,
1.0070,
0.9091,
1.1158,
1.0130,
1.0156,
1.0157,
1.0169,
0.9322,
1.1182,
1.0412,
1.0449,
1.0418,
1.0373,
0.8303,
0.7589,
1.1778,
1.1780,
0.9669,
0.9666,
0.9673,
0.9655,
0.7242,
1.0668,
1.0669,
1.0655,
1.0286,
1.0285,
1.0291,
0.9207,
1.1267,
0.9216,
0.9240,
1.2327,
1.0325,
0.9310,
1.1376,
0.8329,
1.0383,
1.2424,
1.0436,
1.0448,
1.0434,
0.9375,
1.1429,
0.8304,
1.1424,
1.1423,
1.0060,
1.0063,
1.0023,
1.0022,
1.0032,
0.9034,
1.1081,
0.7268,
1.1078,
1.1059,
1.1049,
1.0331,
1.0369,
1.0326,
0.9253,
0.8222,
1.2387,
0.9280,
1.2395,
0.8292,
1.0360,
1.2442,
1.0331,
1.0324,
1.0312,
1.0267,
0.9222,
1.1289,
1.0238,
1.0252,
1.0257,
1.0218,
0.9258,
1.1292,
1.0334,
0.9519,
0.8521,
1.0579,
0.9561,
0.9562,
0.9571,
0.9584,
0.9579,
0.8306,
1.0570,
0.8279,
1.0354,
1.2644,
0.9307,
1.1397,
0.9307,
1.1366,
1.0352,
0.8318,
1.0395,
1.2415,
1.0353,
1.0344,
0.8288,
1.1375,
1.1391,
0.9317,
0.9311,
1.2403,
1.0296,
1.0306,
1.0283,
1.0292,
1.0286,
1.0323,
1.0318,
1.0314,
0.8316,
1.0395,
1.0442,
0.9452,
0.9488,
0.9482,
0.9439,
0.8358,
1.0460,
0.9418,
0.7246,
0.9333,
1.1491,
1.2456,
1.0328,
0.9298,
0.9280,
1.2362,
0.9250,
1.1350,
0.9277,
1.1327,
1.0289,
1.0305,
1.0301,
0.8281,
1.0386,
1.2416,
1.0386,
1.0397,
0.9375,
0.9376,
1.2483,
0.9395,
0.9351,
1.2463,
1.0377,
0.9329,
0.9302,
1.2459,
1.0359,
0.8011,
1.1081,
1.1077,
1.0093,
1.0067,
1.0087,
0.9054,
1.1134,
1.0097,
1.0096,
1.0371,
1.0383,
1.0337,
0.9279,
1.1359,
1.0341,
1.0367,
1.0355,
1.0323,
1.0328,
1.0325,
1.0160,
1.0198,
0.9189,
1.1291,
0.9186,
1.1281,
1.0228,
0.9182,
0.9162,
1.2270,
1.0365,
0.9329,
1.1424,
1.0374,
0.7248,
1.1391,
0.9374,
0.8364,
1.2474,
0.9416,
0.8358,
1.0443,
0.9371,
0.8308,
1.0349,
0.9236,
1.0334,
1.0294,
0.8226,
1.0320,
1.2368,
1.0284,
1.0304,
0.9381,
0.8373,
1.2461,
1.1441,
1.0367,
0.8315,
1.1441,
0.9457,
1.2539,
0.9396,
1.1554,
1.0432,
0.8394,
1.1469,
1.1480,
0.8312,
1.0462,
1.2510,
0.9300,
0.9280,
1.2434,
1.0365,
1.0389,
0.9367,
1.1126,
0.9000,
0.9057,
1.2150,
1.0093,
0.9057,
1.1168,
0.9067,
0.9048,
1.2161,
1.0399,
1.0444,
1.0416,
0.8316,
1.1448,
1.1473,
0.9324,
1.1425,
0.9328,
1.1404,
0.8302,
1.0545,
1.0511,
0.9501,
0.9462,
0.9457,
0.8449,
0.6382,
0.9513,
0.6227,
0.6224,
0.6206,
0.6154,
0.3062,
0.5175,
