0.4734
0.2317
0.4967
0.5411
0.3966
0.2215
0.5009
0.2232
0.1833
0.4299
0.2898
0.3282
0.2923
0.2273
0.2916
0.3281
0.4956
0.5394
0.1824
0.4303
0.2942
0.2266
0.3911
0.3361
0.3908
0.4276
0.4047
0.5259
0.1989
0.3186
0.1965
0.2168
0.2016
0.5192
0.5235
0.3037
0.5257
0.3021
0.3229
0.3992
0.4284
0.2954
0.2202
0.1944
0.2153
0.3989
0.4299
0.4033
0.5247
0.4017
0.5301
0.3926
0.3300
0.1920
0.4224
0.5096
0.2204
0.1897
0.3218
0.5007
0.5350
0.2897
0.5293
0.2957
0.4333
0.1865
0.2295
0.2832
0.4391
0.4928
0.4319
0.4981
0.3228
0.2959
0.3228
0.2006
0.4212
0.3068
0.2113
0.3058
0.1094
0.4087
0.4154
0.2112
0.2011
0.2174
0.5024
0.4384
0.1743
0.4401
0.2803
0.4489
0.3763
0.3453
0.5875
0.4421
0.1760
0.3451
0.4858
0.2407
