0.1434,
0.2488,
0.3507,
0.4554,
0.5607,
0.6624,
0.7677,
0.7270,
0.9748,
0.8316,
0.8348,
0.7296,
0.9406,
0.8350,
0.8325,
0.7304,
0.9389,
0.8297,
0.8291,
0.8292,
0.7238,
0.9261,
0.8269,
0.8247,
0.7238,
0.7242,
1.0352,
0.7251,
0.9297,
0.7274,
0.9377,
0.8311,
0.8303,
0.7212,
0.7204,
1.0337,
0.6136,
0.9264,
0.9263,
0.7218,
0.9300,
0.8311,
0.8331,
0.7320,
0.9366,
0.8362,
0.7269,
0.9346,
0.8295,
0.7229,
0.9286,
0.7202,
0.9274,
0.7222,
0.7244,
1.0323,
0.7261,
0.9205,
0.6086,
0.9199,
0.9208,
0.8181,
0.8156,
0.8166,
0.7239,
0.9193,
0.6240,
0.9342,
0.9341,
0.8305,
0.8312,
0.8307,
0.6940,
0.9023,
0.4844,
0.8968,
0.7962,
0.6896,
1.1007,
0.7893,
0.8210,
0.7205,
0.7197,
1.0266,
0.7204,
0.7251,
1.0276,
0.7233,
0.9311,
0.8256,
0.8295,
0.6238,
0.9338,
0.9321,
0.8309,
0.6235,
0.9330,
0.9337,
0.8307,
0.8298,
0.8091,
0.8136,
0.8110,
0.8093,
0.6026,
0.6031,
1.0216,
1.0198,
0.6248,
0.9383,
0.9352,
0.7294,
0.9399,
0.6433,
0.8499,
0.7482,
0.6396,
0.8493,
0.6411,
0.8509,
0.7240,
0.8459,
0.5168,
0.9279,
0.8223,
1.0265,
0.6161,
0.9240,
0.9244,
0.8212,
0.8240,
0.8278,
0.8280,
0.8301,
0.8285,
0.7261,
0.9349,
0.8313,
0.8294,
0.6197,
0.9317,
0.9333,
0.7248,
0.9319,
0.8255,
0.7193,
0.6342,
1.0078,
0.9084,
0.7000,
0.9099,
0.8057,
0.8085,
0.8089,
0.7930,
0.7268,
0.9331,
0.6168,
0.9291,
0.7173,
0.7216,
1.1340,
0.8246,
0.7204,
0.9269,
0.7227,
0.9317,
0.7262,
0.7270,
1.0404,
0.8295,
0.7286,
0.9526,
0.7590,
0.6527,
0.8601,
0.7538,
0.7529,
0.7535,
0.6198,
0.8582,
0.8427,
0.8280,
0.7247,
0.9293,
0.8258,
0.8268,
0.7209,
0.9259,
0.8205,
0.7200,
0.9255,
0.8253,
0.8236,
0.8239,
0.8253,
0.8289,
0.7267,
0.7261,
1.0389,
0.8321,
0.8304,
0.8313,
0.8319,
0.7282,
0.9386,
0.8342,
0.8338,
0.7321,
0.9332,
0.8300,
0.8300,
0.8298,
0.8260,
0.6195,
0.9283,
0.9258,
0.8279,
0.8304,
0.8142,
0.8106,
0.8139,
0.7088,
0.9133,
0.7082,
0.6176,
1.0215,
0.9145,
0.8291,
0.8289,
0.8310,
0.8328,
0.7306,
0.6274,
0.9488,
0.8446,
0.7398,
0.7389,
0.7409,
0.7401,
0.7408,
0.7369,
0.8289,
0.6225,
0.9336,
0.7224,
1.0361,
0.7225,
0.9330,
0.8276,
0.7240,
0.9299,
0.8264,
0.7247,
0.9329,
0.8236,
0.8228,
0.8264,
0.8289,
0.7278,
0.9381,
0.7284,
0.9374,
0.8378,
0.7306,
0.9407,
0.7311,
0.9416,
0.7308,
0.7308,
1.0414,
0.8339,
0.6250,
0.8036,
1.0119,
0.6975,
0.6975,
1.0078,
0.8022,
0.6932,
0.9006,
0.8239,
0.7215,
0.9310,
0.8224,
0.8227,
0.8230,
0.7238,
0.7286,
0.7282,
1.1429,
0.6307,
0.8346,
1.0378,
0.8343,
0.8317,
0.7225,
0.9311,
0.7184,
0.7203,
1.0291,
0.8245,
0.8228,
0.8250,
0.7255,
0.9347,
0.8335,
0.5371,
0.7427,
0.9468,
0.7425,
0.5297,
0.8455,
0.6202,
0.9497,
0.8431,
0.6263,
0.8366,
0.7342,
1.1457,
0.7329,
0.9376,
0.8322,
0.8331,
0.8315,
0.8299,
0.6198,
0.8267,
1.0313,
0.8259,
0.7219,
0.9284,
0.8249,
0.7193,
0.9280,
0.7257,
0.9494,
0.8480,
0.6735,
0.8799,
0.7781,
0.6769,
0.8877,
0.7834,
0.6278,
0.8697,
0.8705,
0.8383,
0.8389,
0.8380,
0.7337,
0.9437,
0.7346,
0.9437,
0.8345,
0.8326,
0.7249,
0.9329,
0.8246,
0.8234,
0.7212,
0.9308,
0.8298,
0.7271,
0.9317,
0.8298,
0.7277,
0.9365,
0.8292,
0.8269,
0.8252,
0.8275,
0.8297,
0.8311,
0.8291,
0.7245,
0.9263,
0.8258,
0.8290,
0.8276,
0.8290,
0.7263,
0.9347,
0.6421,
0.8466,
0.6383,
0.8435,
0.5254,
0.7360,
0.9430,
0.7314,
0.7200,
0.9296,
0.8258,
0.8302,
0.8295,
0.6207,
0.8264,
1.0338,
0.7171,
0.9231,
0.8204,
0.8170,
0.8225,
0.8231,
0.6217,
0.8271,
1.0387,
0.7325,
0.7358,
1.0444,
0.8370,
0.6273,
0.9412,
0.9388,
0.7257,
0.9330,
0.6214,
0.9340,
0.9354,
0.8305,
0.8326,
0.8354,
0.8354,
0.8378,
0.7323,
0.9392,
0.7315,
0.9306,
0.8257,
0.7230,
0.7235,
0.7239,
1.1410,
0.6259,
0.8374,
0.7407,
0.6333,
0.8407,
0.7317,
0.6233,
0.8285,
0.8217,
0.8219,
0.7183,
0.7192,
1.0264,
0.7203,
0.9255,
0.8258,
0.8276,
0.7205,
0.9292,
0.7215,
0.7236,
1.0289,
0.8216,
0.8231,
0.8228,
0.7168,
0.9262,
0.8237,
0.8228,
0.8251,
0.7245,
0.9331,
0.6191,
0.9299,
0.9319,
0.8239,
0.8214,
0.8222,
0.8193,
0.8181,
0.6152,
0.9284,
0.6247,
1.0336,
0.7307,
1.0382,
0.8331,
0.8320,
0.8306,
0.8297,
0.7223,
0.9325,
0.7245,
0.9321,
0.7289,
0.9322,
0.6238,
0.8278,
1.0368,
0.8292,
0.7232,
0.9320,
0.8270,
0.8309,
0.8311,
0.6037,
0.8136,
1.0228,
0.6083,
0.8153,
1.0222,
0.7083,
0.9157,
0.7272,
0.9337,
0.8280,
0.8282,
0.7241,
0.9298,
0.8285,
0.8266,
0.8264,
0.6197,
0.9323,
0.7237,
1.0343,
0.8238,
0.8218,
0.8250,
0.8209,
0.6146,
0.9225,
0.9231,
0.6178,
0.8210,
1.0243,
0.8217,
0.8241,
0.6160,
0.9253,
0.7185,
1.0314,
0.8248,
0.8272,
0.8249,
0.6178,
0.9298,
0.9329,
0.8318,
0.8291,
0.7271,
0.9364,
0.8342,
0.7307,
0.9357,
0.7255,
0.9336,
0.7249,
0.9328,
0.7218,
0.9288,
0.8241,
0.8295,
0.8107,
0.7092,
0.7069,
1.0167,
0.8119,
0.7059,
0.9132,
0.8105,
0.8279,
0.8259,
0.8298,
0.7268,
0.9328,
0.8319,
0.7230,
0.9290,
0.7207,
0.9278,
0.6185,
0.8242,
1.0330,
0.8267,
0.8307,
0.8313,
0.8320,
0.8296,
0.7225,
0.9310,
0.8258,
0.8253,
0.7227,
0.9295,
0.7239,
0.6229,
1.0320,
0.9307,
0.8269,
0.8239,
0.8208,
0.7228,
0.9270,
0.8249,
0.7249,
0.9293,
0.6255,
0.9282,
0.9321,
0.8249,
0.8251,
0.8265,
0.8266,
0.8288,
0.8283,
0.8325,
0.8284,
0.7290,
0.7269,
0.9389,
0.7311,
0.7319,
0.6255,
0.8334,
0.7320,
0.6193,
0.7280,
0.9339,
0.8238,
0.7222,
0.9285,
0.7251,
0.9350,
0.8311,
0.8280,
0.7259,
0.7258,
1.0402,
0.8297,
0.6226,
0.8282,
1.0359,
0.7267,
0.9321,
0.8352,
0.8331,
0.7281,
0.9379,
0.6279,
0.8300,
0.7305,
1.1413,
0.6209,
0.9282,
0.7207,
1.0319,
0.8234,
0.8236,
0.7203,
0.9240,
0.8214,
0.7219,
0.9291,
0.5177,
0.8288,
1.0329,
0.9338,
0.8329,
0.6209,
0.8259,
1.0339,
0.8252,
0.6174,
0.9250,
0.9247,
0.8212,
0.7233,
0.9255,
0.8240,
0.7188,
0.7202,
1.0283,
0.8252,
0.7184,
0.9284,
0.8269,
0.8297,
0.6238,
0.9334,
0.7255,
1.0334,
0.8244,
0.8248,
0.8249,
0.8245,
0.7218,
0.9253,
0.8197,
0.7239,
0.9254,
0.8210,
0.7129,
0.9192,
0.8114,
0.7146,
0.9197,
0.8189,
0.6160,
0.9238,
0.7235,
1.0283,
0.8301,
0.8307,
0.8308,
0.8304,
0.8336,
0.7260,
0.9321,
0.7216,
0.9312,
0.7221,
0.9276,
0.8183,
0.7186,
0.7216,
1.0285,
0.8298,
0.8282,
0.6224,
0.9284,
0.9296,
0.8293,
0.7239,
0.7229,
1.0374,
0.6350,
0.8355,
0.7351,
0.7388,
0.6353,
0.6348,
0.9452,
0.7273,
0.8422,
0.7297,
0.9355,
0.8304,
0.8302,
0.6228,
0.9332,
0.9336,
0.8249,
0.8251,
0.7242,
0.9341,
0.8275,
0.7263,
0.9328,
0.7267,
0.9294,
0.7250,
0.9312,
0.7213,
0.9298,
0.7221,
0.9311,
0.8313,
0.6284,
0.9403,
0.6296,
1.0422,
0.9410,
0.8350,
0.8350,
0.8341,
0.7291,
0.9395,
0.5947,
0.9033,
0.9053,
0.5930,
0.8024,
1.0107,
0.6249,
0.9021,
0.9010,
0.8315,
0.8293,
0.8290,
0.8289,
0.8291,
0.6220,
0.8261,
0.6163,
0.8211,
0.7149,
0.6089,
0.4101,
0.6147,
0.8200,
0.5203,
0.2056,
0.5160,
0.5172,
0.5154,
