0.1375,
0.2964,
0.3114,
0.3218,
0.4275,
0.5043,
0.6096,
0.5162,
0.4310,
0.7391,
0.3890,
0.5185,
0.2301,
0.6230,
0.5333,
0.4880,
0.4066,
0.5195,
0.5336,
0.3135,
0.5901,
0.5105,
0.7042,
0.3404,
0.3095,
0.6238,
0.5363,
0.4573,
0.7023,
0.5422,
0.4930,
0.8024,
0.4997,
0.7373,
0.5945,
0.4106,
0.5747,
0.3384,
0.4865,
0.2784,
0.4016,
0.4431,
0.6463,
0.5115,
0.7379,
0.6508,
0.6170,
0.5236,
0.6652,
0.6089,
0.5177,
0.5045,
0.3999,
0.6150,
0.7344,
0.6585,
0.4004,
0.6139,
0.3793,
0.6981,
0.7917,
0.4978,
0.4153,
0.6283,
0.5160,
0.3489,
0.5191,
0.3074,
0.3893,
0.3147,
0.7208,
0.5223,
0.3700,
0.4134,
0.5118,
0.3950,
0.3020,
0.6591,
0.4139,
0.4288,
0.7515,
0.4123,
0.7627,
0.4902,
0.5126,
0.4208,
0.4403,
0.4075,
0.4158,
0.4182,
0.3039,
0.4393,
0.3888,
0.6186,
0.4163,
0.4750,
0.7223,
0.6919,
0.4217,
0.4412,
0.5085,
0.8124,
0.4481,
0.5924,
0.5934,
0.5417,
0.5167,
0.7186,
0.5252,
0.4352,
0.5204,
0.5183,
0.4173,
0.2989,
0.4050,
0.6488,
0.3998,
0.6249,
0.4148,
0.6029,
0.6234,
0.4088,
0.6259,
0.4895,
0.6212,
0.3084,
0.6237,
0.6147,
0.4088,
0.7357,
0.5171,
0.8022,
0.5098,
0.6186,
0.7202,
0.2279,
0.6230,
0.6257,
0.6275,
0.4055,
0.6122,
0.6458,
0.7039,
0.5175,
0.7348,
0.6073,
0.6095,
0.4989,
0.5038,
0.5095,
0.7362,
0.6426,
0.4255,
0.6190,
0.5256,
0.4409,
0.3157,
0.5221,
0.6300,
0.5872,
0.3119,
0.5183,
0.3840,
0.5212,
0.3151,
0.5116,
0.3153,
0.3885,
0.4179,
0.6252,
0.6525,
0.5951,
0.4901,
0.5220,
0.7199,
0.5162,
0.8150,
0.4265,
0.7400,
0.3350,
0.4184,
0.8300,
0.7496,
0.5294,
0.7028,
0.5340,
0.7176,
0.4933,
0.6996,
0.8329,
0.5062,
0.7003,
0.5361,
0.5158,
0.6967,
0.4388,
0.5050,
0.7432,
0.6177,
0.5466,
0.5469,
0.6988,
0.5353,
0.4138,
0.5992,
0.4836,
0.5349,
0.9037,
0.5158,
0.4964,
0.4176,
0.6595,
0.3919,
0.6030,
0.4146,
0.5529,
0.4488,
0.4146,
0.3945,
0.6948,
0.5232,
0.5195,
0.6518,
0.4891,
0.6210,
0.5368,
0.6208,
0.5217,
0.4293,
0.4007,
0.4018,
0.2918,
0.6534,
0.6247,
0.5114,
0.6259,
0.4950,
0.7228,
0.5373,
0.5598,
0.5062,
0.6074,
0.5258,
0.5924,
0.5459,
0.4191,
0.5665,
0.3919,
0.4259,
0.5002,
0.4149,
0.3987,
0.5185,
0.5153,
0.4143,
0.4776,
0.4461,
0.5183,
0.4476,
0.2929,
0.3096,
0.6116,
0.5526,
0.5538,
0.4180,
0.7139,
0.4604,
0.6850,
0.8070,
0.5206,
0.3867,
0.6684,
0.4188,
0.6769,
0.5087,
0.6352,
0.5188,
0.5793,
0.5359,
0.5816,
0.2456,
0.4079,
0.5441,
0.4836,
0.7683,
0.4149,
0.2073,
0.4141,
0.6273,
0.5310,
0.5522,
0.3130,
0.4721,
0.7148,
0.5866,
0.4415,
0.6268,
0.4824,
0.6587,
0.5284,
0.4525,
0.4155,
0.5866,
0.2841,
0.5819,
0.5803,
0.5789,
0.4940,
0.4522,
0.6496,
0.6587,
0.5449,
0.5595,
0.5205,
0.6280,
0.5561,
0.4801,
0.6482,
0.5160,
0.4556,
0.5877,
0.3488,
0.3504,
0.3866,
0.6995,
0.4449,
0.6634,
0.6551,
0.6258,
0.6967,
0.6167,
0.5150,
0.5157,
0.3797,
0.5862,
0.6566,
0.4483,
0.5169,
0.4145,
0.6240,
0.7253,
0.4506,
0.5218,
0.5546,
0.8303,
0.5819,
0.7284,
0.4763,
0.5468,
0.4769,
0.8240,
0.4134,
0.4495,
0.4126,
0.5445,
0.7914,
0.5246,
0.6240,
0.5810,
0.4564,
0.6632,
0.4548,
0.6614,
0.5202,
0.4156,
0.2759,
0.4526,
0.6870,
0.3827,
0.5610,
0.3526,
0.6225,
0.5181,
0.6220,
0.3721,
0.4526,
0.6272,
0.6222,
0.4770,
0.4468,
0.5844,
0.3750,
0.6664,
0.5748,
0.5121,
0.5203,
0.7613,
1.0338,
0.6006,
0.8118,
0.6766,
0.6922,
0.4117,
0.7239,
0.4677,
0.8293,
0.6901,
0.5139,
0.4947,
0.6772,
0.6283,
0.3068,
0.6618,
0.4131,
0.6307,
0.4815,
0.5081,
0.8187,
0.5531,
0.4887,
0.5481,
0.5031,
0.6200,
0.5750,
0.4191,
0.6247,
0.5196,
0.3835,
0.6792,
0.5923,
0.4556,
0.7572,
0.5598,
0.5169,
0.5519,
0.5851,
0.4800,
0.6556,
0.8341,
0.5635,
0.6896,
0.7619,
0.5202,
0.7267,
0.5860,
0.4812,
0.5220,
0.6193,
0.8354,
0.6860,
0.5158,
0.7866,
0.7679,
0.6994,
0.6124,
0.6246,
0.5739,
0.5223,
0.5158,
0.4181,
0.5523,
0.2768,
0.4872,
0.5534,
0.3622,
0.3285,
0.5032,
0.6250,
0.4999,
0.6180,
0.4697,
0.4665,
0.6548,
0.6526,
0.6429,
0.4804,
0.7032,
0.4421,
0.6478,
0.5699,
0.7155,
0.5167,
0.6948,
0.6595,
0.5914,
0.5923,
0.6177,
0.5228,
0.4144,
0.4111,
0.8219,
0.7684,
0.5622,
0.7889,
0.5644,
0.5522,
0.7221,
0.4840,
0.6662,
0.5061,
0.7117,
0.4824,
0.6488,
0.7152,
0.6113,
0.7591,
0.6189,
0.7933,
0.5489,
0.4913,
0.7733,
0.6996,
0.5155,
0.4144,
0.7711,
0.4845,
0.6916,
0.8062,
0.5695,
0.5174,
0.4201,
0.6193,
0.4768,
0.4803,
0.3830,
0.3137,
0.3917,
0.3505,
0.6038,
0.6778,
0.5208,
0.3505,
0.3755,
0.2723,
0.2944,
0.5525,
0.4911,
0.6484,
0.5769,
0.7485,
0.5586,
0.5816,
0.8198,
0.4601,
0.6432,
0.5061,
0.7283,
0.5201,
0.6728,
0.4498,
0.5223,
0.6732,
0.5206,
0.7213,
0.6346,
0.4678,
0.6685,
0.5462,
0.5313,
0.7730,
0.3197,
0.6254,
0.5804,
0.4663,
0.4147,
0.6761,
0.5196,
0.7864,
0.5193,
0.6270,
0.4678,
0.6481,
0.5215,
0.3119,
0.4695,
0.4435,
0.6148,
0.4847,
0.4164,
0.2599,
0.4137,
0.4835,
0.3091,
0.2326,
0.3906,
0.4666,
0.2733,
0.5214,
0.3525,
0.5099,
0.6142,
0.5517,
0.5258,
0.3792,
0.5131,
0.7567,
0.4549,
0.6020,
0.5897,
0.5164,
0.8897,
0.5816,
0.6139,
0.4320,
0.3892,
0.7210,
0.7252,
0.5393,
0.4776,
0.6016,
0.5191,
0.3731,
0.3924,
0.5198,
0.3117,
0.5183,
0.3140,
0.6533,
0.4393,
0.4288,
0.6500,
0.4179,
0.6996,
0.5334,
0.7301,
0.5935,
0.3221,
0.4507,
0.6261,
0.7268,
0.5897,
0.5103,
0.3746,
0.4463,
0.4475,
0.7379,
0.7012,
0.5311,
0.4806,
0.6871,
0.8735,
0.6245,
0.9366,
0.6551,
0.8608,
0.5949,
0.5869,
0.8154,
0.4546,
0.7632,
0.6856,
0.4162,
0.5557,
0.5177,
0.5085,
0.4404,
0.6271,
0.3788,
0.3609,
0.6163,
0.6265,
0.7447,
0.4586,
0.6435,
0.4619,
0.4776,
0.4674,
0.3215,
0.3210,
0.5646,
0.4643,
0.6743,
0.5164,
0.4140,
0.5083,
0.4177,
0.7710,
0.6148,
0.6793,
0.5200,
0.6315,
0.6558,
0.3096,
0.4233,
0.4762,
0.7268,
0.4259,
0.3155,
0.4968,
0.4491,
0.6304,
0.3551,
0.6244,
0.6111,
0.4121,
0.6781,
0.6645,
0.4345,
0.4255,
0.7081,
0.6204,
0.5319,
0.5391,
0.3094,
0.2843,
0.4727,
0.6788,
0.5997,
0.4746,
0.3072,
0.4139,
0.3906,
0.6026,
0.3526,
0.3886,
0.5575,
0.6851,
0.5850,
0.4121,
0.5396,
0.6762,
0.4130,
0.3298,
0.5183,
0.7428,
0.7224,
0.4169,
0.5723,
0.3790,
0.5162,
0.4169,
0.3755,
0.3821,
0.4920,
0.2351,
0.4371,
0.3455,
0.5200,
0.4372,
0.3882,
0.3881,
0.4720,
0.6254,
0.5670,
0.6918,
0.5183,
0.6655,
0.5608,
0.6911,
0.4098,
0.5703,
0.7449,
0.5526,
0.5801,
0.8262,
0.6442,
0.6762,
0.6430,
0.5404,
0.4749,
0.7694,
0.5153,
0.4552,
0.4805,
0.7835,
0.6642,
0.3728,
0.2949,
0.6049,
0.7281,
0.4039,
0.4412,
0.5454,
0.4188,
0.7650,
0.6251,
0.7379,
0.5928,
0.4582,
0.5174,
0.6963,
0.4745,
0.4468,
0.6291,
0.6272,
0.5507,
0.4617,
0.4144,
0.6220,
0.5470,
0.4817,
0.5173,
0.5121,
0.4906,
0.3606,
0.6260,
0.5752,
0.6957,
0.5977,
0.5981,
0.5514,
0.6985,
0.5708,
0.6191,
0.5188,
0.3406,
0.3133,
0.5169,
0.4173,
0.4931,
