0.2275,
0.3036,
0.4089,
0.4330,
0.5337,
0.6158,
0.4093,
0.4383,
0.4126,
0.5369,
0.5158,
0.5140,
0.2888,
0.6194,
0.6162,
0.5940,
0.4937,
0.3320,
0.4156,
0.3064,
0.7209,
0.5226,
0.4165,
0.5123,
0.4842,
0.4456,
0.4451,
0.4837,
0.4841,
0.3468,
0.4143,
0.6195,
0.4825,
0.4506,
0.3098,
0.4820,
0.6224,
0.3430,
0.5466,
0.4819,
0.4854,
0.4417,
0.4109,
0.3885,
0.2876,
0.6525,
0.5507,
0.5229,
0.4978,
0.3364,
0.5411,
0.4977,
0.4056,
0.3261,
0.5184,
0.4058,
0.3209,
0.4991,
0.3101,
0.3283,
0.6049,
0.4190,
0.3286,
0.5073,
0.2067,
0.3269,
0.6082,
0.5149,
0.4116,
0.2052,
0.5002,
0.3097,
0.6322,
0.6045,
0.4107,
0.4244,
0.3046,
0.3107,
0.6306,
0.7050,
0.6138,
0.5111,
0.4082,
0.2928,
0.5273,
0.5117,
0.5133,
0.3095,
0.5190,
0.3990,
0.4318,
0.4166,
0.4142,
0.4153,
0.4146,
0.4123,
0.3122,
0.5344,
0.4143,
0.4007,
0.6234,
0.3262,
0.2970,
0.5201,
0.3120,
0.6096,
0.4298,
0.4147,
0.4012,
0.4292,
0.4102,
0.4245,
0.5031,
0.4130,
0.4248,
0.4019,
0.6059,
0.3096,
0.3098,
0.3139,
0.6209,
0.6332,
0.4001,
0.3049,
0.4179,
0.6394,
0.5054,
0.4197,
0.3311,
0.4187,
0.6198,
0.4108,
0.4189,
0.4168,
0.7020,
0.2798,
0.4391,
0.6246,
0.5124,
0.4876,
0.3417,
0.5447,
0.3087,
0.4832,
0.6214,
0.4093,
0.5105,
0.4807,
0.4424,
0.4389,
0.5850,
0.2081,
0.6159,
0.5191,
0.7289,
0.6174,
0.4424,
0.3884,
0.5927,
0.3108,
0.2309,
0.5136,
0.7199,
0.5171,
0.4412,
0.4825,
0.3075,
0.5224,
0.5501,
0.5823,
0.5222,
0.5603,
0.3734,
0.6172,
0.6270,
0.4609,
0.3717,
0.4177,
0.3602,
0.7322,
0.2058,
0.5790,
0.5794,
0.6243,
0.5235,
0.4675,
0.5771,
0.4130,
0.3139,
0.6740,
0.5105,
0.4579,
0.3044,
0.2617,
0.5091,
0.7153,
0.5135,
0.4725,
0.3162,
0.4616,
0.3705,
0.7303,
0.3584,
0.4146,
0.6233,
0.4107,
0.5213,
0.4630,
0.3601,
0.5689,
0.4684,
0.3113,
0.5183,
0.5675,
0.4727,
0.4138,
0.5187,
0.4107,
0.5186,
0.4712,
0.3073,
0.4540,
0.6187,
0.4700,
0.4563,
0.4143,
0.5168,
0.4730,
0.4621,
0.3148,
0.5114,
0.4088,
0.6738,
0.4588,
0.5096,
0.3046,
0.5145,
0.6127,
0.4647,
0.4595,
0.4106,
0.5203,
0.4140,
0.5125,
0.3118,
0.5142,
0.3079,
0.6225,
0.5660,
0.3613,
0.5722,
0.3082,
0.5658,
0.3102,
0.6218,
0.5130,
0.4592,
0.4693,
0.3094,
0.5153,
0.5672,
0.3695,
0.5767,
0.5641,
0.3720,
0.6270,
0.4605,
0.7236,
0.5178,
0.4765,
0.2441,
0.6542,
0.5759,
0.4093,
0.7557,
0.7125,
0.4776,
0.4105,
0.5808,
0.4074,
0.4075,
0.6183,
0.5167,
0.3366,
0.3106,
0.3121,
0.7263,
0.6158,
0.4395,
0.4939,
0.4181,
0.5142,
0.4342,
0.4938,
0.3288,
0.5141,
0.3875,
0.3884,
0.3135,
0.6382,
0.3833,
0.6142,
0.3085,
0.4369,
0.6135,
0.4100,
0.5130,
0.4111,
0.5118,
0.4884,
0.3097,
0.4430,
0.6222,
0.4916,
0.3405,
0.5513,
0.4946,
0.4177,
0.5245,
0.4161,
0.5147,
0.2786,
0.4410,
0.6203,
0.3113,
0.4856,
0.6502,
0.4184,
0.5192,
0.4880,
0.3446,
0.5514,
0.4825,
0.3076,
0.4478,
0.6255,
0.4851,
0.4185,
0.5215,
0.4167,
0.5174,
0.3044,
0.4528,
0.4136,
0.6821,
0.3098,
0.4522,
0.6149,
0.3721,
0.5766,
0.4471,
0.4459,
0.4817,
0.4797,
0.4434,
0.4444,
0.4846,
0.4868,
0.3099,
0.5417,
0.5176,
0.4134,
0.3108,
0.6167,
0.5154,
0.4857,
0.2320,
0.5147,
0.7192,
0.5901,
0.7532,
0.5462,
0.4829,
0.4803,
0.4419,
0.4440,
0.5161,
0.4137,
0.5852,
0.4199,
0.5558,
0.1657,
0.5821,
0.5198,
0.3126,
0.6196,
0.6184,
0.4574,
0.4573,
0.4755,
0.4766,
0.4531,
0.4074,
0.3766,
0.6240,
0.3485,
0.4138,
0.6224,
0.3100,
0.4523,
0.4184,
0.6877,
0.4167,
0.5201,
0.4529,
0.5166,
0.5129,
0.5248,
0.3822,
0.5140,
0.4128,
0.7306,
0.1770,
0.5906,
0.5490,
0.5456,
0.5913,
0.3103,
0.5483,
0.5490,
0.3134,
0.5927,
0.5246,
0.4183,
0.5192,
0.2742,
0.5176,
0.5497,
0.3431,
0.6540,
0.5812,
0.4812,
0.5534,
0.5148,
0.3130,
0.4773,
0.6186,
0.3113,
0.4812,
0.6244,
0.4498,
0.4528,
0.4822,
0.3065,
0.5166,
0.5530,
0.5188,
0.4152,
0.5814,
0.3137,
0.5596,
0.5865,
0.3151,
0.4555,
0.6252,
0.3114,
0.5843,
0.3136,
0.6220,
0.3125,
0.6237,
0.5180,
0.4538,
0.5158,
0.4808,
0.5215,
0.4152,
0.5567,
0.4825,
0.4176,
0.5172,
0.4495,
0.4855,
0.4179,
0.3130,
0.4520,
0.3837,
0.7980,
0.4484,
0.4163,
0.2077,
0.4812,
0.7256,
0.5499,
0.5481,
0.4820,
0.4168,
0.5099,
0.4411,
0.3851,
0.5899,
0.3125,
0.4412,
0.3892,
0.4116,
0.7532,
0.4107,
0.5179,
0.4147,
0.5142,
0.4408,
0.4954,
0.4170,
0.4417,
0.4419,
0.5247,
0.4977,
0.5205,
0.5243,
0.5225,
0.3385,
0.2842,
0.7041,
0.6237,
0.4154,
0.6252,
0.3129,
0.4376,
0.6201,
0.3138,
0.5180,
0.5177,
0.3983,
0.3123,
0.5405,
0.4143,
0.6068,
0.2085,
0.5200,
0.2263,
0.6233,
0.4149,
0.4109,
0.7280,
0.4090,
0.3251,
0.5013,
0.4139,
0.2179,
0.5177,
0.7154,
0.5193,
0.7399,
0.4009,
0.6196,
0.3222,
0.4023,
0.3097,
0.3090,
0.7142,
0.3088,
0.3076,
0.6258,
0.4227,
0.3072,
0.5150,
0.5269,
0.5116,
0.4190,
0.5144,
0.3077,
0.6192,
0.6165,
0.4157,
0.5141,
0.2082,
0.6222,
0.6152,
0.5163,
0.5184,
0.5120,
0.3115,
0.5198,
0.4056,
0.4212,
0.3095,
0.5068,
0.4239,
0.3213,
0.5070,
0.4119,
0.3209,
0.5049,
0.5038,
0.5048,
0.5055,
0.6167,
0.3258,
0.2222,
0.6175,
0.5363,
0.5999,
0.6023,
0.5327,
0.3033,
0.3270,
0.2903,
0.4959,
0.6171,
0.3300,
