0.2200,
0.3252,
0.3295,
0.4314,
0.5361,
0.6403,
0.7249,
0.7449,
0.8490,
0.6165,
1.0364,
0.8328,
0.6232,
0.6134,
0.9229,
0.6093,
0.8089,
0.8293,
0.7201,
0.6260,
0.7308,
0.7126,
0.8126,
0.7325,
0.6214,
0.6231,
0.8286,
0.5138,
0.7294,
0.6282,
0.8171,
0.7262,
0.5187,
0.5215,
0.6171,
0.9348,
1.0246,
0.7171,
0.9223,
0.8265,
0.7239,
0.8242,
1.0371,
0.7332,
0.9336,
0.8263,
0.7225,
0.6231,
0.9289,
0.8291,
0.8224,
0.7211,
0.5261,
0.7209,
0.7231,
0.5192,
0.4236,
0.7247,
0.7210,
0.4149,
0.6277,
0.6160,
0.7185,
0.5245,
0.8428,
0.8298,
0.8179,
0.5296,
0.8369,
0.8161,
0.5086,
0.7285,
0.6132,
0.5055,
0.8212,
0.5166,
0.4132,
0.7211,
0.5166,
0.5114,
0.5325,
0.8256,
0.7476,
0.7997,
0.7072,
0.4281,
0.7272,
0.8319,
0.6232,
0.9162,
0.6099,
0.8160,
0.8469,
0.7561,
0.7325,
0.6199,
0.6014,
0.8251,
0.6261,
0.6291,
0.6169,
0.8289,
0.8077,
0.7185,
0.6186,
0.8307,
0.8117,
0.8364,
0.5295,
0.8161,
0.4282,
0.8287,
0.6121,
0.8320,
0.7141,
0.6969,
0.8004,
0.7402,
0.8299,
0.6301,
0.9300,
1.0373,
0.8279,
0.8140,
1.2156,
0.8610,
0.8615,
0.8896,
0.8211,
0.8152,
0.5232,
0.8277,
0.8212,
0.7337,
0.7128,
0.6110,
0.5146,
0.8211,
0.5890,
0.7412,
0.5973,
0.8060,
0.6247,
0.4257,
0.6247,
0.5234,
0.5108,
0.7417,
0.4353,
0.4140,
0.7469,
0.5457,
0.8289,
0.5151,
0.6157,
0.7258,
0.6257,
0.5167,
0.4036,
0.7106,
0.6191,
0.5266,
0.6297,
0.6146,
0.5266,
0.5060,
0.6144,
0.4245,
0.6330,
0.5261,
0.4928,
0.4149,
0.7453,
0.5245,
0.7230,
0.4105,
0.7333,
0.8262,
0.9353,
0.7579,
0.6976,
1.0309,
0.9217,
0.8924,
0.6902,
0.8257,
1.0310,
0.7083,
0.6891,
0.9296,
0.6287,
0.8307,
0.5374,
0.8264,
0.5047,
0.7610,
0.7303,
0.6081,
0.4918,
0.6512,
0.7015,
0.5975,
0.6367,
0.6360,
0.8576,
0.6983,
0.9049,
0.7353,
0.7250,
0.7225,
0.7309,
0.5971,
0.7414,
0.7190,
0.6177,
0.5282,
0.5407,
0.4057,
0.7445,
0.6178,
0.7247,
0.5314,
0.3893,
0.6215,
0.5955,
0.7186,
0.5144,
0.7023,
0.5132,
0.7007,
0.8274,
0.6391,
0.6256,
0.8037,
0.6412,
0.6282,
0.4060,
0.5385,
0.7152,
0.4124,
0.3172,
0.3074,
0.3076,
0.3803,
0.7144,
0.5156,
0.7184,
0.5151,
0.4519,
0.7322,
0.6872,
0.7536,
0.6493,
0.7277,
0.6344,
0.7678,
0.7402,
0.7116,
0.6880,
0.8460,
0.7520,
0.7433,
0.7445,
0.6307,
0.8276,
0.8137,
0.6266,
0.4135,
0.6203,
0.8018,
0.5762,
0.7813,
0.5929,
0.5175,
0.6766,
0.6465,
0.6780,
0.7018,
0.7251,
0.6015,
0.6407,
0.7726,
0.8454,
0.7251,
0.5898,
0.5167,
0.8269,
0.7643,
0.5126,
0.6453,
0.7428,
0.9489,
0.7184,
0.7500,
0.7176,
0.5784,
0.6654,
1.0112,
0.5972,
0.4950,
0.3348,
0.6821,
0.3328,
0.6026,
0.3841,
0.5913,
0.4444,
0.6179,
0.5249,
0.4145,
0.4105,
0.6161,
0.7226,
0.6518,
0.5174,
0.7030,
0.5256,
0.6799,
0.5606,
0.7176,
0.5381,
0.6258,
0.6291,
0.5214,
0.5334,
0.7802,
0.5329,
0.5210,
0.6825,
0.9385,
0.8344,
0.8106,
0.7570,
0.7058,
0.8441,
0.7270,
0.6216,
0.8126,
0.6362,
0.5526,
0.5187,
0.4784,
0.3934,
0.6195,
0.4099,
0.3711,
0.7175,
0.7157,
0.7001,
0.7163,
0.5197,
0.8414,
0.7059,
0.7613,
0.6617,
0.8265,
0.7477,
0.7479,
0.6044,
0.7468,
0.5131,
0.7358,
0.8332,
0.7379,
0.6044,
0.7002,
0.6028,
0.5292,
0.4905,
0.6201,
0.6057,
0.5233,
0.7417,
0.5162,
0.6421,
0.4937,
0.5098,
0.7572,
0.7316,
0.5183,
0.6275,
0.7585,
0.5825,
0.6484,
0.7898,
0.5595,
0.7572,
0.6183,
0.5492,
0.7877,
0.3842,
0.5494,
0.5169,
0.5123,
0.7844,
0.3656,
0.7767,
0.6854,
0.6719,
0.7177,
0.7056,
0.7656,
0.7658,
0.7705,
0.6314,
0.7696,
0.5083,
0.5295,
0.4169,
0.7248,
0.8420,
0.5781,
0.5693,
0.8765,
0.6224,
0.7134,
0.6594,
0.7256,
0.7293,
0.6602,
0.9453,
0.6203,
0.5139,
0.8384,
0.7784,
0.6189,
0.7735,
0.6682,
0.4983,
0.5878,
0.4190,
0.7043,
0.3624,
0.6766,
0.4862,
0.7030,
0.4826,
0.4942,
0.6226,
0.6164,
0.7425,
0.7913,
0.6891,
0.8711,
0.7228,
0.5253,
0.6748,
0.8222,
0.9051,
0.6157,
0.6725,
0.5044,
0.4927,
0.7144,
0.5723,
0.4796,
0.3726,
0.5188,
0.8163,
0.7835,
0.5153,
0.7153,
0.6715,
1.0167,
0.6631,
0.9853,
0.9095,
0.7461,
0.6745,
0.8242,
0.5220,
0.7639,
0.7275,
0.5737,
0.6434,
0.5131,
0.5195,
0.5694,
0.3553,
0.5083,
0.5708,
0.7173,
0.5802,
0.4323,
0.4175,
0.6111,
0.4645,
0.6208,
0.8059,
0.6372,
0.6341,
0.6467,
0.7778,
0.7244,
0.6109,
0.8024,
0.6409,
0.6903,
0.6248,
0.5136,
0.7978,
0.6280,
0.6376,
0.7072,
0.5978,
0.5450,
0.7394,
0.9456,
0.6459,
0.6929,
0.7433,
0.7485,
0.7510,
0.6158,
0.8278,
0.7232,
0.6151,
0.8039,
0.7282,
0.7168,
0.6888,
0.7287,
0.5706,
0.7044,
0.5700,
0.5872,
0.5162,
0.4817,
0.7248,
0.3887,
0.5567,
0.5051,
0.3480,
0.6354,
0.3448,
0.3365,
0.7114,
0.6404,
0.8294,
0.6202,
0.5169,
0.6885,
0.6400,
0.5385,
0.4796,
0.6691,
0.6011,
0.5645,
0.5145,
0.4956,
0.7224,
0.5472,
0.5491,
0.6920,
0.6899,
0.3434,
0.6260,
0.5317,
0.5155,
0.6029,
0.5743,
0.3294,
0.4439,
0.7206,
0.5084,
0.6909,
0.5075,
0.8270,
0.8072,
0.5173,
0.6172,
0.5156,
0.6207,
0.7508,
0.6656,
0.6374,
0.7606,
0.6261,
0.7388,
0.5260,
0.3825,
0.7595,
0.8444,
0.6965,
0.9027,
0.5493,
0.7095,
0.5177,
0.7226,
0.5154,
0.4093,
0.8239,
0.5124,
0.8301,
0.8147,
0.5107,
0.4476,
0.6229,
0.7840,
0.7394,
0.4500,
0.4037,
0.3545,
0.4629,
0.8271,
0.6290,
0.5810,
0.4960,
0.4623,
0.6224,
0.7253,
0.4694,
0.3769,
0.7960,
0.7761,
0.7092,
0.7102,
0.6464,
0.5620,
0.5613,
0.7717,
0.5954,
0.7794,
0.7535,
0.3819,
0.6408,
0.4597,
0.7192,
0.6327,
0.4392,
0.5627,
0.5124,
0.5372,
0.5790,
0.5156,
0.7212,
0.5510,
0.6108,
0.8539,
0.7635,
0.7784,
0.7831,
0.6529,
0.9167,
0.9348,
0.7626,
0.6258,
0.5666,
0.8548,
0.8716,
0.5819,
0.7303,
0.4297,
0.4812,
0.7089,
0.4442,
0.7384,
0.6193,
0.4865,
0.6187,
0.3993,
0.5803,
0.4585,
0.7429,
0.4449,
0.6535,
0.6264,
0.8259,
0.5932,
0.5306,
0.7197,
0.9117,
0.6748,
0.6195,
0.8888,
0.5868,
0.6241,
0.9132,
0.6934,
0.6188,
0.5357,
0.6647,
0.3990,
0.4767,
0.5651,
0.4712,
0.6191,
0.4676,
0.5037,
0.7243,
0.5110,
0.5681,
0.6330,
0.7863,
0.9097,
0.5939,
0.7825,
0.7254,
0.5119,
0.8208,
0.7622,
0.5578,
0.7220,
0.7508,
0.4427,
0.6518,
0.7484,
0.6210,
0.8265,
0.4893,
0.6254,
0.7422,
0.5155,
0.6429,
0.7635,
0.6440,
0.7770,
0.4805,
0.6168,
0.8246,
0.8059,
0.6763,
0.9115,
0.9862,
0.7967,
0.7829,
0.7241,
0.8276,
0.7418,
1.0300,
0.7399,
0.5335,
0.8234,
0.7232,
0.6555,
0.5367,
0.5212,
0.8451,
0.6182,
0.6264,
0.8571,
0.5150,
0.6507,
0.5951,
0.7192,
0.6481,
0.4126,
0.5891,
0.6951,
0.4331,
0.6166,
0.5162,
0.5040,
0.7220,
0.5705,
0.4817,
0.5627,
0.3567,
0.4354,
0.6398,
0.6906,
0.7438,
0.4393,
0.5677,
0.7576,
0.8280,
0.7813,
0.7814,
0.6814,
0.8058,
1.0095,
0.8060,
1.0121,
0.7909,
0.9222,
0.7940,
0.6215,
0.7925,
0.4360,
0.7225,
0.8306,
0.7215,
0.6175,
0.5945,
0.6265,
0.5164,
0.8056,
0.7228,
0.5970,
0.4389,
0.2447,
0.3194,
0.6784,
0.6836,
0.5188,
0.6460,
0.4133,
0.4139,
0.4546,
0.7232,
0.5375,
0.5522,
0.7636,
0.4014,
0.5189,
0.5622,
0.7931,
0.7472,
0.6056,
0.5756,
0.5511,
0.7256,
0.5818,
0.6228,
0.7379,
0.7024,
0.6341,
0.4730,
0.7226,
0.5971,
0.5171,
0.8441,
0.6220,
0.4737,
0.5762,
0.3574,
0.4780,
0.5190,
0.1725,
0.3967,
0.4586,
0.5968,
0.4745,
0.5479,
0.5314,
0.3956,
0.6847,
0.6586,
0.4768,
0.7040,
0.9132,
0.9674,
0.7595,
0.9115,
0.7258,
0.6888,
0.9241,
0.7709,
0.7964,
0.5212,
0.7922,
0.7488,
0.4400,
0.4203,
0.7272,
0.7284,
0.8099,
0.5511,
0.6245,
0.6272,
0.8694,
0.5172,
0.6142,
0.5903,
0.8787,
0.6934,
0.6897,
0.7167,
0.7813,
0.7821,
0.7602,
0.7732,
0.7448,
0.7998,
0.7991,
0.7825,
0.7263,
0.7441,
0.6042,
0.8089,
0.6822,
0.8176,
0.5205,
0.8593,
0.8558,
0.7222,
0.8948,
0.6588,
0.8144,
0.6866,
0.7276,
0.4910,
0.5540,
0.7014,
0.3773,
0.4939,
0.4533,
0.4170,
0.5801,
0.4715,
0.4400,
0.6269,
0.7845,
0.6342,
0.8252,
0.6453,
0.8649,
0.6958,
0.6424,
0.3870,
0.6262,
0.3537,
0.6585,
0.4532,
0.6661,
0.7240,
0.4420,
0.4116,
0.3642,
0.6223,
0.5881,
0.6697,
0.5513,
0.5549,
0.4368,
0.5186,
0.7778,
0.7774,
0.6204,
0.8684,
1.0107,
0.9806,
0.7277,
0.9115,
0.8051,
0.7221,
0.8534,
0.6488,
0.7745,
0.7231,
0.5173,
0.8029,
0.5926,
0.8025,
0.8526,
0.5731,
0.4630,
0.6252,
0.6136,
0.4338,
0.5686,
0.3909,
0.3823,
0.5634,
0.3100,
0.3795,
0.5998,
0.6277,
0.6895,
0.5679,
0.3982,
0.7264,
0.6773,
0.6739,
0.7253,
0.7085,
0.5849,
0.4636,
0.3113,
0.6541,
0.3746,
0.6498,
0.6476,
0.4330,
0.5430,
0.4361,
0.3315,
0.6172,
0.5737,
0.4321,
0.7679,
0.4110,
0.6155,
0.6834,
0.4695,
0.7045,
0.5325,
0.5174,
0.4983,
0.4937,
0.4347,
0.3127,
0.4480,
0.6716,
0.4082,
0.3375,
0.6240,
0.4101,
0.2452,
0.4262,
