0.4195,
0.4164,
0.2085,
0.4129,
0.5126,
0.3089,
0.3128,
0.3102,
0.4126,
0.3097,
0.1994,
0.4106,
0.2047,
0.4083,
0.4101,
0.5104,
0.4179,
0.4178,
0.5159,
0.5118,
0.3112,
0.3079,
0.4091,
0.3065,
0.2030,
0.3137,
0.5137,
0.4139,
0.3076,
0.2056,
0.5190,
0.5118,
0.5219,
0.4140,
0.3128,
0.2063,
0.4153,
0.5161,
0.4137,
0.4150,
0.4153,
0.5138,
0.2096,
0.4171,
0.2048,
0.5149,
0.3069,
0.5170,
0.3124,
0.3109,
0.5123,
0.4065,
0.5162,
0.4096,
0.2063,
0.2085,
0.3102,
0.4185,
0.4128,
0.3126,
0.2066,
0.3083,
0.5174,
0.4130,
0.2053,
0.5196,
0.2055,
0.4114,
0.2079,
0.2048,
0.4120,
0.4122,
0.4117,
0.5145,
0.5149,
0.3119,
0.3096,
0.4148,
0.5176,
0.3072,
0.4206,
0.4108,
0.4148,
0.5193,
0.2065,
0.5142,
0.3128,
0.3113,
0.5184,
0.4108,
0.3133,
0.3110,
0.4098,
0.4151,
0.2040,
0.3135,
0.5134,
0.4102,
0.3115,
0.5087,
